#
# There is insufficient memory for the Java Runtime Environment to continue.
# Native memory allocation (malloc) failed to allocate 594896 bytes for Chunk::new
# Possible reasons:
#   The system is out of physical RAM or swap space
#   The process is running with CompressedOops enabled, and the Java Heap may be blocking the growth of the native heap
# Possible solutions:
#   Reduce memory load on the system
#   Increase physical memory or swap space
#   Check if swap backing store is full
#   Decrease Java heap size (-Xmx/-Xms)
#   Decrease number of Java threads
#   Decrease Java thread stack sizes (-Xss)
#   Set larger code cache with -XX:ReservedCodeCacheSize=
#   JVM is running with Unscaled Compressed Oops mode in which the Java heap is
#     placed in the first 4GB address space. The Java Heap base address is the
#     maximum limit for the native heap growth. Please use -XX:HeapBaseMinAddress
#     to set the Java Heap base and to place the Java Heap above 4GB virtual address.
# This output file may be truncated or incomplete.
#
#  Out of Memory Error (arena.cpp:184), pid=5272, tid=14820
#
# JRE version: Java(TM) SE Runtime Environment (18.0.1.1+2) (build 18.0.1.1+2-6)
# Java VM: Java HotSpot(TM) 64-Bit Server VM (18.0.1.1+2-6, mixed mode, sharing, tiered, compressed oops, compressed class ptrs, g1 gc, windows-amd64)
# No core dump will be written. Minidumps are not enabled by default on client versions of Windows
#

---------------  S U M M A R Y ------------

Command Line: -javaagent:C:\Program Files\JetBrains\IntelliJ IDEA Community Edition 2023.2.5\lib\idea_rt.jar=62446:C:\Program Files\JetBrains\IntelliJ IDEA Community Edition 2023.2.5\bin -Dfile.encoding=UTF-8 -Dsun.stdout.encoding=UTF-8 -Dsun.stderr.encoding=UTF-8 com.example.StockPicker.StockPickerApplication

Host: AMD Ryzen 3 3250U with Radeon Graphics         , 4 cores, 3G,  Windows 11 , 64 bit Build 22621 (10.0.22621.3672)
Time: Sat Aug  3 16:51:25 2024 Eastern Daylight Time elapsed time: 3634.597121 seconds (0d 1h 0m 34s)

---------------  T H R E A D  ---------------

Current thread (0x0000026be3261a90):  JavaThread "C2 CompilerThread0" daemon [_thread_in_native, id=14820, stack(0x000000c410400000,0x000000c410500000)]


Current CompileTask:
C2:3634599 5491   !   4       java.net.URL::<init> (543 bytes)

Stack: [0x000000c410400000,0x000000c410500000]
Native frames: (J=compiled Java code, j=interpreted, Vv=VM code, C=native code)
V  [jvm.dll+0x69887a]
V  [jvm.dll+0x7f38bd]
V  [jvm.dll+0x7f51ce]
V  [jvm.dll+0x7f5883]
V  [jvm.dll+0x25ca3f]
V  [jvm.dll+0xb8c2f]
V  [jvm.dll+0xb8fa5]
V  [jvm.dll+0x385a6b]
V  [jvm.dll+0x34f811]
V  [jvm.dll+0x34ecaa]
V  [jvm.dll+0x22fc21]
V  [jvm.dll+0x22eff1]
V  [jvm.dll+0x1b9cfc]
V  [jvm.dll+0x23e8ca]
V  [jvm.dll+0x23cbb5]
V  [jvm.dll+0x7a5fb1]
V  [jvm.dll+0x7a03ea]
V  [jvm.dll+0x697725]
C  [ucrtbase.dll+0x29333]
C  [KERNEL32.DLL+0x1257d]
C  [ntdll.dll+0x5af28]


---------------  P R O C E S S  ---------------

Threads class SMR info:
_java_thread_list=0x0000026be7eff950, length=28, elements={
0x0000026bc85883d0, 0x0000026bc858a040, 0x0000026be325e150, 0x0000026be325fb70,
0x0000026be3260420, 0x0000026be3260dc0, 0x0000026be3261a90, 0x0000026be3263390,
0x0000026be3269190, 0x0000026be325c4e0, 0x0000026be7813c00, 0x0000026be78140c0,
0x0000026be94dfb60, 0x0000026be8ae56a0, 0x0000026be8ae5b60, 0x0000026be8e763c0,
0x0000026be8e75080, 0x0000026be8e780a0, 0x0000026be8e76890, 0x0000026be8e78a40,
0x0000026be8e76d60, 0x0000026be8e77700, 0x0000026be8e75550, 0x0000026be8e77bd0,
0x0000026be8e77230, 0x0000026be8e78570, 0x0000026be8e75a20, 0x0000026be8e75ef0
}

Java Threads: ( => current thread )
  0x0000026bc85883d0 JavaThread "Reference Handler" daemon [_thread_blocked, id=16576, stack(0x000000c40fe00000,0x000000c40ff00000)]
  0x0000026bc858a040 JavaThread "Finalizer" daemon [_thread_blocked, id=13664, stack(0x000000c40ff00000,0x000000c410000000)]
  0x0000026be325e150 JavaThread "Signal Dispatcher" daemon [_thread_blocked, id=15272, stack(0x000000c410000000,0x000000c410100000)]
  0x0000026be325fb70 JavaThread "Attach Listener" daemon [_thread_blocked, id=12968, stack(0x000000c410100000,0x000000c410200000)]
  0x0000026be3260420 JavaThread "Service Thread" daemon [_thread_blocked, id=10708, stack(0x000000c410200000,0x000000c410300000)]
  0x0000026be3260dc0 JavaThread "Monitor Deflation Thread" daemon [_thread_blocked, id=17004, stack(0x000000c410300000,0x000000c410400000)]
=>0x0000026be3261a90 JavaThread "C2 CompilerThread0" daemon [_thread_in_native, id=14820, stack(0x000000c410400000,0x000000c410500000)]
  0x0000026be3263390 JavaThread "C1 CompilerThread0" daemon [_thread_blocked, id=20764, stack(0x000000c410500000,0x000000c410600000)]
  0x0000026be3269190 JavaThread "Sweeper thread" daemon [_thread_blocked, id=8440, stack(0x000000c410600000,0x000000c410700000)]
  0x0000026be325c4e0 JavaThread "Common-Cleaner" daemon [_thread_blocked, id=20528, stack(0x000000c410700000,0x000000c410800000)]
  0x0000026be7813c00 JavaThread "Monitor Ctrl-Break" daemon [_thread_in_native, id=11552, stack(0x000000c410800000,0x000000c410900000)]
  0x0000026be78140c0 JavaThread "Notification Thread" daemon [_thread_blocked, id=3012, stack(0x000000c410900000,0x000000c410a00000)]
  0x0000026be94dfb60 JavaThread "Catalina-utility-1" [_thread_blocked, id=15472, stack(0x000000c410e00000,0x000000c410f00000)]
  0x0000026be8ae56a0 JavaThread "Catalina-utility-2" [_thread_blocked, id=20008, stack(0x000000c410f00000,0x000000c411000000)]
  0x0000026be8ae5b60 JavaThread "container-0" [_thread_blocked, id=16292, stack(0x000000c411000000,0x000000c411100000)]
  0x0000026be8e763c0 JavaThread "https-jsse-nio-8443-exec-1" daemon [_thread_blocked, id=21628, stack(0x000000c411100000,0x000000c411200000)]
  0x0000026be8e75080 JavaThread "https-jsse-nio-8443-exec-2" daemon [_thread_blocked, id=20760, stack(0x000000c411200000,0x000000c411300000)]
  0x0000026be8e780a0 JavaThread "https-jsse-nio-8443-exec-3" daemon [_thread_blocked, id=4560, stack(0x000000c411300000,0x000000c411400000)]
  0x0000026be8e76890 JavaThread "https-jsse-nio-8443-exec-4" daemon [_thread_blocked, id=22776, stack(0x000000c411400000,0x000000c411500000)]
  0x0000026be8e78a40 JavaThread "https-jsse-nio-8443-exec-5" daemon [_thread_blocked, id=12788, stack(0x000000c411500000,0x000000c411600000)]
  0x0000026be8e76d60 JavaThread "https-jsse-nio-8443-exec-6" daemon [_thread_blocked, id=13084, stack(0x000000c411600000,0x000000c411700000)]
  0x0000026be8e77700 JavaThread "https-jsse-nio-8443-exec-7" daemon [_thread_blocked, id=19852, stack(0x000000c411700000,0x000000c411800000)]
  0x0000026be8e75550 JavaThread "https-jsse-nio-8443-exec-8" daemon [_thread_blocked, id=15876, stack(0x000000c411800000,0x000000c411900000)]
  0x0000026be8e77bd0 JavaThread "https-jsse-nio-8443-exec-9" daemon [_thread_blocked, id=3048, stack(0x000000c411900000,0x000000c411a00000)]
  0x0000026be8e77230 JavaThread "https-jsse-nio-8443-exec-10" daemon [_thread_in_Java, id=12772, stack(0x000000c411a00000,0x000000c411b00000)]
  0x0000026be8e78570 JavaThread "https-jsse-nio-8443-Poller" daemon [_thread_in_native, id=21376, stack(0x000000c411b00000,0x000000c411c00000)]
  0x0000026be8e75a20 JavaThread "https-jsse-nio-8443-Acceptor" daemon [_thread_in_native, id=6108, stack(0x000000c411c00000,0x000000c411d00000)]
  0x0000026be8e75ef0 JavaThread "DestroyJavaVM" [_thread_blocked, id=19988, stack(0x000000c40f700000,0x000000c40f800000)]

Other Threads:
  0x0000026bc8585a10 VMThread "VM Thread" [stack: 0x000000c40fd00000,0x000000c40fe00000] [id=22476]
  0x0000026be77a2220 WatcherThread "VM Periodic Task Thread" [stack: 0x000000c410a00000,0x000000c410b00000] [id=13776]
  0x0000026bc852ad90 WorkerThread "GC Thread#0" [stack: 0x000000c40f800000,0x000000c40f900000] [id=10980]
  0x0000026be7c456f0 WorkerThread "GC Thread#1" [stack: 0x000000c410b00000,0x000000c410c00000] [id=2584]
  0x0000026be79e3e90 WorkerThread "GC Thread#2" [stack: 0x000000c410c00000,0x000000c410d00000] [id=11504]
  0x0000026be7d336f0 WorkerThread "GC Thread#3" [stack: 0x000000c410d00000,0x000000c410e00000] [id=24332]
  0x0000026bc8532a40 ConcurrentGCThread "G1 Main Marker" [stack: 0x000000c40f900000,0x000000c40fa00000] [id=14904]
  0x0000026bc8534440 WorkerThread "G1 Conc#0" [stack: 0x000000c40fa00000,0x000000c40fb00000] [id=20840]
  0x0000026bc855b4a0 ConcurrentGCThread "G1 Refine#0" [stack: 0x000000c40fb00000,0x000000c40fc00000] [id=21896]
  0x0000026bc855c550 ConcurrentGCThread "G1 Service" [stack: 0x000000c40fc00000,0x000000c40fd00000] [id=21840]

Threads with active compile tasks:
C2 CompilerThread0  3634815 5491   !   4       java.net.URL::<init> (543 bytes)

VM state: not at safepoint (normal execution)

VM Mutex/Monitor currently owned by a thread: None

Heap address: 0x00000000c9400000, size: 876 MB, Compressed Oops mode: 32-bit

CDS archive(s) mapped at: [0x0000000800000000-0x0000000800ba0000-0x0000000800ba0000), size 12189696, SharedBaseAddress: 0x0000000800000000, ArchiveRelocationMode: 0.
Compressed class space mapped at: 0x0000000800c00000-0x0000000840c00000, reserved size: 1073741824
Narrow klass base: 0x0000000800000000, Narrow klass shift: 0, Narrow klass range: 0x100000000

GC Precious Log:
 CardTable entry size: 512
 Card Set container configuration: InlinePtr #cards 5 size 8 Array Of Cards #cards 12 size 40 Howl #buckets 4 coarsen threshold 1843 Howl Bitmap #cards 512 size 80 coarsen threshold 460 Card regions per heap region 1 cards per card region 2048
 CPUs: 4 total, 4 available
 Memory: 3499M
 Large Page Support: Disabled
 NUMA Support: Disabled
 Compressed Oops: Enabled (32-bit)
 Heap Region Size: 1M
 Heap Min Capacity: 8M
 Heap Initial Capacity: 56M
 Heap Max Capacity: 876M
 Pre-touch: Disabled
 Parallel Workers: 4
 Concurrent Workers: 1
 Concurrent Refinement Workers: 4
 Periodic GC: Disabled

Heap:
 garbage-first heap   total 45056K, used 24573K [0x00000000c9400000, 0x0000000100000000)
  region size 1024K, 10 young (10240K), 1 survivors (1024K)
 Metaspace       used 38401K, committed 38912K, reserved 1114112K
  class space    used 4598K, committed 4864K, reserved 1048576K

Heap Regions: E=young(eden), S=young(survivor), O=old, HS=humongous(starts), HC=humongous(continues), CS=collection set, F=free, OA=open archive, CA=closed archive, TAMS=top-at-mark-start (previous, next)
|   0|0x00000000c9400000, 0x00000000c9500000, 0x00000000c9500000|100%| O|  |TAMS 0x00000000c9500000, 0x00000000c9400000| Untracked 
|   1|0x00000000c9500000, 0x00000000c9600000, 0x00000000c9600000|100%| O|  |TAMS 0x00000000c9600000, 0x00000000c9500000| Untracked 
|   2|0x00000000c9600000, 0x00000000c9700000, 0x00000000c9700000|100%| O|  |TAMS 0x00000000c9700000, 0x00000000c9600000| Untracked 
|   3|0x00000000c9700000, 0x00000000c9800000, 0x00000000c9800000|100%| O|  |TAMS 0x00000000c9800000, 0x00000000c9700000| Untracked 
|   4|0x00000000c9800000, 0x00000000c9900000, 0x00000000c9900000|100%| O|  |TAMS 0x00000000c9900000, 0x00000000c9800000| Untracked 
|   5|0x00000000c9900000, 0x00000000c9a00000, 0x00000000c9a00000|100%| O|  |TAMS 0x00000000c9a00000, 0x00000000c9900000| Untracked 
|   6|0x00000000c9a00000, 0x00000000c9b00000, 0x00000000c9b00000|100%| O|  |TAMS 0x00000000c9b00000, 0x00000000c9a00000| Untracked 
|   7|0x00000000c9b00000, 0x00000000c9c00000, 0x00000000c9c00000|100%| O|  |TAMS 0x00000000c9c00000, 0x00000000c9b00000| Untracked 
|   8|0x00000000c9c00000, 0x00000000c9d00000, 0x00000000c9d00000|100%| O|  |TAMS 0x00000000c9d00000, 0x00000000c9c00000| Untracked 
|   9|0x00000000c9d00000, 0x00000000c9e00000, 0x00000000c9e00000|100%| O|  |TAMS 0x00000000c9e00000, 0x00000000c9d00000| Untracked 
|  10|0x00000000c9e00000, 0x00000000c9f00000, 0x00000000c9f00000|100%| O|  |TAMS 0x00000000c9f00000, 0x00000000c9e00000| Untracked 
|  11|0x00000000c9f00000, 0x00000000ca000000, 0x00000000ca000000|100%| O|  |TAMS 0x00000000ca000000, 0x00000000c9f00000| Untracked 
|  12|0x00000000ca000000, 0x00000000ca100000, 0x00000000ca100000|100%| O|  |TAMS 0x00000000ca100000, 0x00000000ca000000| Untracked 
|  13|0x00000000ca100000, 0x00000000ca200000, 0x00000000ca200000|100%| O|  |TAMS 0x00000000ca200000, 0x00000000ca100000| Untracked 
|  14|0x00000000ca200000, 0x00000000ca200000, 0x00000000ca300000|  0%| F|  |TAMS 0x00000000ca200000, 0x00000000ca200000| Untracked 
|  15|0x00000000ca300000, 0x00000000ca400000, 0x00000000ca400000|100%| O|  |TAMS 0x00000000ca338800, 0x00000000ca300000| Untracked 
|  16|0x00000000ca400000, 0x00000000ca500000, 0x00000000ca500000|100%| O|  |TAMS 0x00000000ca400000, 0x00000000ca400000| Untracked 
|  17|0x00000000ca500000, 0x00000000ca5b2000, 0x00000000ca600000| 69%| O|  |TAMS 0x00000000ca500000, 0x00000000ca500000| Untracked 
|  18|0x00000000ca600000, 0x00000000ca600000, 0x00000000ca700000|  0%| F|  |TAMS 0x00000000ca600000, 0x00000000ca600000| Untracked 
|  19|0x00000000ca700000, 0x00000000ca700000, 0x00000000ca800000|  0%| F|  |TAMS 0x00000000ca700000, 0x00000000ca700000| Untracked 
|  20|0x00000000ca800000, 0x00000000ca800000, 0x00000000ca900000|  0%| F|  |TAMS 0x00000000ca800000, 0x00000000ca800000| Untracked 
|  21|0x00000000ca900000, 0x00000000ca900000, 0x00000000caa00000|  0%| F|  |TAMS 0x00000000ca900000, 0x00000000ca900000| Untracked 
|  22|0x00000000caa00000, 0x00000000caa00000, 0x00000000cab00000|  0%| F|  |TAMS 0x00000000caa00000, 0x00000000caa00000| Untracked 
|  23|0x00000000cab00000, 0x00000000cab00000, 0x00000000cac00000|  0%| F|  |TAMS 0x00000000cab00000, 0x00000000cab00000| Untracked 
|  24|0x00000000cac00000, 0x00000000cac00000, 0x00000000cad00000|  0%| F|  |TAMS 0x00000000cac00000, 0x00000000cac00000| Untracked 
|  25|0x00000000cad00000, 0x00000000cad00000, 0x00000000cae00000|  0%| F|  |TAMS 0x00000000cad00000, 0x00000000cad00000| Untracked 
|  26|0x00000000cae00000, 0x00000000cae00000, 0x00000000caf00000|  0%| F|  |TAMS 0x00000000cae00000, 0x00000000cae00000| Untracked 
|  27|0x00000000caf00000, 0x00000000caf00000, 0x00000000cb000000|  0%| F|  |TAMS 0x00000000caf00000, 0x00000000caf00000| Untracked 
|  28|0x00000000cb000000, 0x00000000cb000000, 0x00000000cb100000|  0%| F|  |TAMS 0x00000000cb000000, 0x00000000cb000000| Untracked 
|  29|0x00000000cb100000, 0x00000000cb100000, 0x00000000cb200000|  0%| F|  |TAMS 0x00000000cb100000, 0x00000000cb100000| Untracked 
|  30|0x00000000cb200000, 0x00000000cb200000, 0x00000000cb300000|  0%| F|  |TAMS 0x00000000cb200000, 0x00000000cb200000| Untracked 
|  31|0x00000000cb300000, 0x00000000cb300000, 0x00000000cb400000|  0%| F|  |TAMS 0x00000000cb300000, 0x00000000cb300000| Untracked 
|  32|0x00000000cb400000, 0x00000000cb400000, 0x00000000cb500000|  0%| F|  |TAMS 0x00000000cb400000, 0x00000000cb400000| Untracked 
|  33|0x00000000cb500000, 0x00000000cb500000, 0x00000000cb600000|  0%| F|  |TAMS 0x00000000cb500000, 0x00000000cb500000| Untracked 
|  34|0x00000000cb600000, 0x00000000cb6fafd0, 0x00000000cb700000| 98%| E|  |TAMS 0x00000000cb600000, 0x00000000cb600000| Complete 
|  35|0x00000000cb700000, 0x00000000cb800000, 0x00000000cb800000|100%| E|  |TAMS 0x00000000cb700000, 0x00000000cb700000| Complete 
|  36|0x00000000cb800000, 0x00000000cb900000, 0x00000000cb900000|100%| E|CS|TAMS 0x00000000cb800000, 0x00000000cb800000| Complete 
|  37|0x00000000cb900000, 0x00000000cba00000, 0x00000000cba00000|100%| E|CS|TAMS 0x00000000cb900000, 0x00000000cb900000| Complete 
|  38|0x00000000cba00000, 0x00000000cbb00000, 0x00000000cbb00000|100%| E|CS|TAMS 0x00000000cba00000, 0x00000000cba00000| Complete 
|  39|0x00000000cbb00000, 0x00000000cbc00000, 0x00000000cbc00000|100%| E|CS|TAMS 0x00000000cbb00000, 0x00000000cbb00000| Complete 
|  40|0x00000000cbc00000, 0x00000000cbd00000, 0x00000000cbd00000|100%| E|CS|TAMS 0x00000000cbc00000, 0x00000000cbc00000| Complete 
|  41|0x00000000cbd00000, 0x00000000cbe00000, 0x00000000cbe00000|100%| E|CS|TAMS 0x00000000cbd00000, 0x00000000cbd00000| Complete 
|  42|0x00000000cbe00000, 0x00000000cbe4d5c0, 0x00000000cbf00000| 30%| S|CS|TAMS 0x00000000cbe00000, 0x00000000cbe00000| Complete 
|  55|0x00000000ccb00000, 0x00000000ccc00000, 0x00000000ccc00000|100%| E|CS|TAMS 0x00000000ccb00000, 0x00000000ccb00000| Complete 

Card table byte_map: [0x0000026bdee10000,0x0000026bdefd0000] _byte_map_base: 0x0000026bde7c6000

Marking Bits (Prev, Next): (CMBitMap*) 0x0000026bc852b390, (CMBitMap*) 0x0000026bc852b3d0
 Prev Bits: [0x0000026bdf190000, 0x0000026bdff40000)
 Next Bits: [0x0000026bdff40000, 0x0000026be0cf0000)

Polling page: 0x0000026bc6440000

Metaspace:

Usage:
  Non-class:     33.01 MB used.
      Class:      4.49 MB used.
       Both:     37.50 MB used.

Virtual space:
  Non-class space:       64.00 MB reserved,      33.25 MB ( 52%) committed,  1 nodes.
      Class space:        1.00 GB reserved,       4.75 MB ( <1%) committed,  1 nodes.
             Both:        1.06 GB reserved,      38.00 MB (  3%) committed. 

Chunk freelists:
   Non-Class:  2.29 MB
       Class:  3.12 MB
        Both:  5.41 MB

MaxMetaspaceSize: unlimited
CompressedClassSpaceSize: 1.00 GB
Initial GC threshold: 21.00 MB
Current GC threshold: 59.19 MB
CDS: on
MetaspaceReclaimPolicy: balanced
 - commit_granule_bytes: 65536.
 - commit_granule_words: 8192.
 - virtual_space_node_default_size: 8388608.
 - enlarge_chunks_in_place: 1.
 - new_chunks_are_fully_committed: 0.
 - uncommit_free_chunks: 1.
 - use_allocation_guard: 0.


Internal statistics:

num_allocs_failed_limit: 6.
num_arena_births: 848.
num_arena_deaths: 300.
num_vsnodes_births: 2.
num_vsnodes_deaths: 0.
num_space_committed: 608.
num_space_uncommitted: 0.
num_chunks_returned_to_freelist: 328.
num_chunks_taken_from_freelist: 2182.
num_chunk_merges: 103.
num_chunk_splits: 1345.
num_chunks_enlarged: 994.
num_inconsistent_stats: 0.

CodeHeap 'non-profiled nmethods': size=120000Kb used=2579Kb max_used=2579Kb free=117420Kb
 bounds [0x0000026bd78e0000, 0x0000026bd7b70000, 0x0000026bdee10000]
CodeHeap 'profiled nmethods': size=120000Kb used=10799Kb max_used=10799Kb free=109200Kb
 bounds [0x0000026bd03b0000, 0x0000026bd0e40000, 0x0000026bd78e0000]
CodeHeap 'non-nmethods': size=5760Kb used=1300Kb max_used=1329Kb free=4459Kb
 bounds [0x0000026bcfe10000, 0x0000026bd0080000, 0x0000026bd03b0000]
 total_blobs=5954 nmethods=5346 adapters=520
 compilation: enabled
              stopped_count=0, restarted_count=0
 full_count=0

Compilation events (20 events):
Event: 3633.434 Thread 0x0000026be3263390 nmethod 5480 0x0000026bd0e38a90 code [0x0000026bd0e38c40, 0x0000026bd0e38e58]
Event: 3633.442 Thread 0x0000026be3263390 5481       3       org.apache.tomcat.util.http.parser.HttpParser::skipLws (53 bytes)
Event: 3633.443 Thread 0x0000026be3263390 nmethod 5481 0x0000026bd0e38f10 code [0x0000026bd0e39100, 0x0000026bd0e39728]
Event: 3633.443 Thread 0x0000026be3263390 5482   !   3       org.apache.tomcat.util.http.parser.HttpParser::isAbsolutePathRelaxed (10 bytes)
Event: 3633.443 Thread 0x0000026be3263390 nmethod 5482 0x0000026bd0e39890 code [0x0000026bd0e39a20, 0x0000026bd0e39b98]
Event: 3633.643 Thread 0x0000026be3263390 5483       3       java.util.TreeMap$KeyIterator::next (8 bytes)
Event: 3633.645 Thread 0x0000026be3263390 nmethod 5483 0x0000026bd0e39d10 code [0x0000026bd0e39ec0, 0x0000026bd0e3a008]
Event: 3633.705 Thread 0x0000026be3263390 5485       3       java.lang.invoke.DirectMethodHandle::getFunction (53 bytes)
Event: 3633.706 Thread 0x0000026be3263390 nmethod 5485 0x0000026bd0e3a110 code [0x0000026bd0e3a2e0, 0x0000026bd0e3a648]
Event: 3634.132 Thread 0x0000026be3263390 5486       3       org.apache.catalina.connector.RequestFacade::getHeaders (35 bytes)
Event: 3634.135 Thread 0x0000026be3263390 nmethod 5486 0x0000026bd0e3a790 code [0x0000026bd0e3a980, 0x0000026bd0e3ade8]
Event: 3634.135 Thread 0x0000026be3263390 5488       3       org.apache.catalina.connector.ResponseFacade::checkFacade (24 bytes)
Event: 3634.136 Thread 0x0000026be3263390 nmethod 5488 0x0000026bd0e3b010 code [0x0000026bd0e3b1c0, 0x0000026bd0e3b418]
Event: 3634.136 Thread 0x0000026be3263390 5487       1       org.springframework.web.context.request.ServletRequestAttributes::getRequest (5 bytes)
Event: 3634.136 Thread 0x0000026be3263390 nmethod 5487 0x0000026bd7b64710 code [0x0000026bd7b648a0, 0x0000026bd7b64978]
Event: 3634.188 Thread 0x0000026be3263390 5489       3       java.lang.ClassLoader::getResource (41 bytes)
Event: 3634.192 Thread 0x0000026be3263390 nmethod 5489 0x0000026bd0e3b510 code [0x0000026bd0e3b700, 0x0000026bd0e3bd18]
Event: 3634.205 Thread 0x0000026be3261a90 5490       4       java.util.concurrent.ConcurrentHashMap::sumCount (60 bytes)
Event: 3634.208 Thread 0x0000026be3261a90 nmethod 5490 0x0000026bd7b64a10 code [0x0000026bd7b64b80, 0x0000026bd7b64c18]
Event: 3634.208 Thread 0x0000026be3261a90 5491   !   4       java.net.URL::<init> (543 bytes)

GC Heap History (20 events):
Event: 3.745 GC heap before
{Heap before GC invocations=2 (full 0):
 garbage-first heap   total 57344K, used 25142K [0x00000000c9400000, 0x0000000100000000)
  region size 1024K, 21 young (21504K), 2 survivors (2048K)
 Metaspace       used 12871K, committed 13184K, reserved 1114112K
  class space    used 1522K, committed 1664K, reserved 1048576K
}
Event: 3.750 GC heap after
{Heap after GC invocations=3 (full 0):
 garbage-first heap   total 57344K, used 7143K [0x00000000c9400000, 0x0000000100000000)
  region size 1024K, 3 young (3072K), 3 survivors (3072K)
 Metaspace       used 12871K, committed 13184K, reserved 1114112K
  class space    used 1522K, committed 1664K, reserved 1048576K
}
Event: 4.988 GC heap before
{Heap before GC invocations=3 (full 0):
 garbage-first heap   total 57344K, used 35815K [0x00000000c9400000, 0x0000000100000000)
  region size 1024K, 31 young (31744K), 3 survivors (3072K)
 Metaspace       used 18075K, committed 18368K, reserved 1114112K
  class space    used 2165K, committed 2304K, reserved 1048576K
}
Event: 4.999 GC heap after
{Heap after GC invocations=4 (full 0):
 garbage-first heap   total 57344K, used 9614K [0x00000000c9400000, 0x0000000100000000)
  region size 1024K, 4 young (4096K), 4 survivors (4096K)
 Metaspace       used 18075K, committed 18368K, reserved 1114112K
  class space    used 2165K, committed 2304K, reserved 1048576K
}
Event: 5.838 GC heap before
{Heap before GC invocations=4 (full 0):
 garbage-first heap   total 57344K, used 23950K [0x00000000c9400000, 0x0000000100000000)
  region size 1024K, 19 young (19456K), 4 survivors (4096K)
 Metaspace       used 21146K, committed 21504K, reserved 1114112K
  class space    used 2555K, committed 2752K, reserved 1048576K
}
Event: 5.854 GC heap after
{Heap after GC invocations=5 (full 0):
 garbage-first heap   total 57344K, used 11163K [0x00000000c9400000, 0x0000000100000000)
  region size 1024K, 2 young (2048K), 2 survivors (2048K)
 Metaspace       used 21146K, committed 21504K, reserved 1114112K
  class space    used 2555K, committed 2752K, reserved 1048576K
}
Event: 8.186 GC heap before
{Heap before GC invocations=6 (full 0):
 garbage-first heap   total 45056K, used 35739K [0x00000000c9400000, 0x0000000100000000)
  region size 1024K, 26 young (26624K), 2 survivors (2048K)
 Metaspace       used 27460K, committed 27968K, reserved 1114112K
  class space    used 3350K, committed 3584K, reserved 1048576K
}
Event: 8.197 GC heap after
{Heap after GC invocations=7 (full 0):
 garbage-first heap   total 45056K, used 13330K [0x00000000c9400000, 0x0000000100000000)
  region size 1024K, 4 young (4096K), 4 survivors (4096K)
 Metaspace       used 27460K, committed 27968K, reserved 1114112K
  class space    used 3350K, committed 3584K, reserved 1048576K
}
Event: 8.260 GC heap before
{Heap before GC invocations=7 (full 0):
 garbage-first heap   total 45056K, used 14354K [0x00000000c9400000, 0x0000000100000000)
  region size 1024K, 5 young (5120K), 4 survivors (4096K)
 Metaspace       used 27597K, committed 28160K, reserved 1114112K
  class space    used 3376K, committed 3648K, reserved 1048576K
}
Event: 8.272 GC heap after
{Heap after GC invocations=8 (full 0):
 garbage-first heap   total 45056K, used 13592K [0x00000000c9400000, 0x0000000100000000)
  region size 1024K, 1 young (1024K), 1 survivors (1024K)
 Metaspace       used 27597K, committed 28160K, reserved 1114112K
  class space    used 3376K, committed 3648K, reserved 1048576K
}
Event: 9.336 GC heap before
{Heap before GC invocations=8 (full 0):
 garbage-first heap   total 45056K, used 31000K [0x00000000c9400000, 0x0000000100000000)
  region size 1024K, 19 young (19456K), 1 survivors (1024K)
 Metaspace       used 31589K, committed 32128K, reserved 1114112K
  class space    used 3841K, committed 4096K, reserved 1048576K
}
Event: 9.341 GC heap after
{Heap after GC invocations=9 (full 0):
 garbage-first heap   total 45056K, used 15650K [0x00000000c9400000, 0x0000000100000000)
  region size 1024K, 3 young (3072K), 3 survivors (3072K)
 Metaspace       used 31589K, committed 32128K, reserved 1114112K
  class space    used 3841K, committed 4096K, reserved 1048576K
}
Event: 3373.469 GC heap before
{Heap before GC invocations=9 (full 0):
 garbage-first heap   total 45056K, used 31010K [0x00000000c9400000, 0x0000000100000000)
  region size 1024K, 19 young (19456K), 3 survivors (3072K)
 Metaspace       used 35441K, committed 35968K, reserved 1114112K
  class space    used 4327K, committed 4608K, reserved 1048576K
}
Event: 3373.512 GC heap after
{Heap after GC invocations=10 (full 0):
 garbage-first heap   total 45056K, used 16922K [0x00000000c9400000, 0x0000000100000000)
  region size 1024K, 2 young (2048K), 2 survivors (2048K)
 Metaspace       used 35441K, committed 35968K, reserved 1114112K
  class space    used 4327K, committed 4608K, reserved 1048576K
}
Event: 3373.582 GC heap before
{Heap before GC invocations=10 (full 0):
 garbage-first heap   total 45056K, used 16922K [0x00000000c9400000, 0x0000000100000000)
  region size 1024K, 3 young (3072K), 2 survivors (2048K)
 Metaspace       used 35584K, committed 36096K, reserved 1114112K
  class space    used 4341K, committed 4608K, reserved 1048576K
}
Event: 3373.594 GC heap after
{Heap after GC invocations=11 (full 0):
 garbage-first heap   total 45056K, used 16776K [0x00000000c9400000, 0x0000000100000000)
  region size 1024K, 2 young (2048K), 2 survivors (2048K)
 Metaspace       used 35584K, committed 36096K, reserved 1114112K
  class space    used 4341K, committed 4608K, reserved 1048576K
}
Event: 3545.706 GC heap before
{Heap before GC invocations=12 (full 0):
 garbage-first heap   total 45056K, used 32136K [0x00000000c9400000, 0x0000000100000000)
  region size 1024K, 18 young (18432K), 2 survivors (2048K)
 Metaspace       used 38198K, committed 38656K, reserved 1114112K
  class space    used 4584K, committed 4800K, reserved 1048576K
}
Event: 3546.003 GC heap after
{Heap after GC invocations=13 (full 0):
 garbage-first heap   total 45056K, used 17737K [0x00000000c9400000, 0x0000000100000000)
  region size 1024K, 3 young (3072K), 3 survivors (3072K)
 Metaspace       used 38198K, committed 38656K, reserved 1114112K
  class space    used 4584K, committed 4800K, reserved 1048576K
}
Event: 3548.942 GC heap before
{Heap before GC invocations=13 (full 0):
 garbage-first heap   total 45056K, used 18761K [0x00000000c9400000, 0x0000000100000000)
  region size 1024K, 4 young (4096K), 3 survivors (3072K)
 Metaspace       used 38217K, committed 38656K, reserved 1114112K
  class space    used 4585K, committed 4800K, reserved 1048576K
}
Event: 3548.998 GC heap after
{Heap after GC invocations=14 (full 0):
 garbage-first heap   total 45056K, used 17405K [0x00000000c9400000, 0x0000000100000000)
  region size 1024K, 1 young (1024K), 1 survivors (1024K)
 Metaspace       used 38217K, committed 38656K, reserved 1114112K
  class space    used 4585K, committed 4800K, reserved 1048576K
}

Deoptimization events (20 events):
Event: 3433.486 Thread 0x0000026be8e75550 DEOPT PACKING pc=0x0000026bd7b3a410 sp=0x000000c4118fe5d0
Event: 3433.486 Thread 0x0000026be8e75550 DEOPT UNPACKING pc=0x0000026bcfe623a3 sp=0x000000c4118fe570 mode 2
Event: 3433.758 Thread 0x0000026be8e77bd0 DEOPT PACKING pc=0x0000026bd0d495c2 sp=0x000000c4119fc5f0
Event: 3433.758 Thread 0x0000026be8e77bd0 DEOPT UNPACKING pc=0x0000026bcfe62b43 sp=0x000000c4119fbae0 mode 0
Event: 3550.622 Thread 0x0000026be8e77bd0 Uncommon trap: trap_request=0xffffff45 fr.pc=0x0000026bd7ab223c relative=0x000000000000019c
Event: 3550.623 Thread 0x0000026be8e77bd0 Uncommon trap: reason=unstable_if action=reinterpret pc=0x0000026bd7ab223c method=java.util.concurrent.locks.ReentrantReadWriteLock$Sync.tryAcquireShared(I)I @ 60 c2
Event: 3550.624 Thread 0x0000026be8e77bd0 DEOPT PACKING pc=0x0000026bd7ab223c sp=0x000000c4119fdc30
Event: 3550.625 Thread 0x0000026be8e77bd0 DEOPT UNPACKING pc=0x0000026bcfe623a3 sp=0x000000c4119fdb78 mode 2
Event: 3606.687 Thread 0x0000026be8ae56a0 Uncommon trap: trap_request=0xffffff76 fr.pc=0x0000026bd7b56834 relative=0x0000000000000214
Event: 3606.906 Thread 0x0000026be8ae56a0 Uncommon trap: reason=predicate action=maybe_recompile pc=0x0000026bd7b56834 method=java.util.HashMap.valuesToArray([Ljava/lang/Object;)[Ljava/lang/Object; @ 48 c2
Event: 3606.971 Thread 0x0000026be8ae56a0 DEOPT PACKING pc=0x0000026bd7b56834 sp=0x000000c410ffed50
Event: 3607.042 Thread 0x0000026be8ae56a0 DEOPT UNPACKING pc=0x0000026bcfe623a3 sp=0x000000c410ffece8 mode 2
Event: 3617.794 Thread 0x0000026be8e77700 Uncommon trap: trap_request=0xffffffd6 fr.pc=0x0000026bd7a7194c relative=0x000000000000070c
Event: 3617.794 Thread 0x0000026be8e77700 Uncommon trap: reason=array_check action=maybe_recompile pc=0x0000026bd7a7194c method=java.util.AbstractCollection.toArray([Ljava/lang/Object;)[Ljava/lang/Object; @ 116 c2
Event: 3617.794 Thread 0x0000026be8e77700 DEOPT PACKING pc=0x0000026bd7a7194c sp=0x000000c4117fcec0
Event: 3617.798 Thread 0x0000026be8e77700 DEOPT UNPACKING pc=0x0000026bcfe623a3 sp=0x000000c4117fce70 mode 2
Event: 3621.443 Thread 0x0000026be8e77700 Uncommon trap: trap_request=0xffffffd6 fr.pc=0x0000026bd7a7194c relative=0x000000000000070c
Event: 3621.443 Thread 0x0000026be8e77700 Uncommon trap: reason=array_check action=maybe_recompile pc=0x0000026bd7a7194c method=java.util.AbstractCollection.toArray([Ljava/lang/Object;)[Ljava/lang/Object; @ 116 c2
Event: 3621.443 Thread 0x0000026be8e77700 DEOPT PACKING pc=0x0000026bd7a7194c sp=0x000000c4117fcec0
Event: 3621.444 Thread 0x0000026be8e77700 DEOPT UNPACKING pc=0x0000026bcfe623a3 sp=0x000000c4117fce70 mode 2

Classes loaded (20 events):
Event: 3416.818 Loading class java/util/stream/ReferencePipeline$4
Event: 3416.818 Loading class java/util/stream/ReferencePipeline$4 done
Event: 3416.818 Loading class java/util/function/IntBinaryOperator
Event: 3416.819 Loading class java/util/function/IntBinaryOperator done
Event: 3416.819 Loading class java/util/stream/ReduceOps$7
Event: 3416.820 Loading class java/util/stream/ReduceOps$7 done
Event: 3416.820 Loading class java/util/stream/ReduceOps$6ReducingSink
Event: 3416.821 Loading class java/util/stream/ReduceOps$6ReducingSink done
Event: 3416.821 Loading class java/util/stream/ReferencePipeline$4$1
Event: 3416.821 Loading class java/util/stream/ReferencePipeline$4$1 done
Event: 3416.867 Loading class java/io/ObjectOutputStream
Event: 3416.868 Loading class java/io/ObjectOutput
Event: 3416.869 Loading class java/io/ObjectOutput done
Event: 3416.869 Loading class java/io/ObjectOutputStream done
Event: 3546.072 Loading class sun/net/www/http/ChunkedInputStream
Event: 3546.460 Loading class sun/net/www/http/ChunkedInputStream done
Event: 3550.625 Loading class java/util/concurrent/locks/ReentrantReadWriteLock$Sync$HoldCounter
Event: 3550.635 Loading class java/util/concurrent/locks/ReentrantReadWriteLock$Sync$HoldCounter done
Event: 3633.775 Loading class java/util/ArrayList$SubList$2
Event: 3633.865 Loading class java/util/ArrayList$SubList$2 done

Classes unloaded (20 events):
Event: 3373.686 Thread 0x0000026bc8585a10 Unloading class 0x0000000800c85000 'java/lang/invoke/LambdaForm$MH+0x0000000800c85000'
Event: 3373.686 Thread 0x0000026bc8585a10 Unloading class 0x0000000800c84c00 'java/lang/invoke/LambdaForm$MH+0x0000000800c84c00'
Event: 3373.686 Thread 0x0000026bc8585a10 Unloading class 0x0000000800c84400 'java/lang/invoke/LambdaForm$MH+0x0000000800c84400'
Event: 3373.686 Thread 0x0000026bc8585a10 Unloading class 0x0000000800c18c00 'java/lang/invoke/LambdaForm$MH+0x0000000800c18c00'
Event: 3373.686 Thread 0x0000026bc8585a10 Unloading class 0x0000000800c18800 'java/lang/invoke/LambdaForm$MH+0x0000000800c18800'
Event: 3373.686 Thread 0x0000026bc8585a10 Unloading class 0x0000000800c18000 'java/lang/invoke/LambdaForm$MH+0x0000000800c18000'
Event: 3373.686 Thread 0x0000026bc8585a10 Unloading class 0x0000000800c17c00 'java/lang/invoke/LambdaForm$MH+0x0000000800c17c00'
Event: 3373.686 Thread 0x0000026bc8585a10 Unloading class 0x0000000800c16c00 'java/lang/invoke/LambdaForm$MH+0x0000000800c16c00'
Event: 3373.686 Thread 0x0000026bc8585a10 Unloading class 0x0000000800c16400 'java/lang/invoke/LambdaForm$MH+0x0000000800c16400'
Event: 3373.686 Thread 0x0000026bc8585a10 Unloading class 0x0000000800c16000 'java/lang/invoke/LambdaForm$MH+0x0000000800c16000'
Event: 3373.686 Thread 0x0000026bc8585a10 Unloading class 0x0000000800c15c00 'java/lang/invoke/LambdaForm$MH+0x0000000800c15c00'
Event: 3373.686 Thread 0x0000026bc8585a10 Unloading class 0x0000000800c15800 'java/lang/invoke/LambdaForm$MH+0x0000000800c15800'
Event: 3373.686 Thread 0x0000026bc8585a10 Unloading class 0x0000000800c15400 'java/lang/invoke/LambdaForm$MH+0x0000000800c15400'
Event: 3373.686 Thread 0x0000026bc8585a10 Unloading class 0x0000000800c14c00 'java/lang/invoke/LambdaForm$MH+0x0000000800c14c00'
Event: 3373.686 Thread 0x0000026bc8585a10 Unloading class 0x0000000800c14400 'java/lang/invoke/LambdaForm$MH+0x0000000800c14400'
Event: 3373.686 Thread 0x0000026bc8585a10 Unloading class 0x0000000800c14000 'java/lang/invoke/LambdaForm$MH+0x0000000800c14000'
Event: 3373.686 Thread 0x0000026bc8585a10 Unloading class 0x0000000800c02400 'java/lang/invoke/LambdaForm$MH+0x0000000800c02400'
Event: 3373.686 Thread 0x0000026bc8585a10 Unloading class 0x0000000800c02000 'java/lang/invoke/LambdaForm$MH+0x0000000800c02000'
Event: 3373.686 Thread 0x0000026bc8585a10 Unloading class 0x0000000800c01c00 'java/lang/invoke/LambdaForm$MH+0x0000000800c01c00'
Event: 3373.686 Thread 0x0000026bc8585a10 Unloading class 0x0000000800c01400 'java/lang/invoke/LambdaForm$MH+0x0000000800c01400'

Classes redefined (0 events):
No events

Internal exceptions (20 events):
Event: 7.970 Thread 0x0000026bc84ede90 Exception <a 'java/lang/NoSuchMethodError'{0x00000000ca7db188}: 'java.lang.Object java.lang.invoke.DirectMethodHandle$Holder.newInvokeSpecial(java.lang.Object, java.lang.Object, java.lang.Object, java.lang.Object, java.lang.Object, java.lang.Object, java.lang.Object, java.lang.Object)'> (0x00000000ca7db188) 
thrown [s\open\src\hotspot\share\interpreter\linkResolver.cpp, line 766]
Event: 8.456 Thread 0x0000026bc84ede90 Exception <a 'sun/nio/fs/WindowsException'{0x00000000cbb751f8}> (0x00000000cbb751f8) 
thrown [s\open\src\hotspot\share\prims\jni.cpp, line 516]
Event: 8.519 Thread 0x0000026bc84ede90 Exception <a 'java/lang/IncompatibleClassChangeError'{0x00000000cbafde40}: Found class java.lang.Object, but interface was expected> (0x00000000cbafde40) 
thrown [s\open\src\hotspot\share\interpreter\linkResolver.cpp, line 833]
Event: 8.585 Thread 0x0000026bc84ede90 Exception <a 'java/lang/NoSuchMethodError'{0x00000000cb8196d0}: 'void java.lang.invoke.DirectMethodHandle$Holder.invokeVirtual(java.lang.Object, java.lang.Object, long)'> (0x00000000cb8196d0) 
thrown [s\open\src\hotspot\share\interpreter\linkResolver.cpp, line 766]
Event: 8.728 Thread 0x0000026bc84ede90 Exception <a 'java/lang/NoSuchMethodError'{0x00000000cb6dc598}: 'int java.lang.invoke.DirectMethodHandle$Holder.invokeStaticInit(java.lang.Object, java.lang.Object, java.lang.Object, java.lang.Object)'> (0x00000000cb6dc598) 
thrown [s\open\src\hotspot\share\interpreter\linkResolver.cpp, line 766]
Event: 8.816 Thread 0x0000026bc84ede90 Exception <a 'java/lang/NoSuchMethodError'{0x00000000cb493d10}: 'java.lang.Object java.lang.invoke.DirectMethodHandle$Holder.newInvokeSpecial(java.lang.Object, java.lang.Object, int, java.lang.Object, java.lang.Object)'> (0x00000000cb493d10) 
thrown [s\open\src\hotspot\share\interpreter\linkResolver.cpp, line 766]
Event: 9.203 Thread 0x0000026bc84ede90 Exception <a 'java/lang/NoSuchMethodError'{0x00000000cade18a0}: 'java.lang.Object java.lang.invoke.DirectMethodHandle$Holder.newInvokeSpecial(java.lang.Object, java.lang.Object, java.lang.Object, java.lang.Object, java.lang.Object, java.lang.Object, java.lang.Object, int)'> (0x00000000cade18a0) 
thrown [s\open\src\hotspot\share\interpreter\linkResolver.cpp, line 766]
Event: 9.204 Thread 0x0000026bc84ede90 Exception <a 'java/lang/NoSuchMethodError'{0x00000000cade68a0}: 'java.lang.Object java.lang.invoke.DirectMethodHandle$Holder.invokeSpecial(java.lang.Object, java.lang.Object, java.lang.Object, java.lang.Object, java.lang.Object, java.lang.Object, java.lang.Object, java.lang.Object, int)'> (0x00000000cade68a0) 
thrown [s\open\src\hotspot\share\interpreter\linkResolver.cpp, line 766]
Event: 9.204 Thread 0x0000026bc84ede90 Exception <a 'java/lang/NoSuchMethodError'{0x00000000cadeb368}: 'java.lang.Object java.lang.invoke.Invokers$Holder.linkToTargetMethod(java.lang.Object, java.lang.Object, java.lang.Object, java.lang.Object, java.lang.Object, java.lang.Object, int, java.lang.Object)'> (0x00000000cadeb368) 
thrown [s\open\src\hotspot\share\interpreter\linkResolver.cpp, line 766]
Event: 3371.691 Thread 0x0000026be8e76890 Implicit null exception at 0x0000026bd7a85c34 to 0x0000026bd7a86448
Event: 3372.484 Thread 0x0000026be8e77bd0 Exception <a 'java/lang/NoSuchMethodError'{0x00000000cb5e7970}: 'java.lang.Object java.lang.invoke.DirectMethodHandle$Holder.invokeSpecial(java.lang.Object, java.lang.Object, java.lang.Object, java.lang.Object, java.lang.Object, long)'> (0x00000000cb5e7970) 
thrown [s\open\src\hotspot\share\interpreter\linkResolver.cpp, line 766]
Event: 3372.486 Thread 0x0000026be8e77bd0 Exception <a 'java/lang/NoSuchMethodError'{0x00000000cb5eb3b8}: 'java.lang.Object java.lang.invoke.Invokers$Holder.linkToTargetMethod(java.lang.Object, java.lang.Object, java.lang.Object, long, java.lang.Object)'> (0x00000000cb5eb3b8) 
thrown [s\open\src\hotspot\share\interpreter\linkResolver.cpp, line 766]
Event: 3374.003 Thread 0x0000026be8e763c0 Implicit null exception at 0x0000026bd7a56d63 to 0x0000026bd7a56e28
Event: 3396.543 Thread 0x0000026be8e77bd0 Implicit null exception at 0x0000026bd7a7c00c to 0x0000026bd7a7c1cd
Event: 3396.586 Thread 0x0000026be8e77bd0 Implicit null exception at 0x0000026bd7abb013 to 0x0000026bd7abb6c8
Event: 3397.954 Thread 0x0000026be8e77bd0 Exception <a 'java/lang/NoSuchMethodError'{0x00000000cb589e10}: 'double java.lang.invoke.DirectMethodHandle$Holder.invokeVirtual(java.lang.Object, java.lang.Object)'> (0x00000000cb589e10) 
thrown [s\open\src\hotspot\share\interpreter\linkResolver.cpp, line 766]
Event: 3397.961 Thread 0x0000026be8e77bd0 Exception <a 'java/lang/NoSuchMethodError'{0x00000000cb591790}: 'double java.lang.invoke.DelegatingMethodHandle$Holder.reinvoke_L(java.lang.Object, java.lang.Object)'> (0x00000000cb591790) 
thrown [s\open\src\hotspot\share\interpreter\linkResolver.cpp, line 766]
Event: 3416.744 Thread 0x0000026be8e76d60 Exception <a 'java/lang/NoSuchMethodError'{0x00000000cb141048}: 'int java.lang.invoke.DirectMethodHandle$Holder.invokeStatic(java.lang.Object)'> (0x00000000cb141048) 
thrown [s\open\src\hotspot\share\interpreter\linkResolver.cpp, line 766]
Event: 3416.745 Thread 0x0000026be8e76d60 Exception <a 'java/lang/NoSuchMethodError'{0x00000000cb144d28}: 'int java.lang.invoke.DelegatingMethodHandle$Holder.reinvoke_L(java.lang.Object)'> (0x00000000cb144d28) 
thrown [s\open\src\hotspot\share\interpreter\linkResolver.cpp, line 766]
Event: 3633.721 Thread 0x0000026be8e77230 Exception <a 'java/lang/NoSuchMethodError'{0x00000000cb6e5b18}: 'java.lang.Object java.lang.invoke.DirectMethodHandle$Holder.invokeStatic(java.lang.Object, int, int)'> (0x00000000cb6e5b18) 
thrown [s\open\src\hotspot\share\interpreter\linkResolver.cpp, line 766]

VM Operations (20 events):
Event: 3611.494 Executing VM operation: Cleanup
Event: 3611.588 Executing VM operation: Cleanup done
Event: 3616.664 Executing VM operation: Cleanup
Event: 3616.972 Executing VM operation: Cleanup done
Event: 3617.979 Executing VM operation: Cleanup
Event: 3618.287 Executing VM operation: Cleanup done
Event: 3623.307 Executing VM operation: Cleanup
Event: 3623.340 Executing VM operation: Cleanup done
Event: 3626.551 Executing VM operation: HandshakeAllThreads
Event: 3626.644 Executing VM operation: HandshakeAllThreads done
Event: 3628.649 Executing VM operation: Cleanup
Event: 3628.724 Executing VM operation: Cleanup done
Event: 3629.731 Executing VM operation: Cleanup
Event: 3629.744 Executing VM operation: Cleanup done
Event: 3630.746 Executing VM operation: Cleanup
Event: 3631.085 Executing VM operation: Cleanup done
Event: 3632.094 Executing VM operation: Cleanup
Event: 3632.094 Executing VM operation: Cleanup done
Event: 3634.108 Executing VM operation: Cleanup
Event: 3634.122 Executing VM operation: Cleanup done

Events (20 events):
Event: 9.553 Thread 0x0000026bc84ede90 Thread exited: 0x0000026bc84ede90
Event: 9.553 Thread 0x0000026be8e75ef0 Thread added: 0x0000026be8e75ef0
Event: 3397.513 Thread 0x0000026be96be640 Thread added: 0x0000026be96be640
Event: 3397.539 Thread 0x0000026be96be640 Thread exited: 0x0000026be96be640
Event: 3397.654 Thread 0x0000026be96c29a0 Thread added: 0x0000026be96c29a0
Event: 3398.190 Thread 0x0000026be96bf980 Thread added: 0x0000026be96bf980
Event: 3398.235 Thread 0x0000026be96bf980 Thread exited: 0x0000026be96bf980
Event: 3402.665 Thread 0x0000026be96c29a0 Thread exited: 0x0000026be96c29a0
Event: 3416.449 Thread 0x0000026be96c1b30 Thread added: 0x0000026be96c1b30
Event: 3416.450 Thread 0x0000026be96c1b30 Thread exited: 0x0000026be96c1b30
Event: 3433.718 Thread 0x0000026be96c3340 Thread added: 0x0000026be96c3340
Event: 3433.720 Thread 0x0000026be96c3340 Thread exited: 0x0000026be96c3340
Event: 3546.547 Thread 0x0000026be880d770 Thread added: 0x0000026be880d770
Event: 3549.750 Thread 0x0000026be8811130 Thread added: 0x0000026be8811130
Event: 3549.782 Thread 0x0000026be8811130 Thread exited: 0x0000026be8811130
Event: 3549.854 Thread 0x0000026be880f450 Thread added: 0x0000026be880f450
Event: 3549.907 Thread 0x0000026be880f450 Thread exited: 0x0000026be880f450
Event: 3551.772 Thread 0x0000026be880d770 Thread exited: 0x0000026be880d770
Event: 3611.051 Thread 0x0000026be880e110 Thread added: 0x0000026be880e110
Event: 3611.615 Thread 0x0000026be880e110 Thread exited: 0x0000026be880e110


Dynamic libraries:
0x00007ff70e030000 - 0x00007ff70e040000 	C:\Users\sande\OneDrive\Desktop\jdk-18.0.1.1\bin\java.exe
0x00007fff97d70000 - 0x00007fff97f87000 	C:\WINDOWS\SYSTEM32\ntdll.dll
0x00007fff95c70000 - 0x00007fff95d34000 	C:\WINDOWS\System32\KERNEL32.DLL
0x00007fff951c0000 - 0x00007fff9556d000 	C:\WINDOWS\System32\KERNELBASE.dll
0x00007fff95990000 - 0x00007fff95aa1000 	C:\WINDOWS\System32\ucrtbase.dll
0x00007fff8b7e0000 - 0x00007fff8b7fa000 	C:\Users\sande\OneDrive\Desktop\jdk-18.0.1.1\bin\VCRUNTIME140.dll
0x00007fff808c0000 - 0x00007fff808d8000 	C:\Users\sande\OneDrive\Desktop\jdk-18.0.1.1\bin\jli.dll
0x00007fff970b0000 - 0x00007fff97162000 	C:\WINDOWS\System32\ADVAPI32.dll
0x00007fff96f00000 - 0x00007fff96fa7000 	C:\WINDOWS\System32\msvcrt.dll
0x00007fff95e40000 - 0x00007fff95ee9000 	C:\WINDOWS\System32\sechost.dll
0x00007fff957c0000 - 0x00007fff957e8000 	C:\WINDOWS\System32\bcrypt.dll
0x00007fff95ac0000 - 0x00007fff95bd4000 	C:\WINDOWS\System32\RPCRT4.dll
0x00007fff97b70000 - 0x00007fff97d1e000 	C:\WINDOWS\System32\USER32.dll
0x00007fff957f0000 - 0x00007fff95816000 	C:\WINDOWS\System32\win32u.dll
0x00007fff95c40000 - 0x00007fff95c69000 	C:\WINDOWS\System32\GDI32.dll
0x00007fff950a0000 - 0x00007fff951b9000 	C:\WINDOWS\System32\gdi32full.dll
0x00007fff956a0000 - 0x00007fff9573a000 	C:\WINDOWS\System32\msvcp_win.dll
0x00007fff82180000 - 0x00007fff82413000 	C:\WINDOWS\WinSxS\amd64_microsoft.windows.common-controls_6595b64144ccf1df_6.0.22621.3672_none_2713b9d173822955\COMCTL32.dll
0x00007fff8c6d0000 - 0x00007fff8c6da000 	C:\WINDOWS\SYSTEM32\VERSION.dll
0x00007fff97ad0000 - 0x00007fff97b01000 	C:\WINDOWS\System32\IMM32.DLL
0x00007fff91490000 - 0x00007fff9149c000 	C:\Users\sande\OneDrive\Desktop\jdk-18.0.1.1\bin\vcruntime140_1.dll
0x00007fff7f510000 - 0x00007fff7f59d000 	C:\Users\sande\OneDrive\Desktop\jdk-18.0.1.1\bin\msvcp140.dll
0x00007fff34890000 - 0x00007fff354a0000 	C:\Users\sande\OneDrive\Desktop\jdk-18.0.1.1\bin\server\jvm.dll
0x00007fff95ab0000 - 0x00007fff95ab8000 	C:\WINDOWS\System32\PSAPI.DLL
0x00007fff8fb90000 - 0x00007fff8fbc4000 	C:\WINDOWS\SYSTEM32\WINMM.dll
0x00007fff8c6e0000 - 0x00007fff8c6e9000 	C:\WINDOWS\SYSTEM32\WSOCK32.dll
0x00007fff97a50000 - 0x00007fff97ac1000 	C:\WINDOWS\System32\WS2_32.dll
0x00007fff94090000 - 0x00007fff940a8000 	C:\WINDOWS\SYSTEM32\kernel.appcore.dll
0x00007fff8b7d0000 - 0x00007fff8b7da000 	C:\Users\sande\OneDrive\Desktop\jdk-18.0.1.1\bin\jimage.dll
0x00007fff8e100000 - 0x00007fff8e332000 	C:\WINDOWS\SYSTEM32\DBGHELP.DLL
0x00007fff95f80000 - 0x00007fff96308000 	C:\WINDOWS\System32\combase.dll
0x00007fff96310000 - 0x00007fff963e7000 	C:\WINDOWS\System32\OLEAUT32.dll
0x00007fff771e0000 - 0x00007fff77212000 	C:\WINDOWS\SYSTEM32\dbgcore.DLL
0x00007fff95740000 - 0x00007fff957bb000 	C:\WINDOWS\System32\bcryptPrimitives.dll
0x00007fff8b7a0000 - 0x00007fff8b7ae000 	C:\Users\sande\OneDrive\Desktop\jdk-18.0.1.1\bin\instrument.dll
0x00007fff7f4e0000 - 0x00007fff7f505000 	C:\Users\sande\OneDrive\Desktop\jdk-18.0.1.1\bin\java.dll
0x00007fff69ca0000 - 0x00007fff69d76000 	C:\Users\sande\OneDrive\Desktop\jdk-18.0.1.1\bin\jsvml.dll
0x00007fff963f0000 - 0x00007fff96c4f000 	C:\WINDOWS\System32\SHELL32.dll
0x00007fff92fa0000 - 0x00007fff9389c000 	C:\WINDOWS\SYSTEM32\windows.storage.dll
0x00007fff92e60000 - 0x00007fff92f9f000 	C:\WINDOWS\SYSTEM32\wintypes.dll
0x00007fff95d40000 - 0x00007fff95e34000 	C:\WINDOWS\System32\SHCORE.dll
0x00007fff97830000 - 0x00007fff9788e000 	C:\WINDOWS\System32\shlwapi.dll
0x00007fff94fd0000 - 0x00007fff94ff1000 	C:\WINDOWS\SYSTEM32\profapi.dll
0x00007fff808a0000 - 0x00007fff808b8000 	C:\Users\sande\OneDrive\Desktop\jdk-18.0.1.1\bin\zip.dll
0x00007fff7f700000 - 0x00007fff7f713000 	C:\Users\sande\OneDrive\Desktop\jdk-18.0.1.1\bin\net.dll
0x00007fff8dfc0000 - 0x00007fff8e0f6000 	C:\WINDOWS\SYSTEM32\WINHTTP.dll
0x00007fff94500000 - 0x00007fff94569000 	C:\WINDOWS\system32\mswsock.dll
0x00007fff7f4c0000 - 0x00007fff7f4d6000 	C:\Users\sande\OneDrive\Desktop\jdk-18.0.1.1\bin\nio.dll
0x00007fff7f4a0000 - 0x00007fff7f4ba000 	C:\Program Files\JetBrains\IntelliJ IDEA Community Edition 2023.2.5\bin\breakgen64.dll
0x00007fff83c90000 - 0x00007fff83c9e000 	C:\Users\sande\OneDrive\Desktop\jdk-18.0.1.1\bin\sunmscapi.dll
0x00007fff95820000 - 0x00007fff95987000 	C:\WINDOWS\System32\CRYPT32.dll
0x00007fff94960000 - 0x00007fff9498e000 	C:\WINDOWS\SYSTEM32\ncrypt.dll
0x00007fff94920000 - 0x00007fff94957000 	C:\WINDOWS\SYSTEM32\NTASN1.dll
0x00007fff94780000 - 0x00007fff9479b000 	C:\WINDOWS\SYSTEM32\CRYPTSP.dll
0x00007fff93ff0000 - 0x00007fff94025000 	C:\WINDOWS\system32\rsaenh.dll
0x00007fff94620000 - 0x00007fff94648000 	C:\WINDOWS\SYSTEM32\USERENV.dll
0x00007fff947a0000 - 0x00007fff947ac000 	C:\WINDOWS\SYSTEM32\CRYPTBASE.dll
0x00007fff93b40000 - 0x00007fff93b6d000 	C:\WINDOWS\SYSTEM32\IPHLPAPI.DLL
0x00007fff96c50000 - 0x00007fff96c59000 	C:\WINDOWS\System32\NSI.dll
0x00007fff8e400000 - 0x00007fff8e419000 	C:\WINDOWS\SYSTEM32\dhcpcsvc6.DLL
0x00007fff8df30000 - 0x00007fff8df4f000 	C:\WINDOWS\SYSTEM32\dhcpcsvc.DLL
0x00007fff93b70000 - 0x00007fff93c68000 	C:\WINDOWS\SYSTEM32\DNSAPI.dll
0x00007fff7f7c0000 - 0x00007fff7f7c9000 	C:\Users\sande\OneDrive\Desktop\jdk-18.0.1.1\bin\management.dll
0x00007fff7f740000 - 0x00007fff7f74b000 	C:\Users\sande\OneDrive\Desktop\jdk-18.0.1.1\bin\management_ext.dll
0x00007fff795c0000 - 0x00007fff795ca000 	C:\Windows\System32\rasadhlp.dll
0x00007fff7dc70000 - 0x00007fff7dcf3000 	C:\WINDOWS\System32\fwpuclnt.dll
0x00007fff867d0000 - 0x00007fff869c0000 	C:\WINDOWS\system32\urlmon.dll
0x00007fff93ac0000 - 0x00007fff93acc000 	C:\WINDOWS\SYSTEM32\netutils.dll
0x00007fff864e0000 - 0x00007fff8679e000 	C:\WINDOWS\SYSTEM32\iertutil.dll
0x00007fff867a0000 - 0x00007fff867c8000 	C:\WINDOWS\SYSTEM32\srvcli.dll

dbghelp: loaded successfully - version: 4.0.5 - missing functions: none
symbol engine: initialized successfully - sym options: 0x614 - pdb path: .;C:\Users\sande\OneDrive\Desktop\jdk-18.0.1.1\bin;C:\WINDOWS\SYSTEM32;C:\WINDOWS\WinSxS\amd64_microsoft.windows.common-controls_6595b64144ccf1df_6.0.22621.3672_none_2713b9d173822955;C:\Users\sande\OneDrive\Desktop\jdk-18.0.1.1\bin\server;C:\Program Files\JetBrains\IntelliJ IDEA Community Edition 2023.2.5\bin

VM Arguments:
jvm_args: -javaagent:C:\Program Files\JetBrains\IntelliJ IDEA Community Edition 2023.2.5\lib\idea_rt.jar=62446:C:\Program Files\JetBrains\IntelliJ IDEA Community Edition 2023.2.5\bin -Dfile.encoding=UTF-8 -Dsun.stdout.encoding=UTF-8 -Dsun.stderr.encoding=UTF-8 
java_command: com.example.StockPicker.StockPickerApplication
java_class_path (initial): C:\Users\sande\Downloads\demo\target\classes;C:\Users\sande\.m2\repository\org\openjfx\javafx-controls\17\javafx-controls-17.jar;C:\Users\sande\.m2\repository\org\openjfx\javafx-controls\17\javafx-controls-17-win.jar;C:\Users\sande\.m2\repository\org\openjfx\javafx-graphics\17\javafx-graphics-17.jar;C:\Users\sande\.m2\repository\org\openjfx\javafx-graphics\17\javafx-graphics-17-win.jar;C:\Users\sande\.m2\repository\org\openjfx\javafx-base\17\javafx-base-17.jar;C:\Users\sande\.m2\repository\org\openjfx\javafx-base\17\javafx-base-17-win.jar;C:\Users\sande\.m2\repository\org\openjfx\javafx-fxml\17\javafx-fxml-17.jar;C:\Users\sande\.m2\repository\org\openjfx\javafx-fxml\17\javafx-fxml-17-win.jar;C:\Users\sande\.m2\repository\org\springframework\boot\spring-boot-starter-web\2.6.0\spring-boot-starter-web-2.6.0.jar;C:\Users\sande\.m2\repository\org\springframework\boot\spring-boot-starter\3.3.2\spring-boot-starter-3.3.2.jar;C:\Users\sande\.m2\repository\org\springframework\boot\spring-boot\3.3.2\spring-boot-3.3.2.jar;C:\Users\sande\.m2\repository\org\springframework\boot\spring-boot-autoconfigure\3.3.2\spring-boot-autoconfigure-3.3.2.jar;C:\Users\sande\.m2\repository\org\springframework\boot\spring-boot-starter-logging\3.3.2\spring-boot-starter-logging-3.3.2.jar;C:\Users\sande\.m2\repository\ch\qos\logback\logback-classic\1.5.6\logback-classic-1.5.6.jar;C:\Users\sande\.m2\repository\ch\qos\logback\logback-core\1.5.6\logback-core-1.5.6.jar;C:\Users\sande\.m2\repository\org\apache\logging\log4j\log4j-to-slf4j\2.23.1\log4j-to-slf4j-2.23.1.jar;C:\Users\sande\.m2\repository\org\apache\logging\log4j\log4j-api\2.23.1\log4j-api-2.23.1.jar;C:\Users\sande\.m2\repository\org\slf4j\jul-to-slf4j\2.0.13\jul-to-slf4j-2.0.13.jar;C:\Users\sande\.m2\repository\jakarta\annotation\jakarta.annotation-api\2.1.1\jakarta.annotation-api-2.1.1.jar;C:\Users\sande\.m2\repository\org\yaml\snakeyaml\2.2\snakeyaml-2.2.jar;C:\Users\sande\.m2\repository\org\springframework\boot\spring-boot-starter-json\3.3.2\spring-boot-starter-json-3.3.2.jar;C:\Users\sande\.m2\repository\com\fasterxml\jackson\core\jackson-databind\2.17.2\jackson-databind-2.17.2.jar;C:\Users\sande\.m2\repository\com\fasterxml\jackson\core\jackson-annotations\2.17.2\jackson-annotations-2.17.2.jar;C:\Users\sande\.m2\repository\com\fasterxml\jackson\core\jackson-core\2.17.2\jackson-core-2.17.2.jar;C:\Users\sande\.m2\repository\com\fasterxml\jackson\datatype\jackson-datatype-jdk8\2.17.2\jackson-datatype-jdk8-2.17.2.jar;C:\Users\sande\.m2\repository\com\fasterxml\jackson\datatype\jackson-datatype-jsr310\2.17.2\jackson-datatype-jsr310-2.17.2.jar;C:\Users\sande\.m2\repository\com\fasterxml\jackson\module\jackson-module-parameter-names\2.17.2\jackson-module-parameter-names-2.17.2.jar;C:\Users\sande\.m2\repository\org\springframework\boot\spring-boot-starter-tomcat\3.3.2\spring-boot-starter-tomcat-3.3.2.jar;C:\Users\sande\.m2\repository\org\apache\tomcat\embed\tomcat-embed-core\10.1.26\tomcat-embed-core-10.1.26.jar;C:\Users\sande\.m2\repository\org\apache\tomcat\embed\tomcat-embed-el\10.1.26\tomcat-embed-el-10.1.26.jar;C:\Users\sande\.m2\repository\org\apache\tomcat\embed\tomcat-embed-websocket\10.1.26\tomcat-embed-websocket-10.1.26.jar;C:\Users\sande\.m2\repository\org\springframework\spring-web\6.1.11\spring-web-6.1.11.jar;C:\Users\sande\.m2\repository\org\springframework\spring-beans\6.1.11\spring-beans-6.1.11.jar;C:\Users\sande\.m2\repository\io\micrometer\micrometer-observation\1.13.2\micrometer-observation-1.13.2.jar;C:\Users\sande\.m2\repository\io\micrometer\micrometer-commons\1.13.2\micrometer-commons-1.13.2.jar;C:\Users\sande\.m2\repository\org\springframework\spring-webmvc\6.1.11\spring-webmvc-6.1.11.jar;C:\Users\sande\.m2\repository\org\springframework\spring-aop\6.1.11\spring-aop-6.1.11.jar;C:\Users\sande\.m2\repository\org\springframework\spring-context\6.1.11\spring-context-6.1.11.jar;C:\Users\sande\.m2\repository\org\springframework\spring-expression\6.1.11\spring-expression-6.1.11.jar;C:\Users\sande\.m2\repository\org\slf4j\slf4j-api\2.0.13\slf4j-api-2.0.13.jar;C:\Users\sande\.m2\repository\org\springframework\spring-core\6.1.11\spring-core-6.1.11.jar;C:\Users\sande\.m2\repository\org\springframework\spring-jcl\6.1.11\spring-jcl-6.1.11.jar;C:\Users\sande\.m2\repository\com\vaadin\external\google\android-json\0.0.20131108.vaadin1\android-json-0.0.20131108.vaadin1.jar;C:\Users\sande\.m2\repository\org\apache\httpcomponents\httpcore\4.4.16\httpcore-4.4.16.jar
Launcher Type: SUN_STANDARD

[Global flags]
     intx CICompilerCount                          = 3                                         {product} {ergonomic}
     uint ConcGCThreads                            = 1                                         {product} {ergonomic}
     uint G1ConcRefinementThreads                  = 4                                         {product} {ergonomic}
   size_t G1HeapRegionSize                         = 1048576                                   {product} {ergonomic}
    uintx GCDrainStackTargetSize                   = 64                                        {product} {ergonomic}
   size_t InitialHeapSize                          = 58720256                                  {product} {ergonomic}
   size_t MarkStackSize                            = 4194304                                   {product} {ergonomic}
   size_t MaxHeapSize                              = 918552576                                 {product} {ergonomic}
   size_t MaxNewSize                               = 550502400                                 {product} {ergonomic}
   size_t MinHeapDeltaBytes                        = 1048576                                   {product} {ergonomic}
   size_t MinHeapSize                              = 8388608                                   {product} {ergonomic}
    uintx NonNMethodCodeHeapSize                   = 5832780                                {pd product} {ergonomic}
    uintx NonProfiledCodeHeapSize                  = 122912730                              {pd product} {ergonomic}
    uintx ProfiledCodeHeapSize                     = 122912730                              {pd product} {ergonomic}
    uintx ReservedCodeCacheSize                    = 251658240                              {pd product} {ergonomic}
     bool SegmentedCodeCache                       = true                                      {product} {ergonomic}
   size_t SoftMaxHeapSize                          = 918552576                              {manageable} {ergonomic}
     bool UseCompressedClassPointers               = true                           {product lp64_product} {ergonomic}
     bool UseCompressedOops                        = true                           {product lp64_product} {ergonomic}
     bool UseG1GC                                  = true                                      {product} {ergonomic}
     bool UseLargePagesIndividualAllocation        = false                                  {pd product} {ergonomic}

Logging:
Log output configuration:
 #0: stdout all=warning uptime,level,tags foldmultilines=false
 #1: stderr all=off uptime,level,tags foldmultilines=false

Environment Variables:
JAVA_HOME=C:\Users\sande\OneDrive\Desktop\jdk-18.0.1.1
PATH=C:\Python312\Scripts\;C:\Python312\;C:\Python311\Scripts\;C:\Python311\;C:\ProgramData\Oracle\Java\javapath;C:\Users\sande\OneDrive\Desktop\19c\WINDOWS.X64_193000_db_home\bin;C:\app\sande\product\21c\dbhomeXE\bin;C:\Program Files (x86)\Common Files\Oracle\Java\javapath;C:\Python310\Scripts\;C:\Python310\;C:\Users\sande\OneDrive\Desktop\Apache;C:\WINDOWS;C:\WINDOWS\System32\Wbem;C:\WINDOWS\System32\WindowsPowerShell\v1.0\;C:\WINDOWS\System32\OpenSSH\;C:\Program Files\apache-maven-3.8.5\bin;C:\Users\sande\AppData\Local\Programs\Microsoft VS Code\bin;C:\ProgramData\chocolatey\bin;C:\Users\sande\OneDrive\Desktop\jdk-18.0.1.1;C:\Users\sande\Downloads\spring-tool-suite-4-4.17.1.RELEASE-e4.26.0-win32.win32.x86_64.self-extracting\META-INF\maven\org.springframework.ide\self-extracting-jar-creator;C:\Users\sande\OneDrive\Desktop\jdk-9.0.4_windows-x64_bin;C:\Users\sande\OneDrive\Desktop\jdk-8u202-windows-i586;%JAVA_HOME%\bin;C:\Python\Python36-32\Scripts;C:\Python27;"C:\Python27;C:\Python27\Scripts\";C:\WINDOWS\system32;C:\Users\sande\AppData\Roaming\nvm;C:\Program Files\nodejs;C:\Program Files\nodejs\node_modules\npm\bin;C:\Program Files\nodejs\;C:\Program Files\HP\HP One Agent;C:\Program Files\Git\cmd;C:\Program Files\Heroku\bin;C:\Users\sande\AppData\Local\Android\Sdk\platform-tools;C:\Users\sande\AppData\Local\Android\Sdk\tools;C:\Users\sande\AppData\Microsoft\WindowsApps;C:\Users\sande\AppData\Local\Programs\Microsoft VS Code\bin;C:\Users\sande\OneDrive\Desktop\jdk-8u202-windows-i586;C:\Users\sande\OneDrive\Desktop\apache-maven-3.8.5;C:\Users\sande\OneDrive\Desktop\jdk-18.0.1.1;C:\Users\sande\OneDrive\Desktop\jdk-9.0.4_windows-x64_bin;C:\Users\sande\OneDrive\Desktop\jdk-18.0.1.1\bin;C:\Python310\Scripts\;C:\Python310\;C:\Python\Python36-32\Scripts;C:\Users\sande\AppData\Local\npm-cache_npx;C:\Users\sande\AppData\Local\Microsoft\WindowsApps;C:\Users\sande\AppData\Roaming\nvm;C:\Program Files\nodejs;C:\Users\sande\AppData\Roaming\npm;
USERNAME=sande
OS=Windows_NT
PROCESSOR_IDENTIFIER=AMD64 Family 23 Model 24 Stepping 1, AuthenticAMD



---------------  S Y S T E M  ---------------

OS:
 Windows 11 , 64 bit Build 22621 (10.0.22621.3672)
OS uptime: 3 days 3:02 hours
Hyper-V role detected

CPU: total 4 (initial active 4) (4 cores per cpu, 2 threads per core) family 23 model 24 stepping 1 microcode 0x0, cx8, cmov, fxsr, ht, mmx, 3dnowpref, sse, sse2, sse3, ssse3, sse4a, sse4.1, sse4.2, popcnt, lzcnt, tsc, tscinvbit, avx, avx2, aes, clmul, bmi1, bmi2, adx, sha, fma, vzeroupper, clflush, clflushopt, hv

Memory: 4k page, system-wide physical 3499M (15M free)
TotalPageFile size 14251M (AvailPageFile size 0M)
current process WorkingSet (physical memory assigned to process): 56M, peak: 176M
current process commit charge ("private bytes"): 184M, peak: 208M

vm_info: Java HotSpot(TM) 64-Bit Server VM (18.0.1.1+2-6) for windows-amd64 JRE (18.0.1.1+2-6), built on Apr 25 2022 21:53:15 by "mach5one" with MS VC++ 16.8 / 16.9 (VS2019)

END.
