#
# There is insufficient memory for the Java Runtime Environment to continue.
# Native memory allocation (malloc) failed to allocate 1223536 bytes for Chunk::new
# Possible reasons:
#   The system is out of physical RAM or swap space
#   The process is running with CompressedOops enabled, and the Java Heap may be blocking the growth of the native heap
# Possible solutions:
#   Reduce memory load on the system
#   Increase physical memory or swap space
#   Check if swap backing store is full
#   Decrease Java heap size (-Xmx/-Xms)
#   Decrease number of Java threads
#   Decrease Java thread stack sizes (-Xss)
#   Set larger code cache with -XX:ReservedCodeCacheSize=
#   JVM is running with Unscaled Compressed Oops mode in which the Java heap is
#     placed in the first 4GB address space. The Java Heap base address is the
#     maximum limit for the native heap growth. Please use -XX:HeapBaseMinAddress
#     to set the Java Heap base and to place the Java Heap above 4GB virtual address.
# This output file may be truncated or incomplete.
#
#  Out of Memory Error (arena.cpp:184), pid=2384, tid=14808
#
# JRE version: Java(TM) SE Runtime Environment (18.0.1.1+2) (build 18.0.1.1+2-6)
# Java VM: Java HotSpot(TM) 64-Bit Server VM (18.0.1.1+2-6, mixed mode, sharing, tiered, compressed oops, compressed class ptrs, g1 gc, windows-amd64)
# No core dump will be written. Minidumps are not enabled by default on client versions of Windows
#

---------------  S U M M A R Y ------------

Command Line: -javaagent:C:\Program Files\JetBrains\IntelliJ IDEA Community Edition 2023.2.5\lib\idea_rt.jar=56827:C:\Program Files\JetBrains\IntelliJ IDEA Community Edition 2023.2.5\bin -Dfile.encoding=UTF-8 -Dsun.stdout.encoding=UTF-8 -Dsun.stderr.encoding=UTF-8 com.example.StockPicker.StockPickerApplication

Host: AMD Ryzen 3 3250U with Radeon Graphics         , 4 cores, 3G,  Windows 11 , 64 bit Build 22621 (10.0.22621.3672)
Time: Tue Jul  9 13:46:54 2024 Eastern Daylight Time elapsed time: 3.890648 seconds (0d 0h 0m 3s)

---------------  T H R E A D  ---------------

Current thread (0x00000251f8103f40):  JavaThread "C2 CompilerThread0" daemon [_thread_in_native, id=14808, stack(0x000000846c800000,0x000000846c900000)]


Current CompileTask:
C2:   3890 1835       4       java.lang.invoke.MethodType::makeImpl (109 bytes)

Stack: [0x000000846c800000,0x000000846c900000]
Native frames: (J=compiled Java code, j=interpreted, Vv=VM code, C=native code)
V  [jvm.dll+0x69887a]
V  [jvm.dll+0x7f38bd]
V  [jvm.dll+0x7f51ce]
V  [jvm.dll+0x7f5883]
V  [jvm.dll+0x25ca3f]
V  [jvm.dll+0xb8c2f]
V  [jvm.dll+0xb8fa5]
V  [jvm.dll+0x385a31]
V  [jvm.dll+0x34f811]
V  [jvm.dll+0x34ecaa]
V  [jvm.dll+0x22fc21]
V  [jvm.dll+0x22eff1]
V  [jvm.dll+0x1b9cfc]
V  [jvm.dll+0x23e8ca]
V  [jvm.dll+0x23cbb5]
V  [jvm.dll+0x7a5fb1]
V  [jvm.dll+0x7a03ea]
V  [jvm.dll+0x697725]
C  [ucrtbase.dll+0x29333]
C  [KERNEL32.DLL+0x1257d]
C  [ntdll.dll+0x5af28]


---------------  P R O C E S S  ---------------

Threads class SMR info:
_java_thread_list=0x00000251fd225e80, length=13, elements={
0x00000251dd2f2540, 0x00000251dd388110, 0x00000251dd388d70, 0x00000251dd39dd20,
0x00000251dd39e980, 0x00000251f80ff3d0, 0x00000251f80ffd70, 0x00000251f8103f40,
0x00000251f8105840, 0x00000251f810e140, 0x00000251fc428430, 0x00000251fc6d4830,
0x00000251fc6d6d00
}

Java Threads: ( => current thread )
  0x00000251dd2f2540 JavaThread "main" [_thread_in_native, id=16560, stack(0x000000846bb00000,0x000000846bc00000)]
  0x00000251dd388110 JavaThread "Reference Handler" daemon [_thread_blocked, id=18376, stack(0x000000846c200000,0x000000846c300000)]
  0x00000251dd388d70 JavaThread "Finalizer" daemon [_thread_blocked, id=12488, stack(0x000000846c300000,0x000000846c400000)]
  0x00000251dd39dd20 JavaThread "Signal Dispatcher" daemon [_thread_blocked, id=13200, stack(0x000000846c400000,0x000000846c500000)]
  0x00000251dd39e980 JavaThread "Attach Listener" daemon [_thread_blocked, id=13544, stack(0x000000846c500000,0x000000846c600000)]
  0x00000251f80ff3d0 JavaThread "Service Thread" daemon [_thread_blocked, id=15336, stack(0x000000846c600000,0x000000846c700000)]
  0x00000251f80ffd70 JavaThread "Monitor Deflation Thread" daemon [_thread_blocked, id=15376, stack(0x000000846c700000,0x000000846c800000)]
=>0x00000251f8103f40 JavaThread "C2 CompilerThread0" daemon [_thread_in_native, id=14808, stack(0x000000846c800000,0x000000846c900000)]
  0x00000251f8105840 JavaThread "C1 CompilerThread0" daemon [_thread_blocked, id=16340, stack(0x000000846c900000,0x000000846ca00000)]
  0x00000251f810e140 JavaThread "Sweeper thread" daemon [_thread_blocked, id=8852, stack(0x000000846ca00000,0x000000846cb00000)]
  0x00000251fc428430 JavaThread "Common-Cleaner" daemon [_thread_blocked, id=12856, stack(0x000000846cb00000,0x000000846cc00000)]
  0x00000251fc6d4830 JavaThread "Monitor Ctrl-Break" daemon [_thread_in_native, id=14344, stack(0x000000846cc00000,0x000000846cd00000)]
  0x00000251fc6d6d00 JavaThread "Notification Thread" daemon [_thread_blocked, id=3256, stack(0x000000846cd00000,0x000000846ce00000)]

Other Threads:
  0x00000251dd385750 VMThread "VM Thread" [stack: 0x000000846c100000,0x000000846c200000] [id=13384]
  0x00000251dd2f32b0 WatcherThread "VM Periodic Task Thread" [stack: 0x000000846ce00000,0x000000846cf00000] [id=10424]
  0x00000251dd32f350 WorkerThread "GC Thread#0" [stack: 0x000000846bc00000,0x000000846bd00000] [id=14756]
  0x00000251fcfabaf0 WorkerThread "GC Thread#1" [stack: 0x000000846cf00000,0x000000846d000000] [id=13488]
  0x00000251fc8add80 WorkerThread "GC Thread#2" [stack: 0x000000846d000000,0x000000846d100000] [id=17472]
  0x00000251fc95dc80 WorkerThread "GC Thread#3" [stack: 0x000000846d100000,0x000000846d200000] [id=14664]
  0x00000251dd333930 ConcurrentGCThread "G1 Main Marker" [stack: 0x000000846bd00000,0x000000846be00000] [id=16444]
  0x00000251db21ea00 WorkerThread "G1 Conc#0" [stack: 0x000000846be00000,0x000000846bf00000] [id=16536]
  0x00000251dd35ab10 ConcurrentGCThread "G1 Refine#0" [stack: 0x000000846bf00000,0x000000846c000000] [id=11404]
  0x00000251fc95df20 ConcurrentGCThread "G1 Refine#1" [stack: 0x000000846d200000,0x000000846d300000] [id=14900]
  0x00000251dd35b420 ConcurrentGCThread "G1 Service" [stack: 0x000000846c000000,0x000000846c100000] [id=12352]

Threads with active compile tasks:
C2 CompilerThread0     3982 1835       4       java.lang.invoke.MethodType::makeImpl (109 bytes)

VM state: not at safepoint (normal execution)

VM Mutex/Monitor currently owned by a thread: None

Heap address: 0x00000000c9400000, size: 876 MB, Compressed Oops mode: 32-bit

CDS archive(s) mapped at: [0x0000000800000000-0x0000000800ba0000-0x0000000800ba0000), size 12189696, SharedBaseAddress: 0x0000000800000000, ArchiveRelocationMode: 0.
Compressed class space mapped at: 0x0000000800c00000-0x0000000840c00000, reserved size: 1073741824
Narrow klass base: 0x0000000800000000, Narrow klass shift: 0, Narrow klass range: 0x100000000

GC Precious Log:
 CardTable entry size: 512
 Card Set container configuration: InlinePtr #cards 5 size 8 Array Of Cards #cards 12 size 40 Howl #buckets 4 coarsen threshold 1843 Howl Bitmap #cards 512 size 80 coarsen threshold 460 Card regions per heap region 1 cards per card region 2048
 CPUs: 4 total, 4 available
 Memory: 3499M
 Large Page Support: Disabled
 NUMA Support: Disabled
 Compressed Oops: Enabled (32-bit)
 Heap Region Size: 1M
 Heap Min Capacity: 8M
 Heap Initial Capacity: 56M
 Heap Max Capacity: 876M
 Pre-touch: Disabled
 Parallel Workers: 4
 Concurrent Workers: 1
 Concurrent Refinement Workers: 4
 Periodic GC: Disabled

Heap:
 garbage-first heap   total 57344K, used 13530K [0x00000000c9400000, 0x0000000100000000)
  region size 1024K, 11 young (11264K), 3 survivors (3072K)
 Metaspace       used 14779K, committed 15040K, reserved 1114112K
  class space    used 1776K, committed 1920K, reserved 1048576K

Heap Regions: E=young(eden), S=young(survivor), O=old, HS=humongous(starts), HC=humongous(continues), CS=collection set, F=free, OA=open archive, CA=closed archive, TAMS=top-at-mark-start (previous, next)
|   0|0x00000000c9400000, 0x00000000c9500000, 0x00000000c9500000|100%|HS|  |TAMS 0x00000000c9400000, 0x00000000c9400000| Complete 
|   1|0x00000000c9500000, 0x00000000c9600000, 0x00000000c9600000|100%| O|  |TAMS 0x00000000c9500000, 0x00000000c9500000| Untracked 
|   2|0x00000000c9600000, 0x00000000c9700000, 0x00000000c9700000|100%| O|  |TAMS 0x00000000c9600000, 0x00000000c9600000| Untracked 
|   3|0x00000000c9700000, 0x00000000c9800000, 0x00000000c9800000|100%| O|  |TAMS 0x00000000c9700000, 0x00000000c9700000| Untracked 
|   4|0x00000000c9800000, 0x00000000c98fba00, 0x00000000c9900000| 98%| O|  |TAMS 0x00000000c9800000, 0x00000000c9800000| Untracked 
|   5|0x00000000c9900000, 0x00000000c9900000, 0x00000000c9a00000|  0%| F|  |TAMS 0x00000000c9900000, 0x00000000c9900000| Untracked 
|   6|0x00000000c9a00000, 0x00000000c9a00000, 0x00000000c9b00000|  0%| F|  |TAMS 0x00000000c9a00000, 0x00000000c9a00000| Untracked 
|   7|0x00000000c9b00000, 0x00000000c9b00000, 0x00000000c9c00000|  0%| F|  |TAMS 0x00000000c9b00000, 0x00000000c9b00000| Untracked 
|   8|0x00000000c9c00000, 0x00000000c9c00000, 0x00000000c9d00000|  0%| F|  |TAMS 0x00000000c9c00000, 0x00000000c9c00000| Untracked 
|   9|0x00000000c9d00000, 0x00000000c9d00000, 0x00000000c9e00000|  0%| F|  |TAMS 0x00000000c9d00000, 0x00000000c9d00000| Untracked 
|  10|0x00000000c9e00000, 0x00000000c9e00000, 0x00000000c9f00000|  0%| F|  |TAMS 0x00000000c9e00000, 0x00000000c9e00000| Untracked 
|  11|0x00000000c9f00000, 0x00000000c9f00000, 0x00000000ca000000|  0%| F|  |TAMS 0x00000000c9f00000, 0x00000000c9f00000| Untracked 
|  12|0x00000000ca000000, 0x00000000ca000000, 0x00000000ca100000|  0%| F|  |TAMS 0x00000000ca000000, 0x00000000ca000000| Untracked 
|  13|0x00000000ca100000, 0x00000000ca100000, 0x00000000ca200000|  0%| F|  |TAMS 0x00000000ca100000, 0x00000000ca100000| Untracked 
|  14|0x00000000ca200000, 0x00000000ca200000, 0x00000000ca300000|  0%| F|  |TAMS 0x00000000ca200000, 0x00000000ca200000| Untracked 
|  15|0x00000000ca300000, 0x00000000ca300000, 0x00000000ca400000|  0%| F|  |TAMS 0x00000000ca300000, 0x00000000ca300000| Untracked 
|  16|0x00000000ca400000, 0x00000000ca400000, 0x00000000ca500000|  0%| F|  |TAMS 0x00000000ca400000, 0x00000000ca400000| Untracked 
|  17|0x00000000ca500000, 0x00000000ca500000, 0x00000000ca600000|  0%| F|  |TAMS 0x00000000ca500000, 0x00000000ca500000| Untracked 
|  18|0x00000000ca600000, 0x00000000ca600000, 0x00000000ca700000|  0%| F|  |TAMS 0x00000000ca600000, 0x00000000ca600000| Untracked 
|  19|0x00000000ca700000, 0x00000000ca700000, 0x00000000ca800000|  0%| F|  |TAMS 0x00000000ca700000, 0x00000000ca700000| Untracked 
|  20|0x00000000ca800000, 0x00000000ca800000, 0x00000000ca900000|  0%| F|  |TAMS 0x00000000ca800000, 0x00000000ca800000| Untracked 
|  21|0x00000000ca900000, 0x00000000ca900000, 0x00000000caa00000|  0%| F|  |TAMS 0x00000000ca900000, 0x00000000ca900000| Untracked 
|  22|0x00000000caa00000, 0x00000000caa00000, 0x00000000cab00000|  0%| F|  |TAMS 0x00000000caa00000, 0x00000000caa00000| Untracked 
|  23|0x00000000cab00000, 0x00000000cab00000, 0x00000000cac00000|  0%| F|  |TAMS 0x00000000cab00000, 0x00000000cab00000| Untracked 
|  24|0x00000000cac00000, 0x00000000cac00000, 0x00000000cad00000|  0%| F|  |TAMS 0x00000000cac00000, 0x00000000cac00000| Untracked 
|  25|0x00000000cad00000, 0x00000000cad00000, 0x00000000cae00000|  0%| F|  |TAMS 0x00000000cad00000, 0x00000000cad00000| Untracked 
|  26|0x00000000cae00000, 0x00000000cae00000, 0x00000000caf00000|  0%| F|  |TAMS 0x00000000cae00000, 0x00000000cae00000| Untracked 
|  27|0x00000000caf00000, 0x00000000caf00000, 0x00000000cb000000|  0%| F|  |TAMS 0x00000000caf00000, 0x00000000caf00000| Untracked 
|  28|0x00000000cb000000, 0x00000000cb000000, 0x00000000cb100000|  0%| F|  |TAMS 0x00000000cb000000, 0x00000000cb000000| Untracked 
|  29|0x00000000cb100000, 0x00000000cb100000, 0x00000000cb200000|  0%| F|  |TAMS 0x00000000cb100000, 0x00000000cb100000| Untracked 
|  30|0x00000000cb200000, 0x00000000cb200000, 0x00000000cb300000|  0%| F|  |TAMS 0x00000000cb200000, 0x00000000cb200000| Untracked 
|  31|0x00000000cb300000, 0x00000000cb300000, 0x00000000cb400000|  0%| F|  |TAMS 0x00000000cb300000, 0x00000000cb300000| Untracked 
|  32|0x00000000cb400000, 0x00000000cb43afa0, 0x00000000cb500000| 23%| S|CS|TAMS 0x00000000cb400000, 0x00000000cb400000| Complete 
|  33|0x00000000cb500000, 0x00000000cb600000, 0x00000000cb600000|100%| S|CS|TAMS 0x00000000cb500000, 0x00000000cb500000| Complete 
|  34|0x00000000cb600000, 0x00000000cb700000, 0x00000000cb700000|100%| S|CS|TAMS 0x00000000cb600000, 0x00000000cb600000| Complete 
|  35|0x00000000cb700000, 0x00000000cb700000, 0x00000000cb800000|  0%| F|  |TAMS 0x00000000cb700000, 0x00000000cb700000| Untracked 
|  36|0x00000000cb800000, 0x00000000cb800000, 0x00000000cb900000|  0%| F|  |TAMS 0x00000000cb800000, 0x00000000cb800000| Untracked 
|  37|0x00000000cb900000, 0x00000000cb900000, 0x00000000cba00000|  0%| F|  |TAMS 0x00000000cb900000, 0x00000000cb900000| Untracked 
|  38|0x00000000cba00000, 0x00000000cba00000, 0x00000000cbb00000|  0%| F|  |TAMS 0x00000000cba00000, 0x00000000cba00000| Untracked 
|  39|0x00000000cbb00000, 0x00000000cbb00000, 0x00000000cbc00000|  0%| F|  |TAMS 0x00000000cbb00000, 0x00000000cbb00000| Untracked 
|  40|0x00000000cbc00000, 0x00000000cbc00000, 0x00000000cbd00000|  0%| F|  |TAMS 0x00000000cbc00000, 0x00000000cbc00000| Untracked 
|  41|0x00000000cbd00000, 0x00000000cbd00000, 0x00000000cbe00000|  0%| F|  |TAMS 0x00000000cbd00000, 0x00000000cbd00000| Untracked 
|  42|0x00000000cbe00000, 0x00000000cbe00000, 0x00000000cbf00000|  0%| F|  |TAMS 0x00000000cbe00000, 0x00000000cbe00000| Untracked 
|  43|0x00000000cbf00000, 0x00000000cbf00000, 0x00000000cc000000|  0%| F|  |TAMS 0x00000000cbf00000, 0x00000000cbf00000| Untracked 
|  44|0x00000000cc000000, 0x00000000cc000000, 0x00000000cc100000|  0%| F|  |TAMS 0x00000000cc000000, 0x00000000cc000000| Untracked 
|  45|0x00000000cc100000, 0x00000000cc100000, 0x00000000cc200000|  0%| F|  |TAMS 0x00000000cc100000, 0x00000000cc100000| Untracked 
|  46|0x00000000cc200000, 0x00000000cc200000, 0x00000000cc300000|  0%| F|  |TAMS 0x00000000cc200000, 0x00000000cc200000| Untracked 
|  47|0x00000000cc300000, 0x00000000cc300000, 0x00000000cc400000|  0%| F|  |TAMS 0x00000000cc300000, 0x00000000cc300000| Untracked 
|  48|0x00000000cc400000, 0x00000000cc495bb0, 0x00000000cc500000| 58%| E|  |TAMS 0x00000000cc400000, 0x00000000cc400000| Complete 
|  49|0x00000000cc500000, 0x00000000cc600000, 0x00000000cc600000|100%| E|CS|TAMS 0x00000000cc500000, 0x00000000cc500000| Complete 
|  50|0x00000000cc600000, 0x00000000cc700000, 0x00000000cc700000|100%| E|CS|TAMS 0x00000000cc600000, 0x00000000cc600000| Complete 
|  51|0x00000000cc700000, 0x00000000cc800000, 0x00000000cc800000|100%| E|CS|TAMS 0x00000000cc700000, 0x00000000cc700000| Complete 
|  52|0x00000000cc800000, 0x00000000cc900000, 0x00000000cc900000|100%| E|CS|TAMS 0x00000000cc800000, 0x00000000cc800000| Complete 
|  53|0x00000000cc900000, 0x00000000cca00000, 0x00000000cca00000|100%| E|CS|TAMS 0x00000000cc900000, 0x00000000cc900000| Complete 
|  54|0x00000000cca00000, 0x00000000ccb00000, 0x00000000ccb00000|100%| E|  |TAMS 0x00000000cca00000, 0x00000000cca00000| Complete 
|  55|0x00000000ccb00000, 0x00000000ccc00000, 0x00000000ccc00000|100%| E|CS|TAMS 0x00000000ccb00000, 0x00000000ccb00000| Complete 

Card table byte_map: [0x00000251f3dd0000,0x00000251f3f90000] _byte_map_base: 0x00000251f3786000

Marking Bits (Prev, Next): (CMBitMap*) 0x00000251dd32f950, (CMBitMap*) 0x00000251dd32f990
 Prev Bits: [0x00000251f4150000, 0x00000251f4f00000)
 Next Bits: [0x00000251f4f00000, 0x00000251f5cb0000)

Polling page: 0x00000251dcaa0000

Metaspace:

Usage:
  Non-class:     12.70 MB used.
      Class:      1.74 MB used.
       Both:     14.44 MB used.

Virtual space:
  Non-class space:       64.00 MB reserved,      12.81 MB ( 20%) committed,  1 nodes.
      Class space:        1.00 GB reserved,       1.88 MB ( <1%) committed,  1 nodes.
             Both:        1.06 GB reserved,      14.69 MB (  1%) committed. 

Chunk freelists:
   Non-Class:  2.31 MB
       Class:  2.11 MB
        Both:  4.42 MB

MaxMetaspaceSize: unlimited
CompressedClassSpaceSize: 1.00 GB
Initial GC threshold: 21.00 MB
Current GC threshold: 21.00 MB
CDS: on
MetaspaceReclaimPolicy: balanced
 - commit_granule_bytes: 65536.
 - commit_granule_words: 8192.
 - virtual_space_node_default_size: 8388608.
 - enlarge_chunks_in_place: 1.
 - new_chunks_are_fully_committed: 0.
 - uncommit_free_chunks: 1.
 - use_allocation_guard: 0.


Internal statistics:

num_allocs_failed_limit: 0.
num_arena_births: 190.
num_arena_deaths: 0.
num_vsnodes_births: 2.
num_vsnodes_deaths: 0.
num_space_committed: 235.
num_space_uncommitted: 0.
num_chunks_returned_to_freelist: 0.
num_chunks_taken_from_freelist: 664.
num_chunk_merges: 0.
num_chunk_splits: 451.
num_chunks_enlarged: 357.
num_inconsistent_stats: 0.

CodeHeap 'non-profiled nmethods': size=120000Kb used=634Kb max_used=634Kb free=119365Kb
 bounds [0x00000251ec6e0000, 0x00000251ec950000, 0x00000251f3c10000]
CodeHeap 'profiled nmethods': size=120000Kb used=3738Kb max_used=3738Kb free=116261Kb
 bounds [0x00000251e51b0000, 0x00000251e5560000, 0x00000251ec6e0000]
CodeHeap 'non-nmethods': size=5760Kb used=1180Kb max_used=1197Kb free=4579Kb
 bounds [0x00000251e4c10000, 0x00000251e4e80000, 0x00000251e51b0000]
 total_blobs=2382 nmethods=1916 adapters=378
 compilation: enabled
              stopped_count=0, restarted_count=0
 full_count=0

Compilation events (20 events):
Event: 3.775 Thread 0x00000251f8105840 nmethod 1876 0x00000251e553b890 code [0x00000251e553ba60, 0x00000251e553bdd8]
Event: 3.861 Thread 0x00000251f8105840 1877       1       java.util.stream.Collectors$CollectorImpl::characteristics (5 bytes)
Event: 3.861 Thread 0x00000251f8105840 nmethod 1877 0x00000251ec77de10 code [0x00000251ec77dfa0, 0x00000251ec77e078]
Event: 3.862 Thread 0x00000251f8105840 1878       3       sun.reflect.annotation.AnnotationType::invocationHandlerReturnType (82 bytes)
Event: 3.862 Thread 0x00000251f8105840 nmethod 1878 0x00000251e553bf90 code [0x00000251e553c180, 0x00000251e553c618]
Event: 3.868 Thread 0x00000251f8105840 1879       3       org.springframework.asm.ClassReader::readUtf (161 bytes)
Event: 3.869 Thread 0x00000251f8105840 nmethod 1879 0x00000251e553c690 code [0x00000251e553c860, 0x00000251e553ccc8]
Event: 3.869 Thread 0x00000251f8105840 1880       3       java.lang.invoke.DirectMethodHandle$Holder::newInvokeSpecial (24 bytes)
Event: 3.870 Thread 0x00000251f8105840 nmethod 1880 0x00000251e553cf90 code [0x00000251e553d180, 0x00000251e553d928]
Event: 3.870 Thread 0x00000251f8105840 1881       1       org.springframework.core.annotation.AnnotationTypeMapping::getRoot (5 bytes)
Event: 3.870 Thread 0x00000251f8105840 nmethod 1881 0x00000251ec77e110 code [0x00000251ec77e2a0, 0x00000251ec77e378]
Event: 3.870 Thread 0x00000251f8105840 1882       1       org.springframework.core.annotation.AnnotationTypeMapping$MirrorSets$MirrorSet::access$200 (5 bytes)
Event: 3.870 Thread 0x00000251f8105840 nmethod 1882 0x00000251ec77e410 code [0x00000251ec77e5a0, 0x00000251ec77e658]
Event: 3.875 Thread 0x00000251f8105840 1883       3       java.lang.Math::abs (13 bytes)
Event: 3.875 Thread 0x00000251f8105840 nmethod 1883 0x00000251e553db10 code [0x00000251e553dca0, 0x00000251e553de18]
Event: 3.877 Thread 0x00000251f8105840 1884       3       jdk.internal.loader.AbstractClassLoaderValue$Sub::hashCode (19 bytes)
Event: 3.878 Thread 0x00000251f8105840 nmethod 1884 0x00000251e553de90 code [0x00000251e553e060, 0x00000251e553e3d8]
Event: 3.879 Thread 0x00000251f8105840 1885   !   3       jdk.internal.loader.BuiltinClassLoader$2::run (114 bytes)
Event: 3.880 Thread 0x00000251f8105840 nmethod 1885 0x00000251e553e510 code [0x00000251e553e7a0, 0x00000251e553f618]
Event: 3.880 Thread 0x00000251f8105840 1886       3       java.io.WinNTFileSystem::normalize (224 bytes)

GC Heap History (6 events):
Event: 1.372 GC heap before
{Heap before GC invocations=0 (full 0):
 garbage-first heap   total 57344K, used 13312K [0x00000000c9400000, 0x0000000100000000)
  region size 1024K, 13 young (13312K), 0 survivors (0K)
 Metaspace       used 4206K, committed 4416K, reserved 1114112K
  class space    used 442K, committed 576K, reserved 1048576K
}
Event: 1.381 GC heap after
{Heap after GC invocations=1 (full 0):
 garbage-first heap   total 57344K, used 5002K [0x00000000c9400000, 0x0000000100000000)
  region size 1024K, 2 young (2048K), 2 survivors (2048K)
 Metaspace       used 4206K, committed 4416K, reserved 1114112K
  class space    used 442K, committed 576K, reserved 1048576K
}
Event: 2.378 GC heap before
{Heap before GC invocations=1 (full 0):
 garbage-first heap   total 57344K, used 16266K [0x00000000c9400000, 0x0000000100000000)
  region size 1024K, 13 young (13312K), 2 survivors (2048K)
 Metaspace       used 7432K, committed 7680K, reserved 1114112K
  class space    used 878K, committed 1024K, reserved 1048576K
}
Event: 2.386 GC heap after
{Heap after GC invocations=2 (full 0):
 garbage-first heap   total 57344K, used 6528K [0x00000000c9400000, 0x0000000100000000)
  region size 1024K, 2 young (2048K), 2 survivors (2048K)
 Metaspace       used 7432K, committed 7680K, reserved 1114112K
  class space    used 878K, committed 1024K, reserved 1048576K
}
Event: 3.319 GC heap before
{Heap before GC invocations=2 (full 0):
 garbage-first heap   total 57344K, used 24960K [0x00000000c9400000, 0x0000000100000000)
  region size 1024K, 21 young (21504K), 2 survivors (2048K)
 Metaspace       used 12955K, committed 13184K, reserved 1114112K
  class space    used 1537K, committed 1664K, reserved 1048576K
}
Event: 3.325 GC heap after
{Heap after GC invocations=3 (full 0):
 garbage-first heap   total 57344K, used 7386K [0x00000000c9400000, 0x0000000100000000)
  region size 1024K, 3 young (3072K), 3 survivors (3072K)
 Metaspace       used 12955K, committed 13184K, reserved 1114112K
  class space    used 1537K, committed 1664K, reserved 1048576K
}

Deoptimization events (20 events):
Event: 3.476 Thread 0x00000251dd2f2540 Uncommon trap: trap_request=0xffffff45 fr.pc=0x00000251ec7190dc relative=0x000000000000063c
Event: 3.476 Thread 0x00000251dd2f2540 Uncommon trap: reason=unstable_if action=reinterpret pc=0x00000251ec7190dc method=java.util.zip.ZipCoder.hash(Ljava/lang/String;)I @ 23 c2
Event: 3.476 Thread 0x00000251dd2f2540 DEOPT PACKING pc=0x00000251ec7190dc sp=0x000000846bbfde00
Event: 3.476 Thread 0x00000251dd2f2540 DEOPT UNPACKING pc=0x00000251e4c623a3 sp=0x000000846bbfdcb8 mode 2
Event: 3.476 Thread 0x00000251dd2f2540 Uncommon trap: trap_request=0xffffff45 fr.pc=0x00000251ec713400 relative=0x0000000000000400
Event: 3.476 Thread 0x00000251dd2f2540 Uncommon trap: reason=unstable_if action=reinterpret pc=0x00000251ec713400 method=java.util.zip.ZipCoder.hash(Ljava/lang/String;)I @ 23 c2
Event: 3.476 Thread 0x00000251dd2f2540 DEOPT PACKING pc=0x00000251ec713400 sp=0x000000846bbfdda0
Event: 3.476 Thread 0x00000251dd2f2540 DEOPT UNPACKING pc=0x00000251e4c623a3 sp=0x000000846bbfdcb8 mode 2
Event: 3.476 Thread 0x00000251dd2f2540 Uncommon trap: trap_request=0xffffff45 fr.pc=0x00000251ec712b10 relative=0x0000000000000170
Event: 3.476 Thread 0x00000251dd2f2540 Uncommon trap: reason=unstable_if action=reinterpret pc=0x00000251ec712b10 method=java.util.zip.ZipCoder.hash(Ljava/lang/String;)I @ 23 c2
Event: 3.476 Thread 0x00000251dd2f2540 DEOPT PACKING pc=0x00000251ec712b10 sp=0x000000846bbfdd30
Event: 3.476 Thread 0x00000251dd2f2540 DEOPT UNPACKING pc=0x00000251e4c623a3 sp=0x000000846bbfdcb8 mode 2
Event: 3.483 Thread 0x00000251dd2f2540 Uncommon trap: trap_request=0xffffff45 fr.pc=0x00000251ec70a390 relative=0x0000000000000270
Event: 3.483 Thread 0x00000251dd2f2540 Uncommon trap: reason=unstable_if action=reinterpret pc=0x00000251ec70a390 method=java.util.StringTokenizer.scanToken(I)I @ 42 c2
Event: 3.483 Thread 0x00000251dd2f2540 DEOPT PACKING pc=0x00000251ec70a390 sp=0x000000846bbfdd70
Event: 3.483 Thread 0x00000251dd2f2540 DEOPT UNPACKING pc=0x00000251e4c623a3 sp=0x000000846bbfdd00 mode 2
Event: 3.757 Thread 0x00000251dd2f2540 Uncommon trap: trap_request=0xffffff45 fr.pc=0x00000251ec745e54 relative=0x00000000000009d4
Event: 3.757 Thread 0x00000251dd2f2540 Uncommon trap: reason=unstable_if action=reinterpret pc=0x00000251ec745e54 method=jdk.internal.org.objectweb.asm.SymbolTable.put(Ljdk/internal/org/objectweb/asm/SymbolTable$Entry;)Ljdk/internal/org/objectweb/asm/SymbolTable$Entry; @ 13 c2
Event: 3.757 Thread 0x00000251dd2f2540 DEOPT PACKING pc=0x00000251ec745e54 sp=0x000000846bbfcb70
Event: 3.757 Thread 0x00000251dd2f2540 DEOPT UNPACKING pc=0x00000251e4c623a3 sp=0x000000846bbfcaa8 mode 2

Classes loaded (20 events):
Event: 3.415 Loading class java/util/AbstractList$ListItr
Event: 3.415 Loading class java/util/AbstractList$Itr
Event: 3.415 Loading class java/util/AbstractList$Itr done
Event: 3.415 Loading class java/util/AbstractList$ListItr done
Event: 3.450 Loading class java/net/SocketException
Event: 3.450 Loading class java/net/SocketException done
Event: 3.460 Loading class java/util/regex/Pattern$BnM
Event: 3.460 Loading class java/util/regex/Pattern$BnM done
Event: 3.460 Loading class java/util/regex/Pattern$Pos
Event: 3.461 Loading class java/util/regex/Pattern$Pos done
Event: 3.486 Loading class java/util/regex/Pattern$LazyLoop
Event: 3.486 Loading class java/util/regex/Pattern$Loop
Event: 3.487 Loading class java/util/regex/Pattern$Loop done
Event: 3.487 Loading class java/util/regex/Pattern$LazyLoop done
Event: 3.487 Loading class java/util/regex/Pattern$Prolog
Event: 3.488 Loading class java/util/regex/Pattern$Prolog done
Event: 3.507 Loading class java/lang/AssertionError
Event: 3.507 Loading class java/lang/AssertionError done
Event: 3.543 Loading class java/lang/Deprecated
Event: 3.543 Loading class java/lang/Deprecated done

Classes unloaded (0 events):
No events

Classes redefined (0 events):
No events

Internal exceptions (20 events):
Event: 3.358 Thread 0x00000251dd2f2540 Exception <a 'java/lang/IncompatibleClassChangeError'{0x00000000ccb42878}: Found class java.lang.Object, but interface was expected> (0x00000000ccb42878) 
thrown [s\open\src\hotspot\share\interpreter\linkResolver.cpp, line 833]
Event: 3.409 Thread 0x00000251dd2f2540 Exception <a 'java/lang/ClassNotFoundException'{0x00000000cca91fb0}: org/springframework/context/annotation/ConfigurationClassPostProcessorCustomizer> (0x00000000cca91fb0) 
thrown [s\open\src\hotspot\share\classfile\systemDictionary.cpp, line 255]
Event: 3.416 Thread 0x00000251dd2f2540 Exception <a 'java/lang/ClassNotFoundException'{0x00000000ccaae978}: org/springframework/beans/factory/support/BeanDefinitionRegistryPostProcessorCustomizer> (0x00000000ccaae978) 
thrown [s\open\src\hotspot\share\classfile\systemDictionary.cpp, line 255]
Event: 3.418 Thread 0x00000251dd2f2540 Exception <a 'java/lang/ClassNotFoundException'{0x00000000ccab2048}: org/springframework/beans/factory/config/BeanFactoryPostProcessorCustomizer> (0x00000000ccab2048) 
thrown [s\open\src\hotspot\share\classfile\systemDictionary.cpp, line 255]
Event: 3.418 Thread 0x00000251dd2f2540 Exception <a 'java/lang/ClassNotFoundException'{0x00000000ccab5720}: org/springframework/core/PriorityOrderedCustomizer> (0x00000000ccab5720) 
thrown [s\open\src\hotspot\share\classfile\systemDictionary.cpp, line 255]
Event: 3.419 Thread 0x00000251dd2f2540 Exception <a 'java/lang/ClassNotFoundException'{0x00000000ccab7af8}: org/springframework/core/OrderedCustomizer> (0x00000000ccab7af8) 
thrown [s\open\src\hotspot\share\classfile\systemDictionary.cpp, line 255]
Event: 3.420 Thread 0x00000251dd2f2540 Exception <a 'java/lang/ClassNotFoundException'{0x00000000ccabafa8}: org/springframework/context/ResourceLoaderAwareCustomizer> (0x00000000ccabafa8) 
thrown [s\open\src\hotspot\share\classfile\systemDictionary.cpp, line 255]
Event: 3.421 Thread 0x00000251dd2f2540 Exception <a 'java/lang/ClassNotFoundException'{0x00000000ccabe650}: org/springframework/beans/factory/AwareCustomizer> (0x00000000ccabe650) 
thrown [s\open\src\hotspot\share\classfile\systemDictionary.cpp, line 255]
Event: 3.422 Thread 0x00000251dd2f2540 Exception <a 'java/lang/ClassNotFoundException'{0x00000000ccac0c20}: org/springframework/context/ApplicationStartupAwareCustomizer> (0x00000000ccac0c20) 
thrown [s\open\src\hotspot\share\classfile\systemDictionary.cpp, line 255]
Event: 3.423 Thread 0x00000251dd2f2540 Exception <a 'java/lang/ClassNotFoundException'{0x00000000ccac4550}: org/springframework/beans/factory/AwareCustomizer> (0x00000000ccac4550) 
thrown [s\open\src\hotspot\share\classfile\systemDictionary.cpp, line 255]
Event: 3.424 Thread 0x00000251dd2f2540 Exception <a 'java/lang/ClassNotFoundException'{0x00000000ccac6ae8}: org/springframework/beans/factory/BeanClassLoaderAwareCustomizer> (0x00000000ccac6ae8) 
thrown [s\open\src\hotspot\share\classfile\systemDictionary.cpp, line 255]
Event: 3.425 Thread 0x00000251dd2f2540 Exception <a 'java/lang/ClassNotFoundException'{0x00000000cc986828}: org/springframework/beans/factory/AwareCustomizer> (0x00000000cc986828) 
thrown [s\open\src\hotspot\share\classfile\systemDictionary.cpp, line 255]
Event: 3.426 Thread 0x00000251dd2f2540 Exception <a 'java/lang/ClassNotFoundException'{0x00000000cc988ca0}: org/springframework/context/EnvironmentAwareCustomizer> (0x00000000cc988ca0) 
thrown [s\open\src\hotspot\share\classfile\systemDictionary.cpp, line 255]
Event: 3.428 Thread 0x00000251dd2f2540 Exception <a 'java/lang/ClassNotFoundException'{0x00000000cc98c2c8}: org/springframework/beans/factory/AwareCustomizer> (0x00000000cc98c2c8) 
thrown [s\open\src\hotspot\share\classfile\systemDictionary.cpp, line 255]
Event: 3.481 Thread 0x00000251fcffe8a0 Exception <a 'java/lang/NoSuchMethodError'{0x00000000cc7bdc98}: 'long java.lang.invoke.DirectMethodHandle$Holder.invokeSpecial(java.lang.Object, java.lang.Object)'> (0x00000000cc7bdc98) 
thrown [s\open\src\hotspot\share\interpreter\linkResolver.cpp, line 766]
Event: 3.488 Thread 0x00000251fcffe8a0 Exception <a 'java/lang/NoSuchMethodError'{0x00000000cc6016e0}: 'long java.lang.invoke.DirectMethodHandle$Holder.invokeStatic(java.lang.Object, java.lang.Object)'> (0x00000000cc6016e0) 
thrown [s\open\src\hotspot\share\interpreter\linkResolver.cpp, line 766]
Event: 3.489 Thread 0x00000251fcffe8a0 Exception <a 'java/lang/NoSuchMethodError'{0x00000000cc604cd8}: 'long java.lang.invoke.DirectMethodHandle$Holder.invokeStaticInit(java.lang.Object, java.lang.Object)'> (0x00000000cc604cd8) 
thrown [s\open\src\hotspot\share\interpreter\linkResolver.cpp, line 766]
Event: 3.495 Thread 0x00000251fcffe8a0 Exception <a 'java/lang/NoSuchMethodError'{0x00000000cc612e40}: 'long java.lang.invoke.DirectMethodHandle$Holder.invokeInterface(java.lang.Object, java.lang.Object)'> (0x00000000cc612e40) 
thrown [s\open\src\hotspot\share\interpreter\linkResolver.cpp, line 766]
Event: 3.497 Thread 0x00000251fcffe8a0 Exception <a 'java/lang/IncompatibleClassChangeError'{0x00000000cc6163c8}: Found class java.lang.Object, but interface was expected> (0x00000000cc6163c8) 
thrown [s\open\src\hotspot\share\interpreter\linkResolver.cpp, line 833]
Event: 3.522 Thread 0x00000251fcffe8a0 Exception <a 'java/lang/NoSuchMethodError'{0x00000000cc6cfba0}: 'java.lang.Object java.lang.invoke.DirectMethodHandle$Holder.invokeVirtual(java.lang.Object, java.lang.Object, java.lang.Object, java.lang.Object)'> (0x00000000cc6cfba0) 
thrown [s\open\src\hotspot\share\interpreter\linkResolver.cpp, line 766]

VM Operations (20 events):
Event: 2.149 Executing VM operation: HandshakeAllThreads
Event: 2.149 Executing VM operation: HandshakeAllThreads done
Event: 2.378 Executing VM operation: G1CollectForAllocation
Event: 2.386 Executing VM operation: G1CollectForAllocation done
Event: 2.431 Executing VM operation: HandshakeAllThreads
Event: 2.431 Executing VM operation: HandshakeAllThreads done
Event: 2.532 Executing VM operation: HandshakeAllThreads
Event: 2.532 Executing VM operation: HandshakeAllThreads done
Event: 2.533 Executing VM operation: HandshakeAllThreads
Event: 2.533 Executing VM operation: HandshakeAllThreads done
Event: 3.246 Executing VM operation: HandshakeAllThreads
Event: 3.246 Executing VM operation: HandshakeAllThreads done
Event: 3.319 Executing VM operation: G1CollectForAllocation
Event: 3.319 Executing VM operation: G1CollectForAllocation done
Event: 3.319 Executing VM operation: G1CollectForAllocation
Event: 3.325 Executing VM operation: G1CollectForAllocation done
Event: 3.364 Executing VM operation: HandshakeAllThreads
Event: 3.364 Executing VM operation: HandshakeAllThreads done
Event: 3.454 Executing VM operation: HandshakeAllThreads
Event: 3.454 Executing VM operation: HandshakeAllThreads done

Events (20 events):
Event: 0.085 Thread 0x00000251f80ff3d0 Thread added: 0x00000251f80ff3d0
Event: 0.085 Thread 0x00000251f80ffd70 Thread added: 0x00000251f80ffd70
Event: 0.085 Thread 0x00000251f8103f40 Thread added: 0x00000251f8103f40
Event: 0.086 Thread 0x00000251f8105840 Thread added: 0x00000251f8105840
Event: 0.086 Thread 0x00000251f810e140 Thread added: 0x00000251f810e140
Event: 0.212 Thread 0x00000251fc428430 Thread added: 0x00000251fc428430
Event: 0.272 Loaded shared library C:\Users\sande\OneDrive\Desktop\jdk-18.0.1.1\bin\zip.dll
Event: 0.286 Loaded shared library C:\Users\sande\OneDrive\Desktop\jdk-18.0.1.1\bin\instrument.dll
Event: 0.305 Loaded shared library C:\Users\sande\OneDrive\Desktop\jdk-18.0.1.1\bin\net.dll
Event: 0.322 Loaded shared library C:\Users\sande\OneDrive\Desktop\jdk-18.0.1.1\bin\nio.dll
Event: 0.332 Loaded shared library C:\Users\sande\OneDrive\Desktop\jdk-18.0.1.1\bin\zip.dll
Event: 0.613 Loaded shared library C:\Program Files\JetBrains\IntelliJ IDEA Community Edition 2023.2.5\bin\breakgen64.dll
Event: 0.623 Thread 0x00000251fc6d4830 Thread added: 0x00000251fc6d4830
Event: 0.625 Thread 0x00000251fc6d6d00 Thread added: 0x00000251fc6d6d00
Event: 0.781 Loaded shared library C:\Users\sande\OneDrive\Desktop\jdk-18.0.1.1\bin\verify.dll
Event: 0.791 Loaded shared library C:\Users\sande\OneDrive\Desktop\jdk-18.0.1.1\bin\jimage.dll
Event: 2.280 Loaded shared library C:\Users\sande\OneDrive\Desktop\jdk-18.0.1.1\bin\management.dll
Event: 2.284 Loaded shared library C:\Users\sande\OneDrive\Desktop\jdk-18.0.1.1\bin\management_ext.dll
Event: 2.488 Thread 0x00000251fcffe8a0 Thread added: 0x00000251fcffe8a0
Event: 3.535 Thread 0x00000251fcffe8a0 Thread exited: 0x00000251fcffe8a0


Dynamic libraries:
0x00007ff6f8300000 - 0x00007ff6f8310000 	C:\Users\sande\OneDrive\Desktop\jdk-18.0.1.1\bin\java.exe
0x00007ffec9070000 - 0x00007ffec9287000 	C:\WINDOWS\SYSTEM32\ntdll.dll
0x00007ffec6e10000 - 0x00007ffec6ed4000 	C:\WINDOWS\System32\KERNEL32.DLL
0x00007ffec68e0000 - 0x00007ffec6c8c000 	C:\WINDOWS\System32\KERNELBASE.dll
0x00007ffec6450000 - 0x00007ffec6561000 	C:\WINDOWS\System32\ucrtbase.dll
0x00007ffeb1670000 - 0x00007ffeb1688000 	C:\Users\sande\OneDrive\Desktop\jdk-18.0.1.1\bin\jli.dll
0x00007ffec8cd0000 - 0x00007ffec8d82000 	C:\WINDOWS\System32\ADVAPI32.dll
0x00007ffe9cf20000 - 0x00007ffe9cf3a000 	C:\Users\sande\OneDrive\Desktop\jdk-18.0.1.1\bin\VCRUNTIME140.dll
0x00007ffec8b20000 - 0x00007ffec8bc7000 	C:\WINDOWS\System32\msvcrt.dll
0x00007ffec7640000 - 0x00007ffec76ea000 	C:\WINDOWS\System32\sechost.dll
0x00007ffec6420000 - 0x00007ffec6448000 	C:\WINDOWS\System32\bcrypt.dll
0x00007ffec7970000 - 0x00007ffec7a85000 	C:\WINDOWS\System32\RPCRT4.dll
0x00007ffec7390000 - 0x00007ffec753e000 	C:\WINDOWS\System32\USER32.dll
0x00007ffec66d0000 - 0x00007ffec66f6000 	C:\WINDOWS\System32\win32u.dll
0x00007ffec6ee0000 - 0x00007ffec6f09000 	C:\WINDOWS\System32\GDI32.dll
0x00007ffeb21c0000 - 0x00007ffeb2453000 	C:\WINDOWS\WinSxS\amd64_microsoft.windows.common-controls_6595b64144ccf1df_6.0.22621.3672_none_2713b9d173822955\COMCTL32.dll
0x00007ffec6c90000 - 0x00007ffec6da9000 	C:\WINDOWS\System32\gdi32full.dll
0x00007ffec6630000 - 0x00007ffec66ca000 	C:\WINDOWS\System32\msvcp_win.dll
0x00007ffebee70000 - 0x00007ffebee7a000 	C:\WINDOWS\SYSTEM32\VERSION.dll
0x00007ffec8f90000 - 0x00007ffec8fc1000 	C:\WINDOWS\System32\IMM32.DLL
0x00007ffea0560000 - 0x00007ffea056c000 	C:\Users\sande\OneDrive\Desktop\jdk-18.0.1.1\bin\vcruntime140_1.dll
0x00007ffe7c4a0000 - 0x00007ffe7c52d000 	C:\Users\sande\OneDrive\Desktop\jdk-18.0.1.1\bin\msvcp140.dll
0x00007ffe51af0000 - 0x00007ffe52700000 	C:\Users\sande\OneDrive\Desktop\jdk-18.0.1.1\bin\server\jvm.dll
0x00007ffec80e0000 - 0x00007ffec80e8000 	C:\WINDOWS\System32\PSAPI.DLL
0x00007ffec2470000 - 0x00007ffec24a4000 	C:\WINDOWS\SYSTEM32\WINMM.dll
0x00007ffe80160000 - 0x00007ffe80169000 	C:\WINDOWS\SYSTEM32\WSOCK32.dll
0x00007ffec8040000 - 0x00007ffec80b1000 	C:\WINDOWS\System32\WS2_32.dll
0x00007ffec5390000 - 0x00007ffec53a8000 	C:\WINDOWS\SYSTEM32\kernel.appcore.dll
0x00007ffe9f2a0000 - 0x00007ffe9f2aa000 	C:\Users\sande\OneDrive\Desktop\jdk-18.0.1.1\bin\jimage.dll
0x00007ffebfb40000 - 0x00007ffebfd72000 	C:\WINDOWS\SYSTEM32\DBGHELP.DLL
0x00007ffec7a90000 - 0x00007ffec7e18000 	C:\WINDOWS\System32\combase.dll
0x00007ffec8bd0000 - 0x00007ffec8ca7000 	C:\WINDOWS\System32\OLEAUT32.dll
0x00007ffea4850000 - 0x00007ffea4882000 	C:\WINDOWS\SYSTEM32\dbgcore.DLL
0x00007ffec63a0000 - 0x00007ffec641b000 	C:\WINDOWS\System32\bcryptPrimitives.dll
0x00007ffe9d080000 - 0x00007ffe9d08e000 	C:\Users\sande\OneDrive\Desktop\jdk-18.0.1.1\bin\instrument.dll
0x00007ffe9cef0000 - 0x00007ffe9cf15000 	C:\Users\sande\OneDrive\Desktop\jdk-18.0.1.1\bin\java.dll
0x00007ffe6c920000 - 0x00007ffe6c9f6000 	C:\Users\sande\OneDrive\Desktop\jdk-18.0.1.1\bin\jsvml.dll
0x00007ffec80f0000 - 0x00007ffec894c000 	C:\WINDOWS\System32\SHELL32.dll
0x00007ffec42a0000 - 0x00007ffec4b97000 	C:\WINDOWS\SYSTEM32\windows.storage.dll
0x00007ffec4160000 - 0x00007ffec429f000 	C:\WINDOWS\SYSTEM32\wintypes.dll
0x00007ffec8d90000 - 0x00007ffec8e84000 	C:\WINDOWS\System32\SHCORE.dll
0x00007ffec6db0000 - 0x00007ffec6e0e000 	C:\WINDOWS\System32\shlwapi.dll
0x00007ffec62d0000 - 0x00007ffec62f1000 	C:\WINDOWS\SYSTEM32\profapi.dll
0x00007ffe9b5d0000 - 0x00007ffe9b5e8000 	C:\Users\sande\OneDrive\Desktop\jdk-18.0.1.1\bin\zip.dll
0x00007ffe9b780000 - 0x00007ffe9b793000 	C:\Users\sande\OneDrive\Desktop\jdk-18.0.1.1\bin\net.dll
0x00007ffebf270000 - 0x00007ffebf3a6000 	C:\WINDOWS\SYSTEM32\WINHTTP.dll
0x00007ffec5800000 - 0x00007ffec5869000 	C:\WINDOWS\system32\mswsock.dll
0x00007ffe9b6b0000 - 0x00007ffe9b6c6000 	C:\Users\sande\OneDrive\Desktop\jdk-18.0.1.1\bin\nio.dll
0x00007ffe9d060000 - 0x00007ffe9d07a000 	C:\Program Files\JetBrains\IntelliJ IDEA Community Edition 2023.2.5\bin\breakgen64.dll
0x00007ffe9cfa0000 - 0x00007ffe9cfb0000 	C:\Users\sande\OneDrive\Desktop\jdk-18.0.1.1\bin\verify.dll
0x00007ffe9d040000 - 0x00007ffe9d049000 	C:\Users\sande\OneDrive\Desktop\jdk-18.0.1.1\bin\management.dll
0x00007ffe9d030000 - 0x00007ffe9d03b000 	C:\Users\sande\OneDrive\Desktop\jdk-18.0.1.1\bin\management_ext.dll
0x00007ffea3840000 - 0x00007ffea3857000 	C:\WINDOWS\system32\napinsp.dll
0x00007ffea37e0000 - 0x00007ffea37fb000 	C:\WINDOWS\system32\pnrpnsp.dll
0x00007ffec4e30000 - 0x00007ffec4f28000 	C:\WINDOWS\SYSTEM32\DNSAPI.dll
0x00007ffec4e00000 - 0x00007ffec4e2d000 	C:\WINDOWS\SYSTEM32\IPHLPAPI.DLL
0x00007ffec8030000 - 0x00007ffec8039000 	C:\WINDOWS\System32\NSI.dll
0x00007ffea3790000 - 0x00007ffea37a1000 	C:\WINDOWS\System32\winrnr.dll
0x00007ffea3770000 - 0x00007ffea3785000 	C:\WINDOWS\system32\wshbth.dll
0x00007ffea33d0000 - 0x00007ffea33f7000 	C:\WINDOWS\system32\nlansp_c.dll
0x00007ffeae060000 - 0x00007ffeae06a000 	C:\Windows\System32\rasadhlp.dll
0x00007ffeaf540000 - 0x00007ffeaf5c3000 	C:\WINDOWS\System32\fwpuclnt.dll

dbghelp: loaded successfully - version: 4.0.5 - missing functions: none
symbol engine: initialized successfully - sym options: 0x614 - pdb path: .;C:\Users\sande\OneDrive\Desktop\jdk-18.0.1.1\bin;C:\WINDOWS\SYSTEM32;C:\WINDOWS\WinSxS\amd64_microsoft.windows.common-controls_6595b64144ccf1df_6.0.22621.3672_none_2713b9d173822955;C:\Users\sande\OneDrive\Desktop\jdk-18.0.1.1\bin\server;C:\Program Files\JetBrains\IntelliJ IDEA Community Edition 2023.2.5\bin

VM Arguments:
jvm_args: -javaagent:C:\Program Files\JetBrains\IntelliJ IDEA Community Edition 2023.2.5\lib\idea_rt.jar=56827:C:\Program Files\JetBrains\IntelliJ IDEA Community Edition 2023.2.5\bin -Dfile.encoding=UTF-8 -Dsun.stdout.encoding=UTF-8 -Dsun.stderr.encoding=UTF-8 
java_command: com.example.StockPicker.StockPickerApplication
java_class_path (initial): C:\Users\sande\Downloads\demo\target\classes;C:\Users\sande\.m2\repository\org\openjfx\javafx-controls\17\javafx-controls-17.jar;C:\Users\sande\.m2\repository\org\openjfx\javafx-graphics\17\javafx-graphics-17.jar;C:\Users\sande\.m2\repository\org\openjfx\javafx-base\17\javafx-base-17.jar;C:\Users\sande\.m2\repository\org\openjfx\javafx-fxml\17\javafx-fxml-17.jar;C:\Users\sande\.m2\repository\org\springframework\boot\spring-boot-starter-web\2.6.0\spring-boot-starter-web-2.6.0.jar;C:\Users\sande\.m2\repository\org\springframework\boot\spring-boot-starter\2.6.0\spring-boot-starter-2.6.0.jar;C:\Users\sande\.m2\repository\org\springframework\boot\spring-boot\2.6.0\spring-boot-2.6.0.jar;C:\Users\sande\.m2\repository\org\springframework\boot\spring-boot-autoconfigure\2.6.0\spring-boot-autoconfigure-2.6.0.jar;C:\Users\sande\.m2\repository\org\springframework\boot\spring-boot-starter-logging\2.6.0\spring-boot-starter-logging-2.6.0.jar;C:\Users\sande\.m2\repository\ch\qos\logback\logback-classic\1.2.7\logback-classic-1.2.7.jar;C:\Users\sande\Downloads\javafx\jfxrt.jar;C:\Users\sande\.m2\repository\ch\qos\logback\logback-core\1.2.7\logback-core-1.2.7.jar;C:\Users\sande\.m2\repository\org\apache\logging\log4j\log4j-to-slf4j\2.14.1\log4j-to-slf4j-2.14.1.jar;C:\Users\sande\.m2\repository\org\apache\logging\log4j\log4j-api\2.14.1\log4j-api-2.14.1.jar;C:\Users\sande\.m2\repository\org\slf4j\jul-to-slf4j\1.7.32\jul-to-slf4j-1.7.32.jar;C:\Users\sande\.m2\repository\jakarta\annotation\jakarta.annotation-api\1.3.5\jakarta.annotation-api-1.3.5.jar;C:\Users\sande\.m2\repository\org\yaml\snakeyaml\1.29\snakeyaml-1.29.jar;C:\Users\sande\.m2\repository\org\springframework\boot\spring-boot-starter-json\2.6.0\spring-boot-starter-json-2.6.0.jar;C:\Users\sande\.m2\repository\com\fasterxml\jackson\core\jackson-databind\2.13.0\jackson-databind-2.13.0.jar;C:\Users\sande\.m2\repository\com\fasterxml\jackson\core\jackson-annotations\2.13.0\jackson-annotations-2.13.0.jar;C:\Users\sande\.m2\repository\com\fasterxml\jackson\core\jackson-core\2.13.0\jackson-core-2.13.0.jar;C:\Users\sande\.m2\repository\com\fasterxml\jackson\datatype\jackson-datatype-jdk8\2.13.0\jackson-datatype-jdk8-2.13.0.jar;C:\Users\sande\.m2\repository\com\fasterxml\jackson\datatype\jackson-datatype-jsr310\2.13.0\jackson-datatype-jsr310-2.13.0.jar;C:\Users\sande\.m2\repository\com\fasterxml\jackson\module\jackson-module-parameter-names\2.13.0\jackson-module-parameter-names-2.13.0.jar;C:\Users\sande\.m2\repository\org\springframework\boot\spring-boot-starter-tomcat\2.6.0\spring-boot-starter-tomcat-2.6.0.jar;C:\Users\sande\.m2\repository\org\apache\tomcat\embed\tomcat-embed-core\9.0.55\tomcat-embed-core-9.0.55.jar;C:\Users\sande\.m2\repository\org\apache\tomcat\embed\tomcat-embed-el\9.0.55\tomcat-embed-el-9.0.55.jar;C:\Users\sande\.m2\repository\org\apache\tomcat\embed\tomcat-embed-websocket\9.0.55\tomcat-embed-websocket-9.0.55.jar;C:\Users\sande\.m2\repository\org\springframework\spring-web\5.3.13\spring-web-5.3.13.jar;C:\Users\sande\.m2\repository\org\springframework\spring-beans\5.3.13\spring-beans-5.3.13.jar;C:\Users\sande\.m2\repository\org\springframework\spring-webmvc\5.3.13\spring-webmvc-5.3.13.jar;C:\Users\sande\.m2\repository\org\springframework\spring-aop\5.3.13\spring-aop-5.3.13.jar;C:\Users\sande\.m2\repository\org\springframework\spring-context\5.3.13\spring-context-5.3.13.jar;C:\Users\sande\.m2\repository\org\springframework\spring-expression\5.3.13\spring-expression-5.3.13.jar;C:\Users\sande\.m2\repository\org\slf4j\slf4j-api\1.7.30\slf4j-api-1.7.30.jar;C:\Users\sande\.m2\repository\org\springframework\spring-core\5.3.13\spring-core-5.3.13.jar;C:\Users\sande\.m2\repository\org\springframework\spring-jcl\5.3.13\spring-jcl-5.3.13.jar;C:\Users\sande\.m2\repository\com\vaadin\external\google\android-json\0.0.20131108.vaadin1\android-json-0.0.20131108.vaadin1.jar;C:\Users\sande\.m2\repository\org\apache\httpcomponents\httpcore\4.4.16\httpcore-4.4.16.jar
Launcher Type: SUN_STANDARD

[Global flags]
     intx CICompilerCount                          = 3                                         {product} {ergonomic}
     uint ConcGCThreads                            = 1                                         {product} {ergonomic}
     uint G1ConcRefinementThreads                  = 4                                         {product} {ergonomic}
   size_t G1HeapRegionSize                         = 1048576                                   {product} {ergonomic}
    uintx GCDrainStackTargetSize                   = 64                                        {product} {ergonomic}
   size_t InitialHeapSize                          = 58720256                                  {product} {ergonomic}
   size_t MarkStackSize                            = 4194304                                   {product} {ergonomic}
   size_t MaxHeapSize                              = 918552576                                 {product} {ergonomic}
   size_t MaxNewSize                               = 550502400                                 {product} {ergonomic}
   size_t MinHeapDeltaBytes                        = 1048576                                   {product} {ergonomic}
   size_t MinHeapSize                              = 8388608                                   {product} {ergonomic}
    uintx NonNMethodCodeHeapSize                   = 5832780                                {pd product} {ergonomic}
    uintx NonProfiledCodeHeapSize                  = 122912730                              {pd product} {ergonomic}
    uintx ProfiledCodeHeapSize                     = 122912730                              {pd product} {ergonomic}
    uintx ReservedCodeCacheSize                    = 251658240                              {pd product} {ergonomic}
     bool SegmentedCodeCache                       = true                                      {product} {ergonomic}
   size_t SoftMaxHeapSize                          = 918552576                              {manageable} {ergonomic}
     bool UseCompressedClassPointers               = true                           {product lp64_product} {ergonomic}
     bool UseCompressedOops                        = true                           {product lp64_product} {ergonomic}
     bool UseG1GC                                  = true                                      {product} {ergonomic}
     bool UseLargePagesIndividualAllocation        = false                                  {pd product} {ergonomic}

Logging:
Log output configuration:
 #0: stdout all=warning uptime,level,tags foldmultilines=false
 #1: stderr all=off uptime,level,tags foldmultilines=false

Environment Variables:
JAVA_HOME=C:\Users\sande\OneDrive\Desktop\jdk-18.0.1.1
PATH=C:\Python312\Scripts\;C:\Python312\;C:\Python311\Scripts\;C:\Python311\;C:\ProgramData\Oracle\Java\javapath;C:\Users\sande\OneDrive\Desktop\19c\WINDOWS.X64_193000_db_home\bin;C:\app\sande\product\21c\dbhomeXE\bin;C:\Program Files (x86)\Common Files\Oracle\Java\javapath;C:\Python310\Scripts\;C:\Python310\;C:\Users\sande\OneDrive\Desktop\Apache;C:\WINDOWS;C:\WINDOWS\System32\Wbem;C:\WINDOWS\System32\WindowsPowerShell\v1.0\;C:\WINDOWS\System32\OpenSSH\;C:\Program Files\apache-maven-3.8.5\bin;C:\Users\sande\AppData\Local\Programs\Microsoft VS Code\bin;C:\ProgramData\chocolatey\bin;C:\Users\sande\OneDrive\Desktop\jdk-18.0.1.1;C:\Users\sande\Downloads\spring-tool-suite-4-4.17.1.RELEASE-e4.26.0-win32.win32.x86_64.self-extracting\META-INF\maven\org.springframework.ide\self-extracting-jar-creator;C:\Users\sande\OneDrive\Desktop\jdk-9.0.4_windows-x64_bin;C:\Users\sande\OneDrive\Desktop\jdk-8u202-windows-i586;%JAVA_HOME%\bin;C:\Python\Python36-32\Scripts;C:\Python27;"C:\Python27;C:\Python27\Scripts\";C:\WINDOWS\system32;C:\Users\sande\AppData\Roaming\nvm;C:\Program Files\nodejs;C:\Program Files\nodejs\node_modules\npm\bin;C:\Program Files\nodejs\;C:\Program Files\HP\HP One Agent;C:\Program Files\Git\cmd;C:\Users\sande\AppData\Microsoft\WindowsApps;C:\Users\sande\AppData\Local\Programs\Microsoft VS Code\bin;C:\Users\sande\OneDrive\Desktop\jdk-8u202-windows-i586;C:\Users\sande\OneDrive\Desktop\apache-maven-3.8.5;C:\Users\sande\OneDrive\Desktop\jdk-18.0.1.1;C:\Users\sande\OneDrive\Desktop\jdk-9.0.4_windows-x64_bin;C:\Users\sande\OneDrive\Desktop\jdk-18.0.1.1\bin;C:\Python310\Scripts\;C:\Python310\;C:\Python\Python36-32\Scripts;C:\Users\sande\AppData\Local\npm-cache_npx;C:\Users\sande\AppData\Local\Microsoft\WindowsApps;C:\Users\sande\AppData\Roaming\nvm;C:\Program Files\nodejs;C:\Users\sande\AppData\Roaming\npm
USERNAME=sande
OS=Windows_NT
PROCESSOR_IDENTIFIER=AMD64 Family 23 Model 24 Stepping 1, AuthenticAMD



---------------  S Y S T E M  ---------------

OS:
 Windows 11 , 64 bit Build 22621 (10.0.22621.3672)
OS uptime: 0 days 22:25 hours
Hyper-V role detected

CPU: total 4 (initial active 4) (4 cores per cpu, 2 threads per core) family 23 model 24 stepping 1 microcode 0x0, cx8, cmov, fxsr, ht, mmx, 3dnowpref, sse, sse2, sse3, ssse3, sse4a, sse4.1, sse4.2, popcnt, lzcnt, tsc, tscinvbit, avx, avx2, aes, clmul, bmi1, bmi2, adx, sha, fma, vzeroupper, clflush, clflushopt, hv

Memory: 4k page, system-wide physical 3499M (153M free)
TotalPageFile size 12130M (AvailPageFile size 0M)
current process WorkingSet (physical memory assigned to process): 99M, peak: 99M
current process commit charge ("private bytes"): 159M, peak: 160M

vm_info: Java HotSpot(TM) 64-Bit Server VM (18.0.1.1+2-6) for windows-amd64 JRE (18.0.1.1+2-6), built on Apr 25 2022 21:53:15 by "mach5one" with MS VC++ 16.8 / 16.9 (VS2019)

END.
