#
# There is insufficient memory for the Java Runtime Environment to continue.
# Native memory allocation (malloc) failed to allocate 1581936 bytes for Chunk::new
# Possible reasons:
#   The system is out of physical RAM or swap space
#   The process is running with CompressedOops enabled, and the Java Heap may be blocking the growth of the native heap
# Possible solutions:
#   Reduce memory load on the system
#   Increase physical memory or swap space
#   Check if swap backing store is full
#   Decrease Java heap size (-Xmx/-Xms)
#   Decrease number of Java threads
#   Decrease Java thread stack sizes (-Xss)
#   Set larger code cache with -XX:ReservedCodeCacheSize=
#   JVM is running with Unscaled Compressed Oops mode in which the Java heap is
#     placed in the first 4GB address space. The Java Heap base address is the
#     maximum limit for the native heap growth. Please use -XX:HeapBaseMinAddress
#     to set the Java Heap base and to place the Java Heap above 4GB virtual address.
# This output file may be truncated or incomplete.
#
#  Out of Memory Error (arena.cpp:184), pid=19076, tid=17920
#
# JRE version: Java(TM) SE Runtime Environment (18.0.1.1+2) (build 18.0.1.1+2-6)
# Java VM: Java HotSpot(TM) 64-Bit Server VM (18.0.1.1+2-6, mixed mode, sharing, tiered, compressed oops, compressed class ptrs, g1 gc, windows-amd64)
# No core dump will be written. Minidumps are not enabled by default on client versions of Windows
#

---------------  S U M M A R Y ------------

Command Line: -javaagent:C:\Program Files\JetBrains\IntelliJ IDEA Community Edition 2023.2.5\lib\idea_rt.jar=55850:C:\Program Files\JetBrains\IntelliJ IDEA Community Edition 2023.2.5\bin -Dfile.encoding=UTF-8 -Dsun.stdout.encoding=UTF-8 -Dsun.stderr.encoding=UTF-8 com.example.StockPicker.StockPickerApplication

Host: AMD Ryzen 3 3250U with Radeon Graphics         , 4 cores, 3G,  Windows 11 , 64 bit Build 22621 (10.0.22621.3672)
Time: Sat Jul 13 00:47:18 2024 Eastern Daylight Time elapsed time: 10.944023 seconds (0d 0h 0m 10s)

---------------  T H R E A D  ---------------

Current thread (0x000001f2ffe8feb0):  JavaThread "C2 CompilerThread0" daemon [_thread_in_native, id=17920, stack(0x0000009fcbb00000,0x0000009fcbc00000)]


Current CompileTask:
C2:  10944 2608   !   4       jdk.internal.loader.BuiltinClassLoader::loadClassOrNull (143 bytes)

Stack: [0x0000009fcbb00000,0x0000009fcbc00000]
Native frames: (J=compiled Java code, j=interpreted, Vv=VM code, C=native code)
V  [jvm.dll+0x69887a]
V  [jvm.dll+0x7f38bd]
V  [jvm.dll+0x7f51ce]
V  [jvm.dll+0x7f5883]
V  [jvm.dll+0x25ca3f]
V  [jvm.dll+0xb8c2f]
V  [jvm.dll+0xb8fa5]
V  [jvm.dll+0x385a31]
V  [jvm.dll+0x34f811]
V  [jvm.dll+0x34ecaa]
V  [jvm.dll+0x22fc21]
V  [jvm.dll+0x22eff1]
V  [jvm.dll+0x1b9cfc]
V  [jvm.dll+0x23e8ca]
V  [jvm.dll+0x23cbb5]
V  [jvm.dll+0x7a5fb1]
V  [jvm.dll+0x7a03ea]
V  [jvm.dll+0x697725]
C  [ucrtbase.dll+0x29333]
C  [KERNEL32.DLL+0x1257d]
C  [ntdll.dll+0x5af28]


---------------  P R O C E S S  ---------------

Threads class SMR info:
_java_thread_list=0x000001f28747cea0, length=13, elements={
0x000001f2e7072190, 0x000001f2e7105930, 0x000001f2e7106590, 0x000001f2e711d530,
0x000001f2ffe8df90, 0x000001f2ffe8e840, 0x000001f2ffe8f1e0, 0x000001f2ffe8feb0,
0x000001f2ffe91f50, 0x000001f2ffe9bbe0, 0x000001f2ffe8d280, 0x000001f2863aee50,
0x000001f2863af310
}

Java Threads: ( => current thread )
  0x000001f2e7072190 JavaThread "main" [_thread_in_native, id=8656, stack(0x0000009fcae00000,0x0000009fcaf00000)]
  0x000001f2e7105930 JavaThread "Reference Handler" daemon [_thread_blocked, id=16504, stack(0x0000009fcb500000,0x0000009fcb600000)]
  0x000001f2e7106590 JavaThread "Finalizer" daemon [_thread_blocked, id=15756, stack(0x0000009fcb600000,0x0000009fcb700000)]
  0x000001f2e711d530 JavaThread "Signal Dispatcher" daemon [_thread_blocked, id=4848, stack(0x0000009fcb700000,0x0000009fcb800000)]
  0x000001f2ffe8df90 JavaThread "Attach Listener" daemon [_thread_blocked, id=17228, stack(0x0000009fcb800000,0x0000009fcb900000)]
  0x000001f2ffe8e840 JavaThread "Service Thread" daemon [_thread_blocked, id=6704, stack(0x0000009fcb900000,0x0000009fcba00000)]
  0x000001f2ffe8f1e0 JavaThread "Monitor Deflation Thread" daemon [_thread_blocked, id=16892, stack(0x0000009fcba00000,0x0000009fcbb00000)]
=>0x000001f2ffe8feb0 JavaThread "C2 CompilerThread0" daemon [_thread_in_native, id=17920, stack(0x0000009fcbb00000,0x0000009fcbc00000)]
  0x000001f2ffe91f50 JavaThread "C1 CompilerThread0" daemon [_thread_blocked, id=5324, stack(0x0000009fcbc00000,0x0000009fcbd00000)]
  0x000001f2ffe9bbe0 JavaThread "Sweeper thread" daemon [_thread_blocked, id=12764, stack(0x0000009fcbd00000,0x0000009fcbe00000)]
  0x000001f2ffe8d280 JavaThread "Common-Cleaner" daemon [_thread_blocked, id=18804, stack(0x0000009fcbe00000,0x0000009fcbf00000)]
  0x000001f2863aee50 JavaThread "Monitor Ctrl-Break" daemon [_thread_in_native, id=18148, stack(0x0000009fcbf00000,0x0000009fcc000000)]
  0x000001f2863af310 JavaThread "Notification Thread" daemon [_thread_blocked, id=12544, stack(0x0000009fcc000000,0x0000009fcc100000)]

Other Threads:
  0x000001f2e71027d0 VMThread "VM Thread" [stack: 0x0000009fcb400000,0x0000009fcb500000] [id=14204]
  0x000001f2863b2c80 WatcherThread "VM Periodic Task Thread" [stack: 0x0000009fcc100000,0x0000009fcc200000] [id=13076]
  0x000001f2e70af090 WorkerThread "GC Thread#0" [stack: 0x0000009fcaf00000,0x0000009fcb000000] [id=13408]
  0x000001f2869e0930 WorkerThread "GC Thread#1" [stack: 0x0000009fcc200000,0x0000009fcc300000] [id=5920]
  0x000001f2865ec330 WorkerThread "GC Thread#2" [stack: 0x0000009fcc300000,0x0000009fcc400000] [id=17760]
  0x000001f286ab30f0 WorkerThread "GC Thread#3" [stack: 0x0000009fcc400000,0x0000009fcc500000] [id=18064]
  0x000001f2e70b3670 ConcurrentGCThread "G1 Main Marker" [stack: 0x0000009fcb000000,0x0000009fcb100000] [id=18936]
  0x000001f2e4f6d7a0 WorkerThread "G1 Conc#0" [stack: 0x0000009fcb100000,0x0000009fcb200000] [id=14684]
  0x000001f2e70da7a0 ConcurrentGCThread "G1 Refine#0" [stack: 0x0000009fcb200000,0x0000009fcb300000] [id=14036]
  0x000001f2869b6ef0 ConcurrentGCThread "G1 Refine#1" [stack: 0x0000009fcc500000,0x0000009fcc600000] [id=10464]
  0x000001f2e70db0b0 ConcurrentGCThread "G1 Service" [stack: 0x0000009fcb300000,0x0000009fcb400000] [id=16132]

Threads with active compile tasks:
C2 CompilerThread0    11015 2608   !   4       jdk.internal.loader.BuiltinClassLoader::loadClassOrNull (143 bytes)

VM state: not at safepoint (normal execution)

VM Mutex/Monitor currently owned by a thread: None

Heap address: 0x00000000c9400000, size: 876 MB, Compressed Oops mode: 32-bit

CDS archive(s) mapped at: [0x0000000800000000-0x0000000800ba0000-0x0000000800ba0000), size 12189696, SharedBaseAddress: 0x0000000800000000, ArchiveRelocationMode: 0.
Compressed class space mapped at: 0x0000000800c00000-0x0000000840c00000, reserved size: 1073741824
Narrow klass base: 0x0000000800000000, Narrow klass shift: 0, Narrow klass range: 0x100000000

GC Precious Log:
 CardTable entry size: 512
 Card Set container configuration: InlinePtr #cards 5 size 8 Array Of Cards #cards 12 size 40 Howl #buckets 4 coarsen threshold 1843 Howl Bitmap #cards 512 size 80 coarsen threshold 460 Card regions per heap region 1 cards per card region 2048
 CPUs: 4 total, 4 available
 Memory: 3499M
 Large Page Support: Disabled
 NUMA Support: Disabled
 Compressed Oops: Enabled (32-bit)
 Heap Region Size: 1M
 Heap Min Capacity: 8M
 Heap Initial Capacity: 56M
 Heap Max Capacity: 876M
 Pre-touch: Disabled
 Parallel Workers: 4
 Concurrent Workers: 1
 Concurrent Refinement Workers: 4
 Periodic GC: Disabled

Heap:
 garbage-first heap   total 57344K, used 13225K [0x00000000c9400000, 0x0000000100000000)
  region size 1024K, 9 young (9216K), 4 survivors (4096K)
 Metaspace       used 18496K, committed 18688K, reserved 1114112K
  class space    used 2226K, committed 2304K, reserved 1048576K

Heap Regions: E=young(eden), S=young(survivor), O=old, HS=humongous(starts), HC=humongous(continues), CS=collection set, F=free, OA=open archive, CA=closed archive, TAMS=top-at-mark-start (previous, next)
|   0|0x00000000c9400000, 0x00000000c9500000, 0x00000000c9500000|100%|HS|  |TAMS 0x00000000c9400000, 0x00000000c9400000| Complete 
|   1|0x00000000c9500000, 0x00000000c9600000, 0x00000000c9600000|100%| O|  |TAMS 0x00000000c9500000, 0x00000000c9500000| Untracked 
|   2|0x00000000c9600000, 0x00000000c9700000, 0x00000000c9700000|100%| O|  |TAMS 0x00000000c9600000, 0x00000000c9600000| Untracked 
|   3|0x00000000c9700000, 0x00000000c9800000, 0x00000000c9800000|100%| O|  |TAMS 0x00000000c9700000, 0x00000000c9700000| Untracked 
|   4|0x00000000c9800000, 0x00000000c9900000, 0x00000000c9900000|100%| O|  |TAMS 0x00000000c9800000, 0x00000000c9800000| Untracked 
|   5|0x00000000c9900000, 0x00000000c9900000, 0x00000000c9a00000|  0%| F|  |TAMS 0x00000000c9900000, 0x00000000c9900000| Untracked 
|   6|0x00000000c9a00000, 0x00000000c9a00000, 0x00000000c9b00000|  0%| F|  |TAMS 0x00000000c9a00000, 0x00000000c9a00000| Untracked 
|   7|0x00000000c9b00000, 0x00000000c9b00000, 0x00000000c9c00000|  0%| F|  |TAMS 0x00000000c9b00000, 0x00000000c9b00000| Untracked 
|   8|0x00000000c9c00000, 0x00000000c9c00000, 0x00000000c9d00000|  0%| F|  |TAMS 0x00000000c9c00000, 0x00000000c9c00000| Untracked 
|   9|0x00000000c9d00000, 0x00000000c9d00000, 0x00000000c9e00000|  0%| F|  |TAMS 0x00000000c9d00000, 0x00000000c9d00000| Untracked 
|  10|0x00000000c9e00000, 0x00000000c9e00000, 0x00000000c9f00000|  0%| F|  |TAMS 0x00000000c9e00000, 0x00000000c9e00000| Untracked 
|  11|0x00000000c9f00000, 0x00000000c9f00000, 0x00000000ca000000|  0%| F|  |TAMS 0x00000000c9f00000, 0x00000000c9f00000| Untracked 
|  12|0x00000000ca000000, 0x00000000ca000000, 0x00000000ca100000|  0%| F|  |TAMS 0x00000000ca000000, 0x00000000ca000000| Untracked 
|  13|0x00000000ca100000, 0x00000000ca100000, 0x00000000ca200000|  0%| F|  |TAMS 0x00000000ca100000, 0x00000000ca100000| Untracked 
|  14|0x00000000ca200000, 0x00000000ca200000, 0x00000000ca300000|  0%| F|  |TAMS 0x00000000ca200000, 0x00000000ca200000| Untracked 
|  15|0x00000000ca300000, 0x00000000ca300000, 0x00000000ca400000|  0%| F|  |TAMS 0x00000000ca300000, 0x00000000ca300000| Untracked 
|  16|0x00000000ca400000, 0x00000000ca400000, 0x00000000ca500000|  0%| F|  |TAMS 0x00000000ca400000, 0x00000000ca400000| Untracked 
|  17|0x00000000ca500000, 0x00000000ca500000, 0x00000000ca600000|  0%| F|  |TAMS 0x00000000ca500000, 0x00000000ca500000| Untracked 
|  18|0x00000000ca600000, 0x00000000ca600000, 0x00000000ca700000|  0%| F|  |TAMS 0x00000000ca600000, 0x00000000ca600000| Untracked 
|  19|0x00000000ca700000, 0x00000000ca700000, 0x00000000ca800000|  0%| F|  |TAMS 0x00000000ca700000, 0x00000000ca700000| Untracked 
|  20|0x00000000ca800000, 0x00000000ca800000, 0x00000000ca900000|  0%| F|  |TAMS 0x00000000ca800000, 0x00000000ca800000| Untracked 
|  21|0x00000000ca900000, 0x00000000ca900000, 0x00000000caa00000|  0%| F|  |TAMS 0x00000000ca900000, 0x00000000ca900000| Untracked 
|  22|0x00000000caa00000, 0x00000000caa00000, 0x00000000cab00000|  0%| F|  |TAMS 0x00000000caa00000, 0x00000000caa00000| Untracked 
|  23|0x00000000cab00000, 0x00000000cabea440, 0x00000000cac00000| 91%| S|CS|TAMS 0x00000000cab00000, 0x00000000cab00000| Complete 
|  24|0x00000000cac00000, 0x00000000cad00000, 0x00000000cad00000|100%| S|CS|TAMS 0x00000000cac00000, 0x00000000cac00000| Complete 
|  25|0x00000000cad00000, 0x00000000cae00000, 0x00000000cae00000|100%| S|CS|TAMS 0x00000000cad00000, 0x00000000cad00000| Complete 
|  26|0x00000000cae00000, 0x00000000caf00000, 0x00000000caf00000|100%| S|CS|TAMS 0x00000000cae00000, 0x00000000cae00000| Complete 
|  27|0x00000000caf00000, 0x00000000caf00000, 0x00000000cb000000|  0%| F|  |TAMS 0x00000000caf00000, 0x00000000caf00000| Untracked 
|  28|0x00000000cb000000, 0x00000000cb000000, 0x00000000cb100000|  0%| F|  |TAMS 0x00000000cb000000, 0x00000000cb000000| Untracked 
|  29|0x00000000cb100000, 0x00000000cb100000, 0x00000000cb200000|  0%| F|  |TAMS 0x00000000cb100000, 0x00000000cb100000| Untracked 
|  30|0x00000000cb200000, 0x00000000cb200000, 0x00000000cb300000|  0%| F|  |TAMS 0x00000000cb200000, 0x00000000cb200000| Untracked 
|  31|0x00000000cb300000, 0x00000000cb300000, 0x00000000cb400000|  0%| F|  |TAMS 0x00000000cb300000, 0x00000000cb300000| Untracked 
|  32|0x00000000cb400000, 0x00000000cb400000, 0x00000000cb500000|  0%| F|  |TAMS 0x00000000cb400000, 0x00000000cb400000| Untracked 
|  33|0x00000000cb500000, 0x00000000cb500000, 0x00000000cb600000|  0%| F|  |TAMS 0x00000000cb500000, 0x00000000cb500000| Untracked 
|  34|0x00000000cb600000, 0x00000000cb600000, 0x00000000cb700000|  0%| F|  |TAMS 0x00000000cb600000, 0x00000000cb600000| Untracked 
|  35|0x00000000cb700000, 0x00000000cb700000, 0x00000000cb800000|  0%| F|  |TAMS 0x00000000cb700000, 0x00000000cb700000| Untracked 
|  36|0x00000000cb800000, 0x00000000cb800000, 0x00000000cb900000|  0%| F|  |TAMS 0x00000000cb800000, 0x00000000cb800000| Untracked 
|  37|0x00000000cb900000, 0x00000000cb900000, 0x00000000cba00000|  0%| F|  |TAMS 0x00000000cb900000, 0x00000000cb900000| Untracked 
|  38|0x00000000cba00000, 0x00000000cba00000, 0x00000000cbb00000|  0%| F|  |TAMS 0x00000000cba00000, 0x00000000cba00000| Untracked 
|  39|0x00000000cbb00000, 0x00000000cbb00000, 0x00000000cbc00000|  0%| F|  |TAMS 0x00000000cbb00000, 0x00000000cbb00000| Untracked 
|  40|0x00000000cbc00000, 0x00000000cbc00000, 0x00000000cbd00000|  0%| F|  |TAMS 0x00000000cbc00000, 0x00000000cbc00000| Untracked 
|  41|0x00000000cbd00000, 0x00000000cbd00000, 0x00000000cbe00000|  0%| F|  |TAMS 0x00000000cbd00000, 0x00000000cbd00000| Untracked 
|  42|0x00000000cbe00000, 0x00000000cbe00000, 0x00000000cbf00000|  0%| F|  |TAMS 0x00000000cbe00000, 0x00000000cbe00000| Untracked 
|  43|0x00000000cbf00000, 0x00000000cbf00000, 0x00000000cc000000|  0%| F|  |TAMS 0x00000000cbf00000, 0x00000000cbf00000| Untracked 
|  44|0x00000000cc000000, 0x00000000cc000000, 0x00000000cc100000|  0%| F|  |TAMS 0x00000000cc000000, 0x00000000cc000000| Untracked 
|  45|0x00000000cc100000, 0x00000000cc100000, 0x00000000cc200000|  0%| F|  |TAMS 0x00000000cc100000, 0x00000000cc100000| Untracked 
|  46|0x00000000cc200000, 0x00000000cc200000, 0x00000000cc300000|  0%| F|  |TAMS 0x00000000cc200000, 0x00000000cc200000| Untracked 
|  47|0x00000000cc300000, 0x00000000cc300000, 0x00000000cc400000|  0%| F|  |TAMS 0x00000000cc300000, 0x00000000cc300000| Untracked 
|  48|0x00000000cc400000, 0x00000000cc400000, 0x00000000cc500000|  0%| F|  |TAMS 0x00000000cc400000, 0x00000000cc400000| Untracked 
|  49|0x00000000cc500000, 0x00000000cc500000, 0x00000000cc600000|  0%| F|  |TAMS 0x00000000cc500000, 0x00000000cc500000| Untracked 
|  50|0x00000000cc600000, 0x00000000cc600000, 0x00000000cc700000|  0%| F|  |TAMS 0x00000000cc600000, 0x00000000cc600000| Untracked 
|  51|0x00000000cc700000, 0x00000000cc767108, 0x00000000cc800000| 40%| E|  |TAMS 0x00000000cc700000, 0x00000000cc700000| Complete 
|  52|0x00000000cc800000, 0x00000000cc900000, 0x00000000cc900000|100%| E|CS|TAMS 0x00000000cc800000, 0x00000000cc800000| Complete 
|  53|0x00000000cc900000, 0x00000000cca00000, 0x00000000cca00000|100%| E|CS|TAMS 0x00000000cc900000, 0x00000000cc900000| Complete 
|  54|0x00000000cca00000, 0x00000000ccb00000, 0x00000000ccb00000|100%| E|CS|TAMS 0x00000000cca00000, 0x00000000cca00000| Complete 
|  55|0x00000000ccb00000, 0x00000000ccc00000, 0x00000000ccc00000|100%| E|CS|TAMS 0x00000000ccb00000, 0x00000000ccb00000| Complete 

Card table byte_map: [0x000001f2fdb50000,0x000001f2fdd10000] _byte_map_base: 0x000001f2fd506000

Marking Bits (Prev, Next): (CMBitMap*) 0x000001f2e70af690, (CMBitMap*) 0x000001f2e70af6d0
 Prev Bits: [0x000001f2fded0000, 0x000001f2fec80000)
 Next Bits: [0x000001f2fec80000, 0x000001f2ffa30000)

Polling page: 0x000001f2e6820000

Metaspace:

Usage:
  Non-class:     15.89 MB used.
      Class:      2.17 MB used.
       Both:     18.06 MB used.

Virtual space:
  Non-class space:       64.00 MB reserved,      16.00 MB ( 25%) committed,  1 nodes.
      Class space:        1.00 GB reserved,       2.25 MB ( <1%) committed,  1 nodes.
             Both:        1.06 GB reserved,      18.25 MB (  2%) committed. 

Chunk freelists:
   Non-Class:  3.39 MB
       Class:  1.69 MB
        Both:  5.08 MB

MaxMetaspaceSize: unlimited
CompressedClassSpaceSize: 1.00 GB
Initial GC threshold: 21.00 MB
Current GC threshold: 21.00 MB
CDS: on
MetaspaceReclaimPolicy: balanced
 - commit_granule_bytes: 65536.
 - commit_granule_words: 8192.
 - virtual_space_node_default_size: 8388608.
 - enlarge_chunks_in_place: 1.
 - new_chunks_are_fully_committed: 0.
 - uncommit_free_chunks: 1.
 - use_allocation_guard: 0.


Internal statistics:

num_allocs_failed_limit: 0.
num_arena_births: 218.
num_arena_deaths: 0.
num_vsnodes_births: 2.
num_vsnodes_deaths: 0.
num_space_committed: 292.
num_space_uncommitted: 0.
num_chunks_returned_to_freelist: 0.
num_chunks_taken_from_freelist: 844.
num_chunk_merges: 0.
num_chunk_splits: 572.
num_chunks_enlarged: 460.
num_inconsistent_stats: 0.

CodeHeap 'non-profiled nmethods': size=120000Kb used=1007Kb max_used=1007Kb free=118992Kb
 bounds [0x000001f2f6460000, 0x000001f2f66d0000, 0x000001f2fd990000]
CodeHeap 'profiled nmethods': size=120000Kb used=5672Kb max_used=5672Kb free=114328Kb
 bounds [0x000001f2eef30000, 0x000001f2ef4c0000, 0x000001f2f6460000]
CodeHeap 'non-nmethods': size=5760Kb used=1191Kb max_used=1225Kb free=4568Kb
 bounds [0x000001f2ee990000, 0x000001f2eec00000, 0x000001f2eef30000]
 total_blobs=3154 nmethods=2680 adapters=386
 compilation: enabled
              stopped_count=0, restarted_count=0
 full_count=0

Compilation events (20 events):
Event: 10.781 Thread 0x000001f2ffe91f50 2661       3       java.util.LinkedHashMap$LinkedKeySet::size (8 bytes)
Event: 10.781 Thread 0x000001f2ffe91f50 nmethod 2661 0x000001f2ef4a9c10 code [0x000001f2ef4a9da0, 0x000001f2ef4a9eb8]
Event: 10.782 Thread 0x000001f2ffe91f50 2662       3       org.springframework.beans.factory.support.AbstractBeanDefinition::hasPropertyValues (23 bytes)
Event: 10.782 Thread 0x000001f2ffe91f50 nmethod 2662 0x000001f2ef4a9f90 code [0x000001f2ef4aa140, 0x000001f2ef4aa428]
Event: 10.795 Thread 0x000001f2ffe91f50 2663       3       org.springframework.beans.factory.support.MethodOverrides::<init> (16 bytes)
Event: 10.795 Thread 0x000001f2ffe91f50 nmethod 2663 0x000001f2ef4aa510 code [0x000001f2ef4aa700, 0x000001f2ef4aae58]
Event: 10.795 Thread 0x000001f2ffe91f50 2664       3       java.util.HashMap::putAll (7 bytes)
Event: 10.796 Thread 0x000001f2ffe91f50 nmethod 2664 0x000001f2ef4ab090 code [0x000001f2ef4ab220, 0x000001f2ef4ab368]
Event: 10.796 Thread 0x000001f2ffe91f50 2665       3       org.springframework.core.AttributeAccessorSupport::copyAttributesFrom (56 bytes)
Event: 10.797 Thread 0x000001f2ffe91f50 nmethod 2665 0x000001f2ef4ab410 code [0x000001f2ef4ab6a0, 0x000001f2ef4ac668]
Event: 10.797 Thread 0x000001f2ffe91f50 2666       3       org.springframework.core.AttributeAccessorSupport::attributeNames (13 bytes)
Event: 10.799 Thread 0x000001f2ffe91f50 nmethod 2666 0x000001f2ef4acb90 code [0x000001f2ef4acd80, 0x000001f2ef4ad3c8]
Event: 10.869 Thread 0x000001f2ffe91f50 2668   !   3       org.springframework.beans.factory.support.DefaultSingletonBeanRegistry::getSingleton (147 bytes)
Event: 10.869 Thread 0x000001f2ffe91f50 nmethod 2668 0x000001f2ef4ad590 code [0x000001f2ef4ad800, 0x000001f2ef4ae568]
Event: 10.869 Thread 0x000001f2ffe91f50 2667       3       org.springframework.beans.factory.support.AbstractBeanFactory::isSingleton (179 bytes)
Event: 10.872 Thread 0x000001f2ffe91f50 nmethod 2667 0x000001f2ef4aea90 code [0x000001f2ef4aeee0, 0x000001f2ef4b1268]
Event: 10.906 Thread 0x000001f2ffe91f50 2669       3       jdk.internal.reflect.Reflection::filter (165 bytes)
Event: 10.907 Thread 0x000001f2ffe91f50 nmethod 2669 0x000001f2ef4b1c10 code [0x000001f2ef4b1ea0, 0x000001f2ef4b2cd8]
Event: 10.916 Thread 0x000001f2ffe91f50 2670       1       java.util.Collections$EmptyMap::get (2 bytes)
Event: 10.916 Thread 0x000001f2ffe91f50 nmethod 2670 0x000001f2f655b210 code [0x000001f2f655b3a0, 0x000001f2f655b478]

GC Heap History (8 events):
Event: 3.298 GC heap before
{Heap before GC invocations=0 (full 0):
 garbage-first heap   total 57344K, used 13312K [0x00000000c9400000, 0x0000000100000000)
  region size 1024K, 13 young (13312K), 0 survivors (0K)
 Metaspace       used 4146K, committed 4352K, reserved 1114112K
  class space    used 424K, committed 512K, reserved 1048576K
}
Event: 3.311 GC heap after
{Heap after GC invocations=1 (full 0):
 garbage-first heap   total 57344K, used 5193K [0x00000000c9400000, 0x0000000100000000)
  region size 1024K, 2 young (2048K), 2 survivors (2048K)
 Metaspace       used 4146K, committed 4352K, reserved 1114112K
  class space    used 424K, committed 512K, reserved 1048576K
}
Event: 3.963 GC heap before
{Heap before GC invocations=1 (full 0):
 garbage-first heap   total 57344K, used 15433K [0x00000000c9400000, 0x0000000100000000)
  region size 1024K, 12 young (12288K), 2 survivors (2048K)
 Metaspace       used 6954K, committed 7104K, reserved 1114112K
  class space    used 813K, committed 896K, reserved 1048576K
}
Event: 3.971 GC heap after
{Heap after GC invocations=2 (full 0):
 garbage-first heap   total 57344K, used 6248K [0x00000000c9400000, 0x0000000100000000)
  region size 1024K, 2 young (2048K), 2 survivors (2048K)
 Metaspace       used 6954K, committed 7104K, reserved 1114112K
  class space    used 813K, committed 896K, reserved 1048576K
}
Event: 5.699 GC heap before
{Heap before GC invocations=2 (full 0):
 garbage-first heap   total 57344K, used 24680K [0x00000000c9400000, 0x0000000100000000)
  region size 1024K, 21 young (21504K), 2 survivors (2048K)
 Metaspace       used 12698K, committed 12992K, reserved 1114112K
  class space    used 1504K, committed 1664K, reserved 1048576K
}
Event: 5.704 GC heap after
{Heap after GC invocations=3 (full 0):
 garbage-first heap   total 57344K, used 7269K [0x00000000c9400000, 0x0000000100000000)
  region size 1024K, 3 young (3072K), 3 survivors (3072K)
 Metaspace       used 12698K, committed 12992K, reserved 1114112K
  class space    used 1504K, committed 1664K, reserved 1048576K
}
Event: 9.811 GC heap before
{Heap before GC invocations=3 (full 0):
 garbage-first heap   total 57344K, used 33893K [0x00000000c9400000, 0x0000000100000000)
  region size 1024K, 29 young (29696K), 3 survivors (3072K)
 Metaspace       used 17395K, committed 17600K, reserved 1114112K
  class space    used 2079K, committed 2176K, reserved 1048576K
}
Event: 9.819 GC heap after
{Heap after GC invocations=4 (full 0):
 garbage-first heap   total 57344K, used 9129K [0x00000000c9400000, 0x0000000100000000)
  region size 1024K, 4 young (4096K), 4 survivors (4096K)
 Metaspace       used 17395K, committed 17600K, reserved 1114112K
  class space    used 2079K, committed 2176K, reserved 1048576K
}

Deoptimization events (20 events):
Event: 7.759 Thread 0x000001f2e7072190 Uncommon trap: trap_request=0xffffffde fr.pc=0x000001f2f646b324 relative=0x00000000000001a4
Event: 7.759 Thread 0x000001f2e7072190 Uncommon trap: reason=class_check action=maybe_recompile pc=0x000001f2f646b324 method=java.lang.String.equals(Ljava/lang/Object;)Z @ 8 c2
Event: 7.759 Thread 0x000001f2e7072190 DEOPT PACKING pc=0x000001f2f646b324 sp=0x0000009fcaefe530
Event: 7.759 Thread 0x000001f2e7072190 DEOPT UNPACKING pc=0x000001f2ee9e23a3 sp=0x0000009fcaefe4c8 mode 2
Event: 7.763 Thread 0x000001f2e7072190 Uncommon trap: trap_request=0xffffffde fr.pc=0x000001f2f646b324 relative=0x00000000000001a4
Event: 7.763 Thread 0x000001f2e7072190 Uncommon trap: reason=class_check action=maybe_recompile pc=0x000001f2f646b324 method=java.lang.String.equals(Ljava/lang/Object;)Z @ 8 c2
Event: 7.763 Thread 0x000001f2e7072190 DEOPT PACKING pc=0x000001f2f646b324 sp=0x0000009fcaefe190
Event: 7.763 Thread 0x000001f2e7072190 DEOPT UNPACKING pc=0x000001f2ee9e23a3 sp=0x0000009fcaefe128 mode 2
Event: 8.916 Thread 0x000001f2e7072190 Uncommon trap: trap_request=0xffffff45 fr.pc=0x000001f2f64d88b8 relative=0x0000000000000118
Event: 8.916 Thread 0x000001f2e7072190 Uncommon trap: reason=unstable_if action=reinterpret pc=0x000001f2f64d88b8 method=java.util.Arrays.equals([Ljava/lang/Object;[Ljava/lang/Object;)Z @ 44 c2
Event: 8.916 Thread 0x000001f2e7072190 DEOPT PACKING pc=0x000001f2f64d88b8 sp=0x0000009fcaefdb60
Event: 8.916 Thread 0x000001f2e7072190 DEOPT UNPACKING pc=0x000001f2ee9e23a3 sp=0x0000009fcaefdb00 mode 2
Event: 10.629 Thread 0x000001f2e7072190 Uncommon trap: trap_request=0xffffff45 fr.pc=0x000001f2f6540744 relative=0x00000000000002e4
Event: 10.629 Thread 0x000001f2e7072190 Uncommon trap: reason=unstable_if action=reinterpret pc=0x000001f2f6540744 method=org.springframework.beans.factory.support.AbstractBeanFactory.getMergedLocalBeanDefinition(Ljava/lang/String;)Lorg/springframework/beans/factory/support/RootBeanDefinition; 
Event: 10.629 Thread 0x000001f2e7072190 DEOPT PACKING pc=0x000001f2f6540744 sp=0x0000009fcaefe920
Event: 10.629 Thread 0x000001f2e7072190 DEOPT UNPACKING pc=0x000001f2ee9e23a3 sp=0x0000009fcaefe8c8 mode 2
Event: 10.868 Thread 0x000001f2e7072190 Uncommon trap: trap_request=0xffffff45 fr.pc=0x000001f2f6545b24 relative=0x00000000000002a4
Event: 10.868 Thread 0x000001f2e7072190 Uncommon trap: reason=unstable_if action=reinterpret pc=0x000001f2f6545b24 method=org.springframework.beans.factory.support.DefaultSingletonBeanRegistry.getSingleton(Ljava/lang/String;Z)Ljava/lang/Object; @ 20 c2
Event: 10.868 Thread 0x000001f2e7072190 DEOPT PACKING pc=0x000001f2f6545b24 sp=0x0000009fcaefd6a0
Event: 10.868 Thread 0x000001f2e7072190 DEOPT UNPACKING pc=0x000001f2ee9e23a3 sp=0x0000009fcaefd650 mode 2

Classes loaded (20 events):
Event: 9.924 Loading class java/util/concurrent/ExecutionException
Event: 9.925 Loading class java/util/concurrent/ExecutionException done
Event: 9.928 Loading class java/util/concurrent/FutureTask
Event: 9.930 Loading class java/util/concurrent/RunnableFuture
Event: 9.931 Loading class java/util/concurrent/RunnableFuture done
Event: 9.931 Loading class java/util/concurrent/FutureTask done
Event: 9.932 Loading class java/util/concurrent/FutureTask$WaitNode
Event: 9.932 Loading class java/util/concurrent/FutureTask$WaitNode done
Event: 10.050 Loading class java/lang/ClassFormatError
Event: 10.050 Loading class java/lang/ClassFormatError done
Event: 10.581 Loading class java/util/LinkedList$Node
Event: 10.581 Loading class java/util/LinkedList$Node done
Event: 10.582 Loading class java/util/DualPivotQuicksort
Event: 10.583 Loading class java/util/DualPivotQuicksort done
Event: 10.591 Loading class java/util/LinkedList$ListItr
Event: 10.592 Loading class java/util/LinkedList$ListItr done
Event: 10.816 Loading class javax/xml/ws$WebServiceRef
Event: 10.816 Loading class javax/xml/ws$WebServiceRef done
Event: 10.857 Loading class javax/naming/NameNotFoundException
Event: 10.857 Loading class javax/naming/NameNotFoundException done

Classes unloaded (0 events):
No events

Classes redefined (0 events):
No events

Internal exceptions (20 events):
Event: 5.932 Thread 0x000001f2e7072190 Exception <a 'java/lang/ClassNotFoundException'{0x00000000cc859740}: org/springframework/context/ResourceLoaderAwareCustomizer> (0x00000000cc859740) 
thrown [s\open\src\hotspot\share\classfile\systemDictionary.cpp, line 255]
Event: 5.934 Thread 0x000001f2e7072190 Exception <a 'java/lang/ClassNotFoundException'{0x00000000cc85cde8}: org/springframework/beans/factory/AwareCustomizer> (0x00000000cc85cde8) 
thrown [s\open\src\hotspot\share\classfile\systemDictionary.cpp, line 255]
Event: 5.934 Thread 0x000001f2e7072190 Exception <a 'java/lang/ClassNotFoundException'{0x00000000cc85f3b8}: org/springframework/context/ApplicationStartupAwareCustomizer> (0x00000000cc85f3b8) 
thrown [s\open\src\hotspot\share\classfile\systemDictionary.cpp, line 255]
Event: 5.935 Thread 0x000001f2e7072190 Exception <a 'java/lang/ClassNotFoundException'{0x00000000cc862ce8}: org/springframework/beans/factory/AwareCustomizer> (0x00000000cc862ce8) 
thrown [s\open\src\hotspot\share\classfile\systemDictionary.cpp, line 255]
Event: 5.936 Thread 0x000001f2e7072190 Exception <a 'java/lang/ClassNotFoundException'{0x00000000cc865280}: org/springframework/beans/factory/BeanClassLoaderAwareCustomizer> (0x00000000cc865280) 
thrown [s\open\src\hotspot\share\classfile\systemDictionary.cpp, line 255]
Event: 5.937 Thread 0x000001f2e7072190 Exception <a 'java/lang/ClassNotFoundException'{0x00000000cc868910}: org/springframework/beans/factory/AwareCustomizer> (0x00000000cc868910) 
thrown [s\open\src\hotspot\share\classfile\systemDictionary.cpp, line 255]
Event: 5.938 Thread 0x000001f2e7072190 Exception <a 'java/lang/ClassNotFoundException'{0x00000000cc86ad88}: org/springframework/context/EnvironmentAwareCustomizer> (0x00000000cc86ad88) 
thrown [s\open\src\hotspot\share\classfile\systemDictionary.cpp, line 255]
Event: 5.941 Thread 0x000001f2e7072190 Exception <a 'java/lang/ClassNotFoundException'{0x00000000cc86e3b0}: org/springframework/beans/factory/AwareCustomizer> (0x00000000cc86e3b0) 
thrown [s\open\src\hotspot\share\classfile\systemDictionary.cpp, line 255]
Event: 6.028 Thread 0x000001f286ce5120 Exception <a 'java/lang/NoSuchMethodError'{0x00000000cc6aa460}: 'long java.lang.invoke.DirectMethodHandle$Holder.invokeSpecial(java.lang.Object, java.lang.Object)'> (0x00000000cc6aa460) 
thrown [s\open\src\hotspot\share\interpreter\linkResolver.cpp, line 766]
Event: 6.035 Thread 0x000001f286ce5120 Exception <a 'java/lang/NoSuchMethodError'{0x00000000cc6b5768}: 'long java.lang.invoke.DirectMethodHandle$Holder.invokeStatic(java.lang.Object, java.lang.Object)'> (0x00000000cc6b5768) 
thrown [s\open\src\hotspot\share\interpreter\linkResolver.cpp, line 766]
Event: 6.035 Thread 0x000001f286ce5120 Exception <a 'java/lang/NoSuchMethodError'{0x00000000cc6b8d60}: 'long java.lang.invoke.DirectMethodHandle$Holder.invokeStaticInit(java.lang.Object, java.lang.Object)'> (0x00000000cc6b8d60) 
thrown [s\open\src\hotspot\share\interpreter\linkResolver.cpp, line 766]
Event: 6.038 Thread 0x000001f286ce5120 Exception <a 'java/lang/NoSuchMethodError'{0x00000000cc506220}: 'long java.lang.invoke.DirectMethodHandle$Holder.invokeInterface(java.lang.Object, java.lang.Object)'> (0x00000000cc506220) 
thrown [s\open\src\hotspot\share\interpreter\linkResolver.cpp, line 766]
Event: 6.039 Thread 0x000001f286ce5120 Exception <a 'java/lang/IncompatibleClassChangeError'{0x00000000cc5097a8}: Found class java.lang.Object, but interface was expected> (0x00000000cc5097a8) 
thrown [s\open\src\hotspot\share\interpreter\linkResolver.cpp, line 833]
Event: 6.079 Thread 0x000001f286ce5120 Exception <a 'java/lang/NoSuchMethodError'{0x00000000cc565188}: 'java.lang.Object java.lang.invoke.DirectMethodHandle$Holder.invokeVirtual(java.lang.Object, java.lang.Object, java.lang.Object, java.lang.Object)'> (0x00000000cc565188) 
thrown [s\open\src\hotspot\share\interpreter\linkResolver.cpp, line 766]
Event: 6.685 Thread 0x000001f2e7072190 Exception <a 'java/lang/IncompatibleClassChangeError'{0x00000000cc090200}: Found class java.lang.Object, but interface was expected> (0x00000000cc090200) 
thrown [s\open\src\hotspot\share\interpreter\linkResolver.cpp, line 833]
Event: 6.847 Thread 0x000001f2e7072190 Exception <a 'java/lang/NoSuchMethodError'{0x00000000cbfc29c8}: 'void java.lang.invoke.DirectMethodHandle$Holder.invokeInterface(java.lang.Object, java.lang.Object, java.lang.Object, java.lang.Object)'> (0x00000000cbfc29c8) 
thrown [s\open\src\hotspot\share\interpreter\linkResolver.cpp, line 766]
Event: 10.616 Thread 0x000001f2e7072190 Exception <a 'java/lang/NoSuchMethodError'{0x00000000cc93f4f8}: 'void java.lang.invoke.Invokers$Holder.invokeExact_MT(java.lang.Object, java.lang.Object, java.lang.Object)'> (0x00000000cc93f4f8) 
thrown [s\open\src\hotspot\share\interpreter\linkResolver.cpp, line 766]
Event: 10.705 Thread 0x000001f2e7072190 Exception <a 'java/lang/NoClassDefFoundError'{0x00000000cc9b2fe8}: org/flywaydb/core/Flyway> (0x00000000cc9b2fe8) 
thrown [s\open\src\hotspot\share\classfile\systemDictionary.cpp, line 244]
Event: 10.705 Thread 0x000001f2e7072190 Exception <a 'java/lang/NoClassDefFoundError'{0x00000000cc9b3d20}: liquibase/integration/spring/SpringLiquibase> (0x00000000cc9b3d20) 
thrown [s\open\src\hotspot\share\classfile\systemDictionary.cpp, line 244]
Event: 10.933 Thread 0x000001f2e7072190 Exception <a 'java/lang/NoSuchMethodError'{0x00000000cc8a2a40}: 'void java.lang.invoke.DirectMethodHandle$Holder.invokeSpecial(java.lang.Object, java.lang.Object, java.lang.Object, java.lang.Object, java.lang.Object, java.lang.Object)'> (0x00000000cc8a2a40) 
thrown [s\open\src\hotspot\share\interpreter\linkResolver.cpp, line 766]

VM Operations (20 events):
Event: 5.669 Executing VM operation: HandshakeAllThreads
Event: 5.669 Executing VM operation: HandshakeAllThreads done
Event: 5.699 Executing VM operation: G1CollectForAllocation
Event: 5.704 Executing VM operation: G1CollectForAllocation done
Event: 5.898 Executing VM operation: HandshakeAllThreads
Event: 5.899 Executing VM operation: HandshakeAllThreads done
Event: 5.996 Executing VM operation: HandshakeAllThreads
Event: 5.996 Executing VM operation: HandshakeAllThreads done
Event: 6.999 Executing VM operation: Cleanup
Event: 7.000 Executing VM operation: Cleanup done
Event: 7.652 Executing VM operation: HandshakeAllThreads
Event: 7.652 Executing VM operation: HandshakeAllThreads done
Event: 8.665 Executing VM operation: Cleanup
Event: 8.684 Executing VM operation: Cleanup done
Event: 9.693 Executing VM operation: Cleanup
Event: 9.710 Executing VM operation: Cleanup done
Event: 9.811 Executing VM operation: G1CollectForAllocation
Event: 9.819 Executing VM operation: G1CollectForAllocation done
Event: 9.949 Executing VM operation: HandshakeAllThreads
Event: 9.949 Executing VM operation: HandshakeAllThreads done

Events (20 events):
Event: 0.116 Thread 0x000001f2ffe8feb0 Thread added: 0x000001f2ffe8feb0
Event: 0.116 Thread 0x000001f2ffe91f50 Thread added: 0x000001f2ffe91f50
Event: 0.117 Thread 0x000001f2ffe9bbe0 Thread added: 0x000001f2ffe9bbe0
Event: 0.420 Thread 0x000001f2ffe8d280 Thread added: 0x000001f2ffe8d280
Event: 0.529 Loaded shared library C:\Users\sande\OneDrive\Desktop\jdk-18.0.1.1\bin\zip.dll
Event: 0.549 Loaded shared library C:\Users\sande\OneDrive\Desktop\jdk-18.0.1.1\bin\instrument.dll
Event: 0.589 Loaded shared library C:\Users\sande\OneDrive\Desktop\jdk-18.0.1.1\bin\net.dll
Event: 0.596 Loaded shared library C:\Users\sande\OneDrive\Desktop\jdk-18.0.1.1\bin\nio.dll
Event: 0.608 Loaded shared library C:\Users\sande\OneDrive\Desktop\jdk-18.0.1.1\bin\zip.dll
Event: 1.368 Loaded shared library C:\Program Files\JetBrains\IntelliJ IDEA Community Edition 2023.2.5\bin\breakgen64.dll
Event: 1.413 Thread 0x000001f2863aee50 Thread added: 0x000001f2863aee50
Event: 1.413 Thread 0x000001f2863af310 Thread added: 0x000001f2863af310
Event: 1.784 Loaded shared library C:\Users\sande\OneDrive\Desktop\jdk-18.0.1.1\bin\verify.dll
Event: 1.892 Loaded shared library C:\Users\sande\OneDrive\Desktop\jdk-18.0.1.1\bin\jimage.dll
Event: 3.957 Loaded shared library C:\Users\sande\OneDrive\Desktop\jdk-18.0.1.1\bin\management.dll
Event: 3.978 Loaded shared library C:\Users\sande\OneDrive\Desktop\jdk-18.0.1.1\bin\management_ext.dll
Event: 4.417 Thread 0x000001f286ce5120 Thread added: 0x000001f286ce5120
Event: 6.089 Thread 0x000001f286ce5120 Thread exited: 0x000001f286ce5120
Event: 6.511 Thread 0x000001f28747f450 Thread added: 0x000001f28747f450
Event: 6.611 Thread 0x000001f28747f450 Thread exited: 0x000001f28747f450


Dynamic libraries:
0x00007ff649080000 - 0x00007ff649090000 	C:\Users\sande\OneDrive\Desktop\jdk-18.0.1.1\bin\java.exe
0x00007ffa2ad70000 - 0x00007ffa2af87000 	C:\WINDOWS\SYSTEM32\ntdll.dll
0x00007ffa29240000 - 0x00007ffa29304000 	C:\WINDOWS\System32\KERNEL32.DLL
0x00007ffa281f0000 - 0x00007ffa2859c000 	C:\WINDOWS\System32\KERNELBASE.dll
0x00007ffa28640000 - 0x00007ffa28751000 	C:\WINDOWS\System32\ucrtbase.dll
0x00007ffa13a70000 - 0x00007ffa13a8a000 	C:\Users\sande\OneDrive\Desktop\jdk-18.0.1.1\bin\VCRUNTIME140.dll
0x00007ffa13a90000 - 0x00007ffa13aa8000 	C:\Users\sande\OneDrive\Desktop\jdk-18.0.1.1\bin\jli.dll
0x00007ffa29e90000 - 0x00007ffa29f42000 	C:\WINDOWS\System32\ADVAPI32.dll
0x00007ffa293f0000 - 0x00007ffa29497000 	C:\WINDOWS\System32\msvcrt.dll
0x00007ffa29330000 - 0x00007ffa293da000 	C:\WINDOWS\System32\sechost.dll
0x00007ffa28110000 - 0x00007ffa28138000 	C:\WINDOWS\System32\bcrypt.dll
0x00007ffa29bf0000 - 0x00007ffa29d05000 	C:\WINDOWS\System32\RPCRT4.dll
0x00007ffa27370000 - 0x00007ffa27603000 	C:\WINDOWS\WinSxS\amd64_microsoft.windows.common-controls_6595b64144ccf1df_6.0.22621.3672_none_2713b9d173822955\COMCTL32.dll
0x00007ffa28b10000 - 0x00007ffa28b39000 	C:\WINDOWS\System32\GDI32.dll
0x00007ffa281c0000 - 0x00007ffa281e6000 	C:\WINDOWS\System32\win32u.dll
0x00007ffa28820000 - 0x00007ffa28939000 	C:\WINDOWS\System32\gdi32full.dll
0x00007ffa28b40000 - 0x00007ffa28cee000 	C:\WINDOWS\System32\USER32.dll
0x00007ffa285a0000 - 0x00007ffa2863a000 	C:\WINDOWS\System32\msvcp_win.dll
0x00007ffa249c0000 - 0x00007ffa249ca000 	C:\WINDOWS\SYSTEM32\VERSION.dll
0x00007ffa29200000 - 0x00007ffa29231000 	C:\WINDOWS\System32\IMM32.DLL
0x00007ffa1be20000 - 0x00007ffa1be2c000 	C:\Users\sande\OneDrive\Desktop\jdk-18.0.1.1\bin\vcruntime140_1.dll
0x00007ff9fae70000 - 0x00007ff9faefd000 	C:\Users\sande\OneDrive\Desktop\jdk-18.0.1.1\bin\msvcp140.dll
0x00007ff97ec90000 - 0x00007ff97f8a0000 	C:\Users\sande\OneDrive\Desktop\jdk-18.0.1.1\bin\server\jvm.dll
0x00007ffa2aa70000 - 0x00007ffa2aa78000 	C:\WINDOWS\System32\PSAPI.DLL
0x00007ffa22d90000 - 0x00007ffa22dc4000 	C:\WINDOWS\SYSTEM32\WINMM.dll
0x00007ffa13a50000 - 0x00007ffa13a59000 	C:\WINDOWS\SYSTEM32\WSOCK32.dll
0x00007ffa2ac00000 - 0x00007ffa2ac71000 	C:\WINDOWS\System32\WS2_32.dll
0x00007ffa26170000 - 0x00007ffa26188000 	C:\WINDOWS\SYSTEM32\kernel.appcore.dll
0x00007ffa13a60000 - 0x00007ffa13a6a000 	C:\Users\sande\OneDrive\Desktop\jdk-18.0.1.1\bin\jimage.dll
0x00007ffa27900000 - 0x00007ffa27b32000 	C:\WINDOWS\SYSTEM32\DBGHELP.DLL
0x00007ffa29860000 - 0x00007ffa29be8000 	C:\WINDOWS\System32\combase.dll
0x00007ffa2a990000 - 0x00007ffa2aa67000 	C:\WINDOWS\System32\OLEAUT32.dll
0x00007ffa277f0000 - 0x00007ffa27822000 	C:\WINDOWS\SYSTEM32\dbgcore.DLL
0x00007ffa28140000 - 0x00007ffa281bb000 	C:\WINDOWS\System32\bcryptPrimitives.dll
0x00007ffa13480000 - 0x00007ffa1348e000 	C:\Users\sande\OneDrive\Desktop\jdk-18.0.1.1\bin\instrument.dll
0x00007ff9fae40000 - 0x00007ff9fae65000 	C:\Users\sande\OneDrive\Desktop\jdk-18.0.1.1\bin\java.dll
0x00007ff9ee990000 - 0x00007ff9eea66000 	C:\Users\sande\OneDrive\Desktop\jdk-18.0.1.1\bin\jsvml.dll
0x00007ffa2a130000 - 0x00007ffa2a98c000 	C:\WINDOWS\System32\SHELL32.dll
0x00007ffa25080000 - 0x00007ffa25977000 	C:\WINDOWS\SYSTEM32\windows.storage.dll
0x00007ffa24f40000 - 0x00007ffa2507f000 	C:\WINDOWS\SYSTEM32\wintypes.dll
0x00007ffa29d90000 - 0x00007ffa29e84000 	C:\WINDOWS\System32\SHCORE.dll
0x00007ffa29800000 - 0x00007ffa2985e000 	C:\WINDOWS\System32\shlwapi.dll
0x00007ffa27fd0000 - 0x00007ffa27ff1000 	C:\WINDOWS\SYSTEM32\profapi.dll
0x00007ff9fada0000 - 0x00007ff9fadb8000 	C:\Users\sande\OneDrive\Desktop\jdk-18.0.1.1\bin\zip.dll
0x00007ff9fade0000 - 0x00007ff9fadf3000 	C:\Users\sande\OneDrive\Desktop\jdk-18.0.1.1\bin\net.dll
0x00007ffa20930000 - 0x00007ffa20a66000 	C:\WINDOWS\SYSTEM32\WINHTTP.dll
0x00007ffa265a0000 - 0x00007ffa26609000 	C:\WINDOWS\system32\mswsock.dll
0x00007ff9fadc0000 - 0x00007ff9fadd6000 	C:\Users\sande\OneDrive\Desktop\jdk-18.0.1.1\bin\nio.dll
0x00007ffa0afe0000 - 0x00007ffa0affa000 	C:\Program Files\JetBrains\IntelliJ IDEA Community Edition 2023.2.5\bin\breakgen64.dll
0x00007ff9fad40000 - 0x00007ff9fad50000 	C:\Users\sande\OneDrive\Desktop\jdk-18.0.1.1\bin\verify.dll
0x00007ffa0afd0000 - 0x00007ffa0afd9000 	C:\Users\sande\OneDrive\Desktop\jdk-18.0.1.1\bin\management.dll
0x00007ffa0afc0000 - 0x00007ffa0afcb000 	C:\Users\sande\OneDrive\Desktop\jdk-18.0.1.1\bin\management_ext.dll
0x00007ffa06e10000 - 0x00007ffa06e27000 	C:\WINDOWS\system32\napinsp.dll
0x00007ffa09db0000 - 0x00007ffa09dcb000 	C:\WINDOWS\system32\pnrpnsp.dll
0x00007ffa25c50000 - 0x00007ffa25d48000 	C:\WINDOWS\SYSTEM32\DNSAPI.dll
0x00007ffa25be0000 - 0x00007ffa25c0d000 	C:\WINDOWS\SYSTEM32\IPHLPAPI.DLL
0x00007ffa293e0000 - 0x00007ffa293e9000 	C:\WINDOWS\System32\NSI.dll
0x00007ffa09d60000 - 0x00007ffa09d71000 	C:\WINDOWS\System32\winrnr.dll
0x00007ffa09d40000 - 0x00007ffa09d55000 	C:\WINDOWS\system32\wshbth.dll
0x00007ffa05c60000 - 0x00007ffa05c87000 	C:\WINDOWS\system32\nlansp_c.dll
0x00007ffa0c4c0000 - 0x00007ffa0c4ca000 	C:\Windows\System32\rasadhlp.dll
0x00007ffa11b00000 - 0x00007ffa11b83000 	C:\WINDOWS\System32\fwpuclnt.dll

dbghelp: loaded successfully - version: 4.0.5 - missing functions: none
symbol engine: initialized successfully - sym options: 0x614 - pdb path: .;C:\Users\sande\OneDrive\Desktop\jdk-18.0.1.1\bin;C:\WINDOWS\SYSTEM32;C:\WINDOWS\WinSxS\amd64_microsoft.windows.common-controls_6595b64144ccf1df_6.0.22621.3672_none_2713b9d173822955;C:\Users\sande\OneDrive\Desktop\jdk-18.0.1.1\bin\server;C:\Program Files\JetBrains\IntelliJ IDEA Community Edition 2023.2.5\bin

VM Arguments:
jvm_args: -javaagent:C:\Program Files\JetBrains\IntelliJ IDEA Community Edition 2023.2.5\lib\idea_rt.jar=55850:C:\Program Files\JetBrains\IntelliJ IDEA Community Edition 2023.2.5\bin -Dfile.encoding=UTF-8 -Dsun.stdout.encoding=UTF-8 -Dsun.stderr.encoding=UTF-8 
java_command: com.example.StockPicker.StockPickerApplication
java_class_path (initial): C:\Users\sande\Downloads\demo\target\classes;C:\Users\sande\.m2\repository\org\openjfx\javafx-controls\17\javafx-controls-17.jar;C:\Users\sande\.m2\repository\org\openjfx\javafx-graphics\17\javafx-graphics-17.jar;C:\Users\sande\.m2\repository\org\openjfx\javafx-base\17\javafx-base-17.jar;C:\Users\sande\.m2\repository\org\openjfx\javafx-fxml\17\javafx-fxml-17.jar;C:\Users\sande\.m2\repository\org\springframework\boot\spring-boot-starter-web\2.6.0\spring-boot-starter-web-2.6.0.jar;C:\Users\sande\.m2\repository\org\springframework\boot\spring-boot-starter\2.6.0\spring-boot-starter-2.6.0.jar;C:\Users\sande\.m2\repository\org\springframework\boot\spring-boot\2.6.0\spring-boot-2.6.0.jar;C:\Users\sande\.m2\repository\org\springframework\boot\spring-boot-autoconfigure\2.6.0\spring-boot-autoconfigure-2.6.0.jar;C:\Users\sande\.m2\repository\org\springframework\boot\spring-boot-starter-logging\2.6.0\spring-boot-starter-logging-2.6.0.jar;C:\Users\sande\.m2\repository\ch\qos\logback\logback-classic\1.2.7\logback-classic-1.2.7.jar;C:\Users\sande\Downloads\javafx\jfxrt.jar;C:\Users\sande\.m2\repository\ch\qos\logback\logback-core\1.2.7\logback-core-1.2.7.jar;C:\Users\sande\.m2\repository\org\apache\logging\log4j\log4j-to-slf4j\2.14.1\log4j-to-slf4j-2.14.1.jar;C:\Users\sande\.m2\repository\org\apache\logging\log4j\log4j-api\2.14.1\log4j-api-2.14.1.jar;C:\Users\sande\.m2\repository\org\slf4j\jul-to-slf4j\1.7.32\jul-to-slf4j-1.7.32.jar;C:\Users\sande\.m2\repository\jakarta\annotation\jakarta.annotation-api\1.3.5\jakarta.annotation-api-1.3.5.jar;C:\Users\sande\.m2\repository\org\yaml\snakeyaml\1.29\snakeyaml-1.29.jar;C:\Users\sande\.m2\repository\org\springframework\boot\spring-boot-starter-json\2.6.0\spring-boot-starter-json-2.6.0.jar;C:\Users\sande\.m2\repository\com\fasterxml\jackson\core\jackson-databind\2.13.0\jackson-databind-2.13.0.jar;C:\Users\sande\.m2\repository\com\fasterxml\jackson\core\jackson-annotations\2.13.0\jackson-annotations-2.13.0.jar;C:\Users\sande\.m2\repository\com\fasterxml\jackson\core\jackson-core\2.13.0\jackson-core-2.13.0.jar;C:\Users\sande\.m2\repository\com\fasterxml\jackson\datatype\jackson-datatype-jdk8\2.13.0\jackson-datatype-jdk8-2.13.0.jar;C:\Users\sande\.m2\repository\com\fasterxml\jackson\datatype\jackson-datatype-jsr310\2.13.0\jackson-datatype-jsr310-2.13.0.jar;C:\Users\sande\.m2\repository\com\fasterxml\jackson\module\jackson-module-parameter-names\2.13.0\jackson-module-parameter-names-2.13.0.jar;C:\Users\sande\.m2\repository\org\springframework\boot\spring-boot-starter-tomcat\2.6.0\spring-boot-starter-tomcat-2.6.0.jar;C:\Users\sande\.m2\repository\org\apache\tomcat\embed\tomcat-embed-core\9.0.55\tomcat-embed-core-9.0.55.jar;C:\Users\sande\.m2\repository\org\apache\tomcat\embed\tomcat-embed-el\9.0.55\tomcat-embed-el-9.0.55.jar;C:\Users\sande\.m2\repository\org\apache\tomcat\embed\tomcat-embed-websocket\9.0.55\tomcat-embed-websocket-9.0.55.jar;C:\Users\sande\.m2\repository\org\springframework\spring-web\5.3.13\spring-web-5.3.13.jar;C:\Users\sande\.m2\repository\org\springframework\spring-beans\5.3.13\spring-beans-5.3.13.jar;C:\Users\sande\.m2\repository\org\springframework\spring-webmvc\5.3.13\spring-webmvc-5.3.13.jar;C:\Users\sande\.m2\repository\org\springframework\spring-aop\5.3.13\spring-aop-5.3.13.jar;C:\Users\sande\.m2\repository\org\springframework\spring-context\5.3.13\spring-context-5.3.13.jar;C:\Users\sande\.m2\repository\org\springframework\spring-expression\5.3.13\spring-expression-5.3.13.jar;C:\Users\sande\.m2\repository\org\slf4j\slf4j-api\1.7.30\slf4j-api-1.7.30.jar;C:\Users\sande\.m2\repository\org\springframework\spring-core\5.3.13\spring-core-5.3.13.jar;C:\Users\sande\.m2\repository\org\springframework\spring-jcl\5.3.13\spring-jcl-5.3.13.jar;C:\Users\sande\.m2\repository\com\vaadin\external\google\android-json\0.0.20131108.vaadin1\android-json-0.0.20131108.vaadin1.jar;C:\Users\sande\.m2\repository\org\apache\httpcomponents\httpcore\4.4.16\httpcore-4.4.16.jar
Launcher Type: SUN_STANDARD

[Global flags]
     intx CICompilerCount                          = 3                                         {product} {ergonomic}
     uint ConcGCThreads                            = 1                                         {product} {ergonomic}
     uint G1ConcRefinementThreads                  = 4                                         {product} {ergonomic}
   size_t G1HeapRegionSize                         = 1048576                                   {product} {ergonomic}
    uintx GCDrainStackTargetSize                   = 64                                        {product} {ergonomic}
   size_t InitialHeapSize                          = 58720256                                  {product} {ergonomic}
   size_t MarkStackSize                            = 4194304                                   {product} {ergonomic}
   size_t MaxHeapSize                              = 918552576                                 {product} {ergonomic}
   size_t MaxNewSize                               = 550502400                                 {product} {ergonomic}
   size_t MinHeapDeltaBytes                        = 1048576                                   {product} {ergonomic}
   size_t MinHeapSize                              = 8388608                                   {product} {ergonomic}
    uintx NonNMethodCodeHeapSize                   = 5832780                                {pd product} {ergonomic}
    uintx NonProfiledCodeHeapSize                  = 122912730                              {pd product} {ergonomic}
    uintx ProfiledCodeHeapSize                     = 122912730                              {pd product} {ergonomic}
    uintx ReservedCodeCacheSize                    = 251658240                              {pd product} {ergonomic}
     bool SegmentedCodeCache                       = true                                      {product} {ergonomic}
   size_t SoftMaxHeapSize                          = 918552576                              {manageable} {ergonomic}
     bool UseCompressedClassPointers               = true                           {product lp64_product} {ergonomic}
     bool UseCompressedOops                        = true                           {product lp64_product} {ergonomic}
     bool UseG1GC                                  = true                                      {product} {ergonomic}
     bool UseLargePagesIndividualAllocation        = false                                  {pd product} {ergonomic}

Logging:
Log output configuration:
 #0: stdout all=warning uptime,level,tags foldmultilines=false
 #1: stderr all=off uptime,level,tags foldmultilines=false

Environment Variables:
JAVA_HOME=C:\Users\sande\OneDrive\Desktop\jdk-18.0.1.1
PATH=C:\Python312\Scripts\;C:\Python312\;C:\Python311\Scripts\;C:\Python311\;C:\ProgramData\Oracle\Java\javapath;C:\Users\sande\OneDrive\Desktop\19c\WINDOWS.X64_193000_db_home\bin;C:\app\sande\product\21c\dbhomeXE\bin;C:\Program Files (x86)\Common Files\Oracle\Java\javapath;C:\Python310\Scripts\;C:\Python310\;C:\Users\sande\OneDrive\Desktop\Apache;C:\WINDOWS;C:\WINDOWS\System32\Wbem;C:\WINDOWS\System32\WindowsPowerShell\v1.0\;C:\WINDOWS\System32\OpenSSH\;C:\Program Files\apache-maven-3.8.5\bin;C:\Users\sande\AppData\Local\Programs\Microsoft VS Code\bin;C:\ProgramData\chocolatey\bin;C:\Users\sande\OneDrive\Desktop\jdk-18.0.1.1;C:\Users\sande\Downloads\spring-tool-suite-4-4.17.1.RELEASE-e4.26.0-win32.win32.x86_64.self-extracting\META-INF\maven\org.springframework.ide\self-extracting-jar-creator;C:\Users\sande\OneDrive\Desktop\jdk-9.0.4_windows-x64_bin;C:\Users\sande\OneDrive\Desktop\jdk-8u202-windows-i586;%JAVA_HOME%\bin;C:\Python\Python36-32\Scripts;C:\Python27;"C:\Python27;C:\Python27\Scripts\";C:\WINDOWS\system32;C:\Users\sande\AppData\Roaming\nvm;C:\Program Files\nodejs;C:\Program Files\nodejs\node_modules\npm\bin;C:\Program Files\nodejs\;C:\Program Files\HP\HP One Agent;C:\Program Files\Git\cmd;C:\Users\sande\AppData\Microsoft\WindowsApps;C:\Users\sande\AppData\Local\Programs\Microsoft VS Code\bin;C:\Users\sande\OneDrive\Desktop\jdk-8u202-windows-i586;C:\Users\sande\OneDrive\Desktop\apache-maven-3.8.5;C:\Users\sande\OneDrive\Desktop\jdk-18.0.1.1;C:\Users\sande\OneDrive\Desktop\jdk-9.0.4_windows-x64_bin;C:\Users\sande\OneDrive\Desktop\jdk-18.0.1.1\bin;C:\Python310\Scripts\;C:\Python310\;C:\Python\Python36-32\Scripts;C:\Users\sande\AppData\Local\npm-cache_npx;C:\Users\sande\AppData\Local\Microsoft\WindowsApps;C:\Users\sande\AppData\Roaming\nvm;C:\Program Files\nodejs;C:\Users\sande\AppData\Roaming\npm
USERNAME=sande
OS=Windows_NT
PROCESSOR_IDENTIFIER=AMD64 Family 23 Model 24 Stepping 1, AuthenticAMD



---------------  S Y S T E M  ---------------

OS:
 Windows 11 , 64 bit Build 22621 (10.0.22621.3672)
OS uptime: 0 days 10:46 hours
Hyper-V role detected

CPU: total 4 (initial active 4) (4 cores per cpu, 2 threads per core) family 23 model 24 stepping 1 microcode 0x0, cx8, cmov, fxsr, ht, mmx, 3dnowpref, sse, sse2, sse3, ssse3, sse4a, sse4.1, sse4.2, popcnt, lzcnt, tsc, tscinvbit, avx, avx2, aes, clmul, bmi1, bmi2, adx, sha, fma, vzeroupper, clflush, clflushopt, hv

Memory: 4k page, system-wide physical 3499M (15M free)
TotalPageFile size 14251M (AvailPageFile size 5M)
current process WorkingSet (physical memory assigned to process): 119M, peak: 119M
current process commit charge ("private bytes"): 171M, peak: 172M

vm_info: Java HotSpot(TM) 64-Bit Server VM (18.0.1.1+2-6) for windows-amd64 JRE (18.0.1.1+2-6), built on Apr 25 2022 21:53:15 by "mach5one" with MS VC++ 16.8 / 16.9 (VS2019)

END.
