#
# There is insufficient memory for the Java Runtime Environment to continue.
# Native memory allocation (mmap) failed to map 102760448 bytes for G1 virtual space
# Possible reasons:
#   The system is out of physical RAM or swap space
#   The process is running with CompressedOops enabled, and the Java Heap may be blocking the growth of the native heap
# Possible solutions:
#   Reduce memory load on the system
#   Increase physical memory or swap space
#   Check if swap backing store is full
#   Decrease Java heap size (-Xmx/-Xms)
#   Decrease number of Java threads
#   Decrease Java thread stack sizes (-Xss)
#   Set larger code cache with -XX:ReservedCodeCacheSize=
#   JVM is running with Unscaled Compressed Oops mode in which the Java heap is
#     placed in the first 4GB address space. The Java Heap base address is the
#     maximum limit for the native heap growth. Please use -XX:HeapBaseMinAddress
#     to set the Java Heap base and to place the Java Heap above 4GB virtual address.
# This output file may be truncated or incomplete.
#
#  Out of Memory Error (os_windows.cpp:3530), pid=6380, tid=11632
#
# JRE version: Java(TM) SE Runtime Environment (18.0.1.1+2) (build 18.0.1.1+2-6)
# Java VM: Java HotSpot(TM) 64-Bit Server VM (18.0.1.1+2-6, mixed mode, sharing, tiered, compressed oops, compressed class ptrs, g1 gc, windows-amd64)
# No core dump will be written. Minidumps are not enabled by default on client versions of Windows
#

---------------  S U M M A R Y ------------

Command Line: -Dclassworlds.conf=C:\Program Files\apache-maven-3.8.5\bin\m2.conf -Dmaven.home=C:\Program Files\apache-maven-3.8.5 -Dlibrary.jansi.path=C:\Program Files\apache-maven-3.8.5\lib\jansi-native -Dmaven.multiModuleProjectDirectory=C:\Users\sande\Downloads\demo org.codehaus.plexus.classworlds.launcher.Launcher clean package

Host: AMD Ryzen 3 3250U with Radeon Graphics         , 4 cores, 3G,  Windows 11 , 64 bit Build 22621 (10.0.22621.3672)
Time: Tue Jul 30 09:53:29 2024 Eastern Daylight Time elapsed time: 14.273852 seconds (0d 0h 0m 14s)

---------------  T H R E A D  ---------------

Current thread (0x00000206a430a8f0):  VMThread "VM Thread" [stack: 0x000000d590300000,0x000000d590400000] [id=11632]

Stack: [0x000000d590300000,0x000000d590400000]
Native frames: (J=compiled Java code, j=interpreted, Vv=VM code, C=native code)
V  [jvm.dll+0x69887a]
V  [jvm.dll+0x7f38bd]
V  [jvm.dll+0x7f51ce]
V  [jvm.dll+0x7f5883]
V  [jvm.dll+0x25ca3f]
V  [jvm.dll+0x6957c9]
V  [jvm.dll+0x68a2fa]
V  [jvm.dll+0x321efb]
V  [jvm.dll+0x3298d6]
V  [jvm.dll+0x37e47e]
V  [jvm.dll+0x37e6af]
V  [jvm.dll+0x2f9c7a]
V  [jvm.dll+0x2f9d27]
V  [jvm.dll+0x33e262]
V  [jvm.dll+0x33c804]
V  [jvm.dll+0x2f9450]
V  [jvm.dll+0x33bddb]
V  [jvm.dll+0x7fa66b]
V  [jvm.dll+0x7fb404]
V  [jvm.dll+0x7fb93c]
V  [jvm.dll+0x7fbd94]
V  [jvm.dll+0x7fbe57]
V  [jvm.dll+0x7a03ea]
V  [jvm.dll+0x697725]
C  [ucrtbase.dll+0x29333]
C  [KERNEL32.DLL+0x1257d]
C  [ntdll.dll+0x5af28]

VM_Operation (0x000000d58fdfc600): G1CollectForAllocation, mode: safepoint, requested by thread 0x0000020689567fa0


---------------  P R O C E S S  ---------------

Threads class SMR info:
_java_thread_list=0x00000206a85ae990, length=12, elements={
0x0000020689567fa0, 0x00000206a430f6d0, 0x00000206a4310330, 0x00000206a4326bd0,
0x00000206a4327e40, 0x00000206a43287e0, 0x00000206a4329ba0, 0x00000206a433d9e0,
0x00000206a433ed30, 0x00000206a434bcb0, 0x00000206a85aa8b0, 0x00000206a85b2e70
}

Java Threads: ( => current thread )
  0x0000020689567fa0 JavaThread "main" [_thread_blocked, id=1440, stack(0x000000d58fd00000,0x000000d58fe00000)]
  0x00000206a430f6d0 JavaThread "Reference Handler" daemon [_thread_blocked, id=20288, stack(0x000000d590400000,0x000000d590500000)]
  0x00000206a4310330 JavaThread "Finalizer" daemon [_thread_blocked, id=18344, stack(0x000000d590500000,0x000000d590600000)]
  0x00000206a4326bd0 JavaThread "Signal Dispatcher" daemon [_thread_blocked, id=3752, stack(0x000000d590600000,0x000000d590700000)]
  0x00000206a4327e40 JavaThread "Attach Listener" daemon [_thread_blocked, id=19860, stack(0x000000d590700000,0x000000d590800000)]
  0x00000206a43287e0 JavaThread "Service Thread" daemon [_thread_blocked, id=10224, stack(0x000000d590800000,0x000000d590900000)]
  0x00000206a4329ba0 JavaThread "Monitor Deflation Thread" daemon [_thread_blocked, id=8636, stack(0x000000d590900000,0x000000d590a00000)]
  0x00000206a433d9e0 JavaThread "C2 CompilerThread0" daemon [_thread_blocked, id=20068, stack(0x000000d590a00000,0x000000d590b00000)]
  0x00000206a433ed30 JavaThread "C1 CompilerThread0" daemon [_thread_blocked, id=20128, stack(0x000000d590b00000,0x000000d590c00000)]
  0x00000206a434bcb0 JavaThread "Sweeper thread" daemon [_thread_blocked, id=19396, stack(0x000000d590c00000,0x000000d590d00000)]
  0x00000206a85aa8b0 JavaThread "Notification Thread" daemon [_thread_blocked, id=11336, stack(0x000000d590d00000,0x000000d590e00000)]
  0x00000206a85b2e70 JavaThread "Common-Cleaner" daemon [_thread_blocked, id=9380, stack(0x000000d590f00000,0x000000d591000000)]

Other Threads:
=>0x00000206a430a8f0 VMThread "VM Thread" [stack: 0x000000d590300000,0x000000d590400000] [id=11632]
  0x00000206a85abfb0 WatcherThread "VM Periodic Task Thread" [stack: 0x000000d590e00000,0x000000d590f00000] [id=6984]
  0x00000206895a4ea0 WorkerThread "GC Thread#0" [stack: 0x000000d58fe00000,0x000000d58ff00000] [id=18036]
  0x00000206a85c79f0 WorkerThread "GC Thread#1" [stack: 0x000000d591000000,0x000000d591100000] [id=16176]
  0x00000206a8aead90 WorkerThread "GC Thread#2" [stack: 0x000000d591100000,0x000000d591200000] [id=7772]
  0x00000206a8a89720 WorkerThread "GC Thread#3" [stack: 0x000000d591200000,0x000000d591300000] [id=2284]
  0x00000206895acb50 ConcurrentGCThread "G1 Main Marker" [stack: 0x000000d58ff00000,0x000000d590000000] [id=9104]
  0x00000206895ad540 WorkerThread "G1 Conc#0" [stack: 0x000000d590000000,0x000000d590100000] [id=9156]
  0x00000206896184d0 ConcurrentGCThread "G1 Refine#0" [stack: 0x000000d590100000,0x000000d590200000] [id=15124]
  0x00000206a900a2c0 ConcurrentGCThread "G1 Refine#1" [stack: 0x000000d591300000,0x000000d591400000] [id=14960]
  0x0000020689618de0 ConcurrentGCThread "G1 Service" [stack: 0x000000d590200000,0x000000d590300000] [id=17292]

Threads with active compile tasks:

VM state: at safepoint (normal execution)

VM Mutex/Monitor currently owned by a thread:  ([mutex/lock_event])
[0x000002068756acd0] Threads_lock - owner thread: 0x00000206a430a8f0
[0x000002068756b0c0] Heap_lock - owner thread: 0x0000020689567fa0

Heap address: 0x00000000c9400000, size: 876 MB, Compressed Oops mode: 32-bit

CDS archive(s) mapped at: [0x0000000800000000-0x0000000800ba0000-0x0000000800ba0000), size 12189696, SharedBaseAddress: 0x0000000800000000, ArchiveRelocationMode: 0.
Compressed class space mapped at: 0x0000000800c00000-0x0000000840c00000, reserved size: 1073741824
Narrow klass base: 0x0000000800000000, Narrow klass shift: 0, Narrow klass range: 0x100000000

GC Precious Log:
 CardTable entry size: 512
 Card Set container configuration: InlinePtr #cards 5 size 8 Array Of Cards #cards 12 size 40 Howl #buckets 4 coarsen threshold 1843 Howl Bitmap #cards 512 size 80 coarsen threshold 460 Card regions per heap region 1 cards per card region 2048
 CPUs: 4 total, 4 available
 Memory: 3499M
 Large Page Support: Disabled
 NUMA Support: Disabled
 Compressed Oops: Enabled (32-bit)
 Heap Region Size: 1M
 Heap Min Capacity: 8M
 Heap Initial Capacity: 56M
 Heap Max Capacity: 876M
 Pre-touch: Disabled
 Parallel Workers: 4
 Concurrent Workers: 1
 Concurrent Refinement Workers: 4
 Periodic GC: Disabled

Heap:
 garbage-first heap   total 81920K, used 41628K [0x00000000c9400000, 0x0000000100000000)
  region size 1024K, 2 young (2048K), 2 survivors (2048K)
 Metaspace       used 25749K, committed 26112K, reserved 1114112K
  class space    used 2808K, committed 3008K, reserved 1048576K

Heap Regions: E=young(eden), S=young(survivor), O=old, HS=humongous(starts), HC=humongous(continues), CS=collection set, F=free, OA=open archive, CA=closed archive, TAMS=top-at-mark-start (previous, next)
|   0|0x00000000c9400000, 0x00000000c9500000, 0x00000000c9500000|100%| O|  |TAMS 0x00000000c9500000, 0x00000000c9500000| Untracked 
|   1|0x00000000c9500000, 0x00000000c9600000, 0x00000000c9600000|100%| O|  |TAMS 0x00000000c9600000, 0x00000000c9600000| Untracked 
|   2|0x00000000c9600000, 0x00000000c9700000, 0x00000000c9700000|100%| O|  |TAMS 0x00000000c9700000, 0x00000000c9700000| Untracked 
|   3|0x00000000c9700000, 0x00000000c9800000, 0x00000000c9800000|100%| O|  |TAMS 0x00000000c9800000, 0x00000000c9800000| Untracked 
|   4|0x00000000c9800000, 0x00000000c9900000, 0x00000000c9900000|100%| O|  |TAMS 0x00000000c9900000, 0x00000000c9900000| Untracked 
|   5|0x00000000c9900000, 0x00000000c9a00000, 0x00000000c9a00000|100%| O|  |TAMS 0x00000000c9a00000, 0x00000000c9a00000| Untracked 
|   6|0x00000000c9a00000, 0x00000000c9b00000, 0x00000000c9b00000|100%| O|  |TAMS 0x00000000c9b00000, 0x00000000c9b00000| Untracked 
|   7|0x00000000c9b00000, 0x00000000c9c00000, 0x00000000c9c00000|100%| O|  |TAMS 0x00000000c9c00000, 0x00000000c9c00000| Untracked 
|   8|0x00000000c9c00000, 0x00000000c9d00000, 0x00000000c9d00000|100%| O|  |TAMS 0x00000000c9d00000, 0x00000000c9d00000| Untracked 
|   9|0x00000000c9d00000, 0x00000000c9e00000, 0x00000000c9e00000|100%| O|  |TAMS 0x00000000c9e00000, 0x00000000c9e00000| Untracked 
|  10|0x00000000c9e00000, 0x00000000c9f00000, 0x00000000c9f00000|100%| O|  |TAMS 0x00000000c9f00000, 0x00000000c9f00000| Untracked 
|  11|0x00000000c9f00000, 0x00000000ca000000, 0x00000000ca000000|100%| O|  |TAMS 0x00000000ca000000, 0x00000000ca000000| Untracked 
|  12|0x00000000ca000000, 0x00000000ca100000, 0x00000000ca100000|100%| O|  |TAMS 0x00000000ca0d8400, 0x00000000ca100000| Untracked 
|  13|0x00000000ca100000, 0x00000000ca100000, 0x00000000ca200000|  0%| F|  |TAMS 0x00000000ca100000, 0x00000000ca100000| Untracked 
|  14|0x00000000ca200000, 0x00000000ca300000, 0x00000000ca300000|100%| O|  |TAMS 0x00000000ca200000, 0x00000000ca300000| Untracked 
|  15|0x00000000ca300000, 0x00000000ca400000, 0x00000000ca400000|100%|HS|  |TAMS 0x00000000ca400000, 0x00000000ca400000| Complete 
|  16|0x00000000ca400000, 0x00000000ca500000, 0x00000000ca500000|100%|HC|  |TAMS 0x00000000ca500000, 0x00000000ca500000| Complete 
|  17|0x00000000ca500000, 0x00000000ca600000, 0x00000000ca600000|100%| O|  |TAMS 0x00000000ca600000, 0x00000000ca600000| Untracked 
|  18|0x00000000ca600000, 0x00000000ca700000, 0x00000000ca700000|100%| O|  |TAMS 0x00000000ca600000, 0x00000000ca700000| Untracked 
|  19|0x00000000ca700000, 0x00000000ca800000, 0x00000000ca800000|100%| O|  |TAMS 0x00000000ca800000, 0x00000000ca800000| Untracked 
|  20|0x00000000ca800000, 0x00000000ca900000, 0x00000000ca900000|100%| O|  |TAMS 0x00000000ca900000, 0x00000000ca900000| Untracked 
|  21|0x00000000ca900000, 0x00000000caa00000, 0x00000000caa00000|100%| O|  |TAMS 0x00000000caa00000, 0x00000000caa00000| Untracked 
|  22|0x00000000caa00000, 0x00000000cab00000, 0x00000000cab00000|100%| O|  |TAMS 0x00000000caa00000, 0x00000000cab00000| Untracked 
|  23|0x00000000cab00000, 0x00000000cab00000, 0x00000000cac00000|  0%| F|  |TAMS 0x00000000cab00000, 0x00000000cab00000| Untracked 
|  24|0x00000000cac00000, 0x00000000cad00000, 0x00000000cad00000|100%| O|  |TAMS 0x00000000cac00000, 0x00000000cad00000| Untracked 
|  25|0x00000000cad00000, 0x00000000cae00000, 0x00000000cae00000|100%| O|  |TAMS 0x00000000cad00000, 0x00000000cae00000| Untracked 
|  26|0x00000000cae00000, 0x00000000caf00000, 0x00000000caf00000|100%| O|  |TAMS 0x00000000cae00000, 0x00000000caf00000| Untracked 
|  27|0x00000000caf00000, 0x00000000caf9d800, 0x00000000cb000000| 61%| O|  |TAMS 0x00000000caf00000, 0x00000000caf9d800| Untracked 
|  28|0x00000000cb000000, 0x00000000cb000000, 0x00000000cb100000|  0%| F|  |TAMS 0x00000000cb000000, 0x00000000cb000000| Untracked 
|  29|0x00000000cb100000, 0x00000000cb100000, 0x00000000cb200000|  0%| F|  |TAMS 0x00000000cb100000, 0x00000000cb100000| Untracked 
|  30|0x00000000cb200000, 0x00000000cb300000, 0x00000000cb300000|100%| O|  |TAMS 0x00000000cb300000, 0x00000000cb300000| Untracked 
|  31|0x00000000cb300000, 0x00000000cb300000, 0x00000000cb400000|  0%| F|  |TAMS 0x00000000cb300000, 0x00000000cb300000| Untracked 
|  32|0x00000000cb400000, 0x00000000cb400000, 0x00000000cb500000|  0%| F|  |TAMS 0x00000000cb400000, 0x00000000cb400000| Untracked 
|  33|0x00000000cb500000, 0x00000000cb600000, 0x00000000cb600000|100%|HS|  |TAMS 0x00000000cb600000, 0x00000000cb600000| Complete 
|  34|0x00000000cb600000, 0x00000000cb600000, 0x00000000cb700000|  0%| F|  |TAMS 0x00000000cb600000, 0x00000000cb600000| Untracked 
|  35|0x00000000cb700000, 0x00000000cb700000, 0x00000000cb800000|  0%| F|  |TAMS 0x00000000cb700000, 0x00000000cb700000| Untracked 
|  36|0x00000000cb800000, 0x00000000cb800000, 0x00000000cb900000|  0%| F|  |TAMS 0x00000000cb800000, 0x00000000cb800000| Untracked 
|  37|0x00000000cb900000, 0x00000000cba00000, 0x00000000cba00000|100%|HS|  |TAMS 0x00000000cba00000, 0x00000000cba00000| Complete 
|  38|0x00000000cba00000, 0x00000000cbb00000, 0x00000000cbb00000|100%|HC|  |TAMS 0x00000000cbb00000, 0x00000000cbb00000| Complete 
|  39|0x00000000cbb00000, 0x00000000cbc00000, 0x00000000cbc00000|100%| O|  |TAMS 0x00000000cbc00000, 0x00000000cbc00000| Untracked 
|  40|0x00000000cbc00000, 0x00000000cbd00000, 0x00000000cbd00000|100%| O|  |TAMS 0x00000000cbd00000, 0x00000000cbd00000| Untracked 
|  41|0x00000000cbd00000, 0x00000000cbe00000, 0x00000000cbe00000|100%| O|  |TAMS 0x00000000cbe00000, 0x00000000cbe00000| Untracked 
|  42|0x00000000cbe00000, 0x00000000cbf00000, 0x00000000cbf00000|100%| O|  |TAMS 0x00000000cbf00000, 0x00000000cbf00000| Untracked 
|  43|0x00000000cbf00000, 0x00000000cc000000, 0x00000000cc000000|100%| O|  |TAMS 0x00000000cc000000, 0x00000000cc000000| Untracked 
|  44|0x00000000cc000000, 0x00000000cc100000, 0x00000000cc100000|100%| O|  |TAMS 0x00000000cc100000, 0x00000000cc100000| Untracked 
|  45|0x00000000cc100000, 0x00000000cc200000, 0x00000000cc200000|100%| O|  |TAMS 0x00000000cc200000, 0x00000000cc200000| Untracked 
|  46|0x00000000cc200000, 0x00000000cc300000, 0x00000000cc300000|100%| O|  |TAMS 0x00000000cc300000, 0x00000000cc300000| Untracked 
|  47|0x00000000cc300000, 0x00000000cc400000, 0x00000000cc400000|100%| O|  |TAMS 0x00000000cc400000, 0x00000000cc400000| Untracked 
|  48|0x00000000cc400000, 0x00000000cc500000, 0x00000000cc500000|100%| O|  |TAMS 0x00000000cc500000, 0x00000000cc500000| Untracked 
|  49|0x00000000cc500000, 0x00000000cc500000, 0x00000000cc600000|  0%| F|  |TAMS 0x00000000cc500000, 0x00000000cc500000| Untracked 
|  50|0x00000000cc600000, 0x00000000cc600000, 0x00000000cc700000|  0%| F|  |TAMS 0x00000000cc600000, 0x00000000cc600000| Untracked 
|  51|0x00000000cc700000, 0x00000000cc700000, 0x00000000cc800000|  0%| F|  |TAMS 0x00000000cc700000, 0x00000000cc700000| Untracked 
|  52|0x00000000cc800000, 0x00000000cc800000, 0x00000000cc900000|  0%| F|  |TAMS 0x00000000cc800000, 0x00000000cc800000| Untracked 
|  53|0x00000000cc900000, 0x00000000cc900000, 0x00000000cca00000|  0%| F|  |TAMS 0x00000000cc900000, 0x00000000cc900000| Untracked 
|  54|0x00000000cca00000, 0x00000000cca00000, 0x00000000ccb00000|  0%| F|  |TAMS 0x00000000cca00000, 0x00000000cca00000| Untracked 
|  55|0x00000000ccb00000, 0x00000000ccb00000, 0x00000000ccc00000|  0%| F|  |TAMS 0x00000000ccb00000, 0x00000000ccb00000| Untracked 
|  56|0x00000000ccc00000, 0x00000000ccc00000, 0x00000000ccd00000|  0%| F|  |TAMS 0x00000000ccc00000, 0x00000000ccc00000| Untracked 
|  57|0x00000000ccd00000, 0x00000000ccd00000, 0x00000000cce00000|  0%| F|  |TAMS 0x00000000ccd00000, 0x00000000ccd00000| Untracked 
|  58|0x00000000cce00000, 0x00000000cce00000, 0x00000000ccf00000|  0%| F|  |TAMS 0x00000000cce00000, 0x00000000cce00000| Untracked 
|  59|0x00000000ccf00000, 0x00000000ccf00000, 0x00000000cd000000|  0%| F|  |TAMS 0x00000000ccf00000, 0x00000000ccf00000| Untracked 
|  60|0x00000000cd000000, 0x00000000cd000000, 0x00000000cd100000|  0%| F|  |TAMS 0x00000000cd000000, 0x00000000cd000000| Untracked 
|  61|0x00000000cd100000, 0x00000000cd109958, 0x00000000cd200000|  3%| S|CS|TAMS 0x00000000cd100000, 0x00000000cd100000| Complete 
|  62|0x00000000cd200000, 0x00000000cd300000, 0x00000000cd300000|100%| S|CS|TAMS 0x00000000cd200000, 0x00000000cd200000| Complete 
|  63|0x00000000cd300000, 0x00000000cd300000, 0x00000000cd400000|  0%| F|  |TAMS 0x00000000cd300000, 0x00000000cd300000| Untracked 
|  64|0x00000000cd400000, 0x00000000cd400000, 0x00000000cd500000|  0%| F|  |TAMS 0x00000000cd400000, 0x00000000cd400000| Untracked 
|  65|0x00000000cd500000, 0x00000000cd500000, 0x00000000cd600000|  0%| F|  |TAMS 0x00000000cd500000, 0x00000000cd500000| Untracked 
|  66|0x00000000cd600000, 0x00000000cd600000, 0x00000000cd700000|  0%| F|  |TAMS 0x00000000cd600000, 0x00000000cd600000| Untracked 
|  67|0x00000000cd700000, 0x00000000cd700000, 0x00000000cd800000|  0%| F|  |TAMS 0x00000000cd700000, 0x00000000cd700000| Untracked 
|  68|0x00000000cd800000, 0x00000000cd800000, 0x00000000cd900000|  0%| F|  |TAMS 0x00000000cd800000, 0x00000000cd800000| Untracked 
|  69|0x00000000cd900000, 0x00000000cd900000, 0x00000000cda00000|  0%| F|  |TAMS 0x00000000cd900000, 0x00000000cd900000| Untracked 
|  70|0x00000000cda00000, 0x00000000cda00000, 0x00000000cdb00000|  0%| F|  |TAMS 0x00000000cda00000, 0x00000000cda00000| Untracked 
|  71|0x00000000cdb00000, 0x00000000cdb00000, 0x00000000cdc00000|  0%| F|  |TAMS 0x00000000cdb00000, 0x00000000cdb00000| Untracked 
|  72|0x00000000cdc00000, 0x00000000cdc00000, 0x00000000cdd00000|  0%| F|  |TAMS 0x00000000cdc00000, 0x00000000cdc00000| Untracked 
|  73|0x00000000cdd00000, 0x00000000cdd00000, 0x00000000cde00000|  0%| F|  |TAMS 0x00000000cdd00000, 0x00000000cdd00000| Untracked 
|  74|0x00000000cde00000, 0x00000000cde00000, 0x00000000cdf00000|  0%| F|  |TAMS 0x00000000cde00000, 0x00000000cde00000| Untracked 
|  75|0x00000000cdf00000, 0x00000000cdf00000, 0x00000000ce000000|  0%| F|  |TAMS 0x00000000cdf00000, 0x00000000cdf00000| Untracked 
|  76|0x00000000ce000000, 0x00000000ce000000, 0x00000000ce100000|  0%| F|  |TAMS 0x00000000ce000000, 0x00000000ce000000| Untracked 
|  77|0x00000000ce100000, 0x00000000ce100000, 0x00000000ce200000|  0%| F|  |TAMS 0x00000000ce100000, 0x00000000ce100000| Untracked 
|  78|0x00000000ce200000, 0x00000000ce200000, 0x00000000ce300000|  0%| F|  |TAMS 0x00000000ce200000, 0x00000000ce200000| Untracked 
|  79|0x00000000ce300000, 0x00000000ce300000, 0x00000000ce400000|  0%| F|  |TAMS 0x00000000ce300000, 0x00000000ce300000| Untracked 

Card table byte_map: [0x000002069fe90000,0x00000206a0050000] _byte_map_base: 0x000002069f846000

Marking Bits (Prev, Next): (CMBitMap*) 0x00000206895a54e0, (CMBitMap*) 0x00000206895a54a0
 Prev Bits: [0x00000206a0fc0000, 0x00000206a1d70000)
 Next Bits: [0x00000206a0210000, 0x00000206a0fc0000)

Polling page: 0x0000020687440000

Metaspace:

Usage:
  Non-class:     22.40 MB used.
      Class:      2.74 MB used.
       Both:     25.15 MB used.

Virtual space:
  Non-class space:       64.00 MB reserved,      22.56 MB ( 35%) committed,  1 nodes.
      Class space:        1.00 GB reserved,       2.94 MB ( <1%) committed,  1 nodes.
             Both:        1.06 GB reserved,      25.50 MB (  2%) committed. 

Chunk freelists:
   Non-Class:  704.00 KB
       Class:  1.11 MB
        Both:  1.80 MB

MaxMetaspaceSize: unlimited
CompressedClassSpaceSize: 1.00 GB
Initial GC threshold: 21.00 MB
Current GC threshold: 42.12 MB
CDS: on
MetaspaceReclaimPolicy: balanced
 - commit_granule_bytes: 65536.
 - commit_granule_words: 8192.
 - virtual_space_node_default_size: 8388608.
 - enlarge_chunks_in_place: 1.
 - new_chunks_are_fully_committed: 0.
 - uncommit_free_chunks: 1.
 - use_allocation_guard: 0.


Internal statistics:

num_allocs_failed_limit: 6.
num_arena_births: 336.
num_arena_deaths: 0.
num_vsnodes_births: 2.
num_vsnodes_deaths: 0.
num_space_committed: 408.
num_space_uncommitted: 0.
num_chunks_returned_to_freelist: 6.
num_chunks_taken_from_freelist: 1251.
num_chunk_merges: 3.
num_chunk_splits: 905.
num_chunks_enlarged: 702.
num_inconsistent_stats: 0.

CodeHeap 'non-profiled nmethods': size=120000Kb used=2797Kb max_used=2797Kb free=117202Kb
 bounds [0x0000020698960000, 0x0000020698c20000, 0x000002069fe90000]
CodeHeap 'profiled nmethods': size=120000Kb used=13518Kb max_used=13518Kb free=106482Kb
 bounds [0x0000020691430000, 0x0000020692170000, 0x0000020698960000]
CodeHeap 'non-nmethods': size=5760Kb used=1217Kb max_used=1259Kb free=4542Kb
 bounds [0x0000020690e90000, 0x0000020691100000, 0x0000020691430000]
 total_blobs=6893 nmethods=6385 adapters=420
 compilation: enabled
              stopped_count=0, restarted_count=0
 full_count=0

Compilation events (20 events):
Event: 14.164 Thread 0x00000206a433ed30 6396       1       org.eclipse.aether.collection.DependencyManagement::getOptional (5 bytes)
Event: 14.164 Thread 0x00000206a433ed30 nmethod 6396 0x0000020698c19190 code [0x0000020698c19320, 0x0000020698c193f8]
Event: 14.193 Thread 0x00000206a433d9e0 6397       4       java.util.concurrent.ConcurrentHashMap$KeyIterator::next (34 bytes)
Event: 14.199 Thread 0x00000206a433d9e0 nmethod 6397 0x0000020698c19490 code [0x0000020698c19620, 0x0000020698c19a38]
Event: 14.199 Thread 0x00000206a433d9e0 6398       4       java.io.File::isInvalid (47 bytes)
Event: 14.202 Thread 0x00000206a433d9e0 nmethod 6398 0x0000020698c19c10 code [0x0000020698c19da0, 0x0000020698c1a048]
Event: 14.221 Thread 0x00000206a433ed30 6399 % !   3       java.io.BufferedReader::readLine @ 139 (327 bytes)
Event: 14.222 Thread 0x00000206a433ed30 nmethod 6399% 0x0000020692157390 code [0x00000206921576a0, 0x0000020692158b98]
Event: 14.223 Thread 0x00000206a433d9e0 6400       4       java.util.regex.Pattern$Slice::match (79 bytes)
Event: 14.223 Thread 0x00000206a433ed30 6401       3       java.util.regex.Pattern$BnM::optimize (179 bytes)
Event: 14.224 Thread 0x00000206a433ed30 nmethod 6401 0x0000020692159710 code [0x0000020692159960, 0x000002069215a768]
Event: 14.224 Thread 0x00000206a433ed30 6402       3       java.util.regex.Pattern::group0 (1098 bytes)
Event: 14.227 Thread 0x00000206a433ed30 nmethod 6402 0x000002069215ab10 code [0x000002069215b360, 0x000002069215fed8]
Event: 14.227 Thread 0x00000206a433ed30 6403       3       java.util.AbstractList::subListRangeCheck (110 bytes)
Event: 14.228 Thread 0x00000206a433ed30 nmethod 6403 0x0000020692161a10 code [0x0000020692161dc0, 0x0000020692163108]
Event: 14.229 Thread 0x00000206a433d9e0 nmethod 6400 0x0000020698c1a210 code [0x0000020698c1a3c0, 0x0000020698c1a848]
Event: 14.229 Thread 0x00000206a433d9e0 6405   !   4       org.codehaus.plexus.interpolation.StringSearchInterpolator::interpolate (53 bytes)
Event: 14.233 Thread 0x00000206a433d9e0 nmethod 6405 0x0000020698c1ac10 code [0x0000020698c1adc0, 0x0000020698c1b058]
Event: 14.233 Thread 0x00000206a433d9e0 6404       4       java.util.regex.Pattern::next (33 bytes)
Event: 14.234 Thread 0x00000206a433d9e0 nmethod 6404 0x0000020698c1b290 code [0x0000020698c1b400, 0x0000020698c1b4f8]

GC Heap History (20 events):
Event: 10.263 GC heap after
{Heap after GC invocations=12 (full 0):
 garbage-first heap   total 69632K, used 33008K [0x00000000c9400000, 0x0000000100000000)
  region size 1024K, 2 young (2048K), 2 survivors (2048K)
 Metaspace       used 23304K, committed 23680K, reserved 1114112K
  class space    used 2584K, committed 2752K, reserved 1048576K
}
Event: 10.415 GC heap before
{Heap before GC invocations=13 (full 0):
 garbage-first heap   total 69632K, used 39152K [0x00000000c9400000, 0x0000000100000000)
  region size 1024K, 9 young (9216K), 2 survivors (2048K)
 Metaspace       used 23418K, committed 23744K, reserved 1114112K
  class space    used 2585K, committed 2752K, reserved 1048576K
}
Event: 10.423 GC heap after
{Heap after GC invocations=14 (full 0):
 garbage-first heap   total 69632K, used 34950K [0x00000000c9400000, 0x0000000100000000)
  region size 1024K, 2 young (2048K), 2 survivors (2048K)
 Metaspace       used 23418K, committed 23744K, reserved 1114112K
  class space    used 2585K, committed 2752K, reserved 1048576K
}
Event: 11.276 GC heap before
{Heap before GC invocations=15 (full 0):
 garbage-first heap   total 69632K, used 48262K [0x00000000c9400000, 0x0000000100000000)
  region size 1024K, 14 young (14336K), 2 survivors (2048K)
 Metaspace       used 25250K, committed 25664K, reserved 1114112K
  class space    used 2798K, committed 3008K, reserved 1048576K
}
Event: 11.284 GC heap after
{Heap after GC invocations=16 (full 0):
 garbage-first heap   total 69632K, used 37670K [0x00000000c9400000, 0x0000000100000000)
  region size 1024K, 2 young (2048K), 2 survivors (2048K)
 Metaspace       used 25250K, committed 25664K, reserved 1114112K
  class space    used 2798K, committed 3008K, reserved 1048576K
}
Event: 11.782 GC heap before
{Heap before GC invocations=16 (full 0):
 garbage-first heap   total 69632K, used 46886K [0x00000000c9400000, 0x0000000100000000)
  region size 1024K, 13 young (13312K), 2 survivors (2048K)
 Metaspace       used 25512K, committed 25856K, reserved 1114112K
  class space    used 2806K, committed 3008K, reserved 1048576K
}
Event: 11.790 GC heap after
{Heap after GC invocations=17 (full 0):
 garbage-first heap   total 69632K, used 38363K [0x00000000c9400000, 0x0000000100000000)
  region size 1024K, 1 young (1024K), 1 survivors (1024K)
 Metaspace       used 25512K, committed 25856K, reserved 1114112K
  class space    used 2806K, committed 3008K, reserved 1048576K
}
Event: 11.940 GC heap before
{Heap before GC invocations=18 (full 0):
 garbage-first heap   total 80896K, used 52699K [0x00000000c9400000, 0x0000000100000000)
  region size 1024K, 14 young (14336K), 1 survivors (1024K)
 Metaspace       used 25550K, committed 25920K, reserved 1114112K
  class space    used 2806K, committed 3008K, reserved 1048576K
}
Event: 11.951 GC heap after
{Heap after GC invocations=19 (full 0):
 garbage-first heap   total 80896K, used 48991K [0x00000000c9400000, 0x0000000100000000)
  region size 1024K, 2 young (2048K), 2 survivors (2048K)
 Metaspace       used 25550K, committed 25920K, reserved 1114112K
  class space    used 2806K, committed 3008K, reserved 1048576K
}
Event: 11.962 GC heap before
{Heap before GC invocations=19 (full 0):
 garbage-first heap   total 80896K, used 50015K [0x00000000c9400000, 0x0000000100000000)
  region size 1024K, 3 young (3072K), 2 survivors (2048K)
 Metaspace       used 25550K, committed 25920K, reserved 1114112K
  class space    used 2806K, committed 3008K, reserved 1048576K
}
Event: 11.968 GC heap after
{Heap after GC invocations=20 (full 0):
 garbage-first heap   total 80896K, used 43097K [0x00000000c9400000, 0x0000000100000000)
  region size 1024K, 1 young (1024K), 1 survivors (1024K)
 Metaspace       used 25550K, committed 25920K, reserved 1114112K
  class space    used 2806K, committed 3008K, reserved 1048576K
}
Event: 12.006 GC heap before
{Heap before GC invocations=20 (full 0):
 garbage-first heap   total 80896K, used 45145K [0x00000000c9400000, 0x0000000100000000)
  region size 1024K, 3 young (3072K), 1 survivors (1024K)
 Metaspace       used 25550K, committed 25920K, reserved 1114112K
  class space    used 2806K, committed 3008K, reserved 1048576K
}
Event: 12.010 GC heap after
{Heap after GC invocations=21 (full 0):
 garbage-first heap   total 80896K, used 42727K [0x00000000c9400000, 0x0000000100000000)
  region size 1024K, 1 young (1024K), 1 survivors (1024K)
 Metaspace       used 25550K, committed 25920K, reserved 1114112K
  class space    used 2806K, committed 3008K, reserved 1048576K
}
Event: 12.234 GC heap before
{Heap before GC invocations=21 (full 0):
 garbage-first heap   total 80896K, used 55015K [0x00000000c9400000, 0x0000000100000000)
  region size 1024K, 14 young (14336K), 1 survivors (1024K)
 Metaspace       used 25562K, committed 25984K, reserved 1114112K
  class space    used 2806K, committed 3008K, reserved 1048576K
}
Event: 12.239 GC heap after
{Heap after GC invocations=22 (full 0):
 garbage-first heap   total 80896K, used 46547K [0x00000000c9400000, 0x0000000100000000)
  region size 1024K, 2 young (2048K), 2 survivors (2048K)
 Metaspace       used 25562K, committed 25984K, reserved 1114112K
  class space    used 2806K, committed 3008K, reserved 1048576K
}
Event: 12.670 GC heap before
{Heap before GC invocations=23 (full 0):
 garbage-first heap   total 81920K, used 57811K [0x00000000c9400000, 0x0000000100000000)
  region size 1024K, 14 young (14336K), 2 survivors (2048K)
 Metaspace       used 25590K, committed 25984K, reserved 1114112K
  class space    used 2807K, committed 3008K, reserved 1048576K
}
Event: 12.675 GC heap after
{Heap after GC invocations=24 (full 0):
 garbage-first heap   total 81920K, used 47759K [0x00000000c9400000, 0x0000000100000000)
  region size 1024K, 2 young (2048K), 2 survivors (2048K)
 Metaspace       used 25590K, committed 25984K, reserved 1114112K
  class space    used 2807K, committed 3008K, reserved 1048576K
}
Event: 12.794 GC heap before
{Heap before GC invocations=24 (full 0):
 garbage-first heap   total 81920K, used 49807K [0x00000000c9400000, 0x0000000100000000)
  region size 1024K, 4 young (4096K), 2 survivors (2048K)
 Metaspace       used 25604K, committed 26048K, reserved 1114112K
  class space    used 2807K, committed 3008K, reserved 1048576K
}
Event: 12.798 GC heap after
{Heap after GC invocations=25 (full 0):
 garbage-first heap   total 81920K, used 40809K [0x00000000c9400000, 0x0000000100000000)
  region size 1024K, 1 young (1024K), 1 survivors (1024K)
 Metaspace       used 25604K, committed 26048K, reserved 1114112K
  class space    used 2807K, committed 3008K, reserved 1048576K
}
Event: 14.263 GC heap before
{Heap before GC invocations=25 (full 0):
 garbage-first heap   total 81920K, used 56169K [0x00000000c9400000, 0x0000000100000000)
  region size 1024K, 17 young (17408K), 1 survivors (1024K)
 Metaspace       used 25749K, committed 26112K, reserved 1114112K
  class space    used 2808K, committed 3008K, reserved 1048576K
}

Deoptimization events (20 events):
Event: 12.615 Thread 0x0000020689567fa0 DEOPT PACKING pc=0x00000206914c6b5b sp=0x000000d58fdfd090
Event: 12.615 Thread 0x0000020689567fa0 DEOPT UNPACKING pc=0x0000020690ee2b43 sp=0x000000d58fdfc570 mode 0
Event: 13.466 Thread 0x0000020689567fa0 DEOPT PACKING pc=0x00000206920cd8a0 sp=0x000000d58fdfc4b0
Event: 13.466 Thread 0x0000020689567fa0 DEOPT UNPACKING pc=0x0000020690ee2b43 sp=0x000000d58fdfb960 mode 0
Event: 14.128 Thread 0x0000020689567fa0 Uncommon trap: trap_request=0xffffffbe fr.pc=0x0000020698c187cc relative=0x000000000000032c
Event: 14.128 Thread 0x0000020689567fa0 Uncommon trap: reason=profile_predicate action=maybe_recompile pc=0x0000020698c187cc method=java.util.regex.Pattern$Slice.match(Ljava/util/regex/Matcher;ILjava/lang/CharSequence;)Z @ 18 c2
Event: 14.128 Thread 0x0000020689567fa0 DEOPT PACKING pc=0x0000020698c187cc sp=0x000000d58fdfbf30
Event: 14.128 Thread 0x0000020689567fa0 DEOPT UNPACKING pc=0x0000020690ee23a3 sp=0x000000d58fdfbec0 mode 2
Event: 14.128 Thread 0x0000020689567fa0 Uncommon trap: trap_request=0xffffffbe fr.pc=0x0000020698c187cc relative=0x000000000000032c
Event: 14.128 Thread 0x0000020689567fa0 Uncommon trap: reason=profile_predicate action=maybe_recompile pc=0x0000020698c187cc method=java.util.regex.Pattern$Slice.match(Ljava/util/regex/Matcher;ILjava/lang/CharSequence;)Z @ 18 c2
Event: 14.128 Thread 0x0000020689567fa0 DEOPT PACKING pc=0x0000020698c187cc sp=0x000000d58fdfbf30
Event: 14.128 Thread 0x0000020689567fa0 DEOPT UNPACKING pc=0x0000020690ee23a3 sp=0x000000d58fdfbec0 mode 2
Event: 14.128 Thread 0x0000020689567fa0 Uncommon trap: trap_request=0xffffffbe fr.pc=0x0000020698c187cc relative=0x000000000000032c
Event: 14.128 Thread 0x0000020689567fa0 Uncommon trap: reason=profile_predicate action=maybe_recompile pc=0x0000020698c187cc method=java.util.regex.Pattern$Slice.match(Ljava/util/regex/Matcher;ILjava/lang/CharSequence;)Z @ 18 c2
Event: 14.128 Thread 0x0000020689567fa0 DEOPT PACKING pc=0x0000020698c187cc sp=0x000000d58fdfbf30
Event: 14.128 Thread 0x0000020689567fa0 DEOPT UNPACKING pc=0x0000020690ee23a3 sp=0x000000d58fdfbec0 mode 2
Event: 14.128 Thread 0x0000020689567fa0 Uncommon trap: trap_request=0xffffffbe fr.pc=0x0000020698c187cc relative=0x000000000000032c
Event: 14.128 Thread 0x0000020689567fa0 Uncommon trap: reason=profile_predicate action=maybe_recompile pc=0x0000020698c187cc method=java.util.regex.Pattern$Slice.match(Ljava/util/regex/Matcher;ILjava/lang/CharSequence;)Z @ 18 c2
Event: 14.128 Thread 0x0000020689567fa0 DEOPT PACKING pc=0x0000020698c187cc sp=0x000000d58fdfbf30
Event: 14.128 Thread 0x0000020689567fa0 DEOPT UNPACKING pc=0x0000020690ee23a3 sp=0x000000d58fdfbec0 mode 2

Classes loaded (20 events):
Event: 10.825 Loading class java/util/EnumMap$EnumMapIterator done
Event: 10.825 Loading class java/util/EnumMap$EntryIterator done
Event: 10.825 Loading class java/util/EnumMap$EntryIterator$Entry
Event: 10.825 Loading class java/util/EnumMap$EntryIterator$Entry done
Event: 11.174 Loading class java/io/DataOutputStream
Event: 11.175 Loading class java/io/DataOutputStream done
Event: 11.246 Loading class java/util/stream/ReduceOps$2
Event: 11.246 Loading class java/util/stream/ReduceOps$2 done
Event: 11.246 Loading class java/util/stream/ReduceOps$2ReducingSink
Event: 11.246 Loading class java/util/stream/ReduceOps$2ReducingSink done
Event: 11.455 Loading class java/util/EnumMap$Values
Event: 11.455 Loading class java/util/EnumMap$Values done
Event: 11.455 Loading class java/util/EnumMap$ValueIterator
Event: 11.455 Loading class java/util/EnumMap$ValueIterator done
Event: 11.458 Loading class java/util/WeakHashMap$KeyIterator
Event: 11.458 Loading class java/util/WeakHashMap$HashIterator
Event: 11.459 Loading class java/util/WeakHashMap$HashIterator done
Event: 11.459 Loading class java/util/WeakHashMap$KeyIterator done
Event: 13.075 Loading class java/util/Collections$UnmodifiableList$1
Event: 13.076 Loading class java/util/Collections$UnmodifiableList$1 done

Classes unloaded (0 events):
No events

Classes redefined (0 events):
No events

Internal exceptions (20 events):
Event: 12.415 Thread 0x0000020689567fa0 Exception <a 'sun/nio/fs/WindowsException'{0x00000000cdb08650}> (0x00000000cdb08650) 
thrown [s\open\src\hotspot\share\prims\jni.cpp, line 516]
Event: 12.416 Thread 0x0000020689567fa0 Exception <a 'sun/nio/fs/WindowsException'{0x00000000cdb08a10}> (0x00000000cdb08a10) 
thrown [s\open\src\hotspot\share\prims\jni.cpp, line 516]
Event: 12.416 Thread 0x0000020689567fa0 Exception <a 'sun/nio/fs/WindowsException'{0x00000000cdb0b788}> (0x00000000cdb0b788) 
thrown [s\open\src\hotspot\share\prims\jni.cpp, line 516]
Event: 12.417 Thread 0x0000020689567fa0 Exception <a 'sun/nio/fs/WindowsException'{0x00000000cdb0bab8}> (0x00000000cdb0bab8) 
thrown [s\open\src\hotspot\share\prims\jni.cpp, line 516]
Event: 12.417 Thread 0x0000020689567fa0 Exception <a 'sun/nio/fs/WindowsException'{0x00000000cdb0c9a0}> (0x00000000cdb0c9a0) 
thrown [s\open\src\hotspot\share\prims\jni.cpp, line 516]
Event: 12.417 Thread 0x0000020689567fa0 Exception <a 'sun/nio/fs/WindowsException'{0x00000000cdb0ccb8}> (0x00000000cdb0ccb8) 
thrown [s\open\src\hotspot\share\prims\jni.cpp, line 516]
Event: 12.417 Thread 0x0000020689567fa0 Exception <a 'sun/nio/fs/WindowsException'{0x00000000cdb1dca8}> (0x00000000cdb1dca8) 
thrown [s\open\src\hotspot\share\prims\jni.cpp, line 516]
Event: 12.417 Thread 0x0000020689567fa0 Exception <a 'sun/nio/fs/WindowsException'{0x00000000cdb1df70}> (0x00000000cdb1df70) 
thrown [s\open\src\hotspot\share\prims\jni.cpp, line 516]
Event: 12.418 Thread 0x0000020689567fa0 Exception <a 'sun/nio/fs/WindowsException'{0x00000000cdb44b90}> (0x00000000cdb44b90) 
thrown [s\open\src\hotspot\share\prims\jni.cpp, line 516]
Event: 12.418 Thread 0x0000020689567fa0 Exception <a 'sun/nio/fs/WindowsException'{0x00000000cdb44ea0}> (0x00000000cdb44ea0) 
thrown [s\open\src\hotspot\share\prims\jni.cpp, line 516]
Event: 12.419 Thread 0x0000020689567fa0 Exception <a 'sun/nio/fs/WindowsException'{0x00000000cdb45e48}> (0x00000000cdb45e48) 
thrown [s\open\src\hotspot\share\prims\jni.cpp, line 516]
Event: 12.419 Thread 0x0000020689567fa0 Exception <a 'sun/nio/fs/WindowsException'{0x00000000cdb46220}> (0x00000000cdb46220) 
thrown [s\open\src\hotspot\share\prims\jni.cpp, line 516]
Event: 12.427 Thread 0x0000020689567fa0 Exception <a 'sun/nio/fs/WindowsException'{0x00000000cda0a0f8}> (0x00000000cda0a0f8) 
thrown [s\open\src\hotspot\share\prims\jni.cpp, line 516]
Event: 12.427 Thread 0x0000020689567fa0 Exception <a 'sun/nio/fs/WindowsException'{0x00000000cda0a828}> (0x00000000cda0a828) 
thrown [s\open\src\hotspot\share\prims\jni.cpp, line 516]
Event: 12.427 Thread 0x0000020689567fa0 Exception <a 'sun/nio/fs/WindowsException'{0x00000000cda0ade8}> (0x00000000cda0ade8) 
thrown [s\open\src\hotspot\share\prims\jni.cpp, line 516]
Event: 12.427 Thread 0x0000020689567fa0 Exception <a 'sun/nio/fs/WindowsException'{0x00000000cda0b4e8}> (0x00000000cda0b4e8) 
thrown [s\open\src\hotspot\share\prims\jni.cpp, line 516]
Event: 12.427 Thread 0x0000020689567fa0 Exception <a 'sun/nio/fs/WindowsException'{0x00000000cda0b788}> (0x00000000cda0b788) 
thrown [s\open\src\hotspot\share\prims\jni.cpp, line 516]
Event: 12.427 Thread 0x0000020689567fa0 Exception <a 'sun/nio/fs/WindowsException'{0x00000000cda0c3f0}> (0x00000000cda0c3f0) 
thrown [s\open\src\hotspot\share\prims\jni.cpp, line 516]
Event: 12.427 Thread 0x0000020689567fa0 Exception <a 'sun/nio/fs/WindowsException'{0x00000000cda0c660}> (0x00000000cda0c660) 
thrown [s\open\src\hotspot\share\prims\jni.cpp, line 516]
Event: 12.427 Thread 0x0000020689567fa0 Exception <a 'sun/nio/fs/WindowsException'{0x00000000cda0d2c0}> (0x00000000cda0d2c0) 
thrown [s\open\src\hotspot\share\prims\jni.cpp, line 516]

VM Operations (20 events):
Event: 11.860 Executing VM operation: G1Concurrent done
Event: 11.889 Executing VM operation: G1Concurrent
Event: 11.889 Executing VM operation: G1Concurrent done
Event: 11.939 Executing VM operation: G1CollectForAllocation
Event: 11.951 Executing VM operation: G1CollectForAllocation done
Event: 11.962 Executing VM operation: G1CollectForAllocation
Event: 11.968 Executing VM operation: G1CollectForAllocation done
Event: 12.006 Executing VM operation: G1CollectForAllocation
Event: 12.011 Executing VM operation: G1CollectForAllocation done
Event: 12.234 Executing VM operation: G1CollectForAllocation
Event: 12.239 Executing VM operation: G1CollectForAllocation done
Event: 12.296 Executing VM operation: G1Concurrent
Event: 12.304 Executing VM operation: G1Concurrent done
Event: 12.328 Executing VM operation: G1Concurrent
Event: 12.328 Executing VM operation: G1Concurrent done
Event: 12.670 Executing VM operation: G1CollectForAllocation
Event: 12.675 Executing VM operation: G1CollectForAllocation done
Event: 12.793 Executing VM operation: G1CollectForAllocation
Event: 12.798 Executing VM operation: G1CollectForAllocation done
Event: 14.263 Executing VM operation: G1CollectForAllocation

Events (20 events):
Event: 0.018 Loaded shared library C:\Users\sande\OneDrive\Desktop\jdk-18.0.1.1\bin\java.dll
Event: 0.030 Loaded shared library C:\Users\sande\OneDrive\Desktop\jdk-18.0.1.1\bin\jsvml.dll
Event: 0.030 Thread 0x0000020689567fa0 Thread added: 0x0000020689567fa0
Event: 0.034 Thread 0x00000206a430f6d0 Thread added: 0x00000206a430f6d0
Event: 0.034 Thread 0x00000206a4310330 Thread added: 0x00000206a4310330
Event: 0.051 Thread 0x00000206a4326bd0 Thread added: 0x00000206a4326bd0
Event: 0.051 Thread 0x00000206a4327e40 Thread added: 0x00000206a4327e40
Event: 0.051 Thread 0x00000206a43287e0 Thread added: 0x00000206a43287e0
Event: 0.052 Thread 0x00000206a4329ba0 Thread added: 0x00000206a4329ba0
Event: 0.052 Thread 0x00000206a433d9e0 Thread added: 0x00000206a433d9e0
Event: 0.052 Thread 0x00000206a433ed30 Thread added: 0x00000206a433ed30
Event: 0.052 Thread 0x00000206a434bcb0 Thread added: 0x00000206a434bcb0
Event: 0.076 Thread 0x00000206a85aa8b0 Thread added: 0x00000206a85aa8b0
Event: 0.084 Thread 0x00000206a85b2e70 Thread added: 0x00000206a85b2e70
Event: 0.089 Loaded shared library C:\Users\sande\OneDrive\Desktop\jdk-18.0.1.1\bin\net.dll
Event: 0.092 Loaded shared library C:\Users\sande\OneDrive\Desktop\jdk-18.0.1.1\bin\nio.dll
Event: 0.100 Loaded shared library C:\Users\sande\OneDrive\Desktop\jdk-18.0.1.1\bin\zip.dll
Event: 0.469 Loaded shared library C:\Users\sande\OneDrive\Desktop\jdk-18.0.1.1\bin\jimage.dll
Event: 0.514 Loaded shared library C:\Program Files\apache-maven-3.8.5\lib\jansi-native\Windows\x86_64\jansi.dll
Event: 0.571 Loaded shared library C:\Users\sande\OneDrive\Desktop\jdk-18.0.1.1\bin\verify.dll


Dynamic libraries:
0x00007ff766f90000 - 0x00007ff766fa0000 	C:\Users\sande\OneDrive\Desktop\jdk-18.0.1.1\bin\java.exe
0x00007ffbb2df0000 - 0x00007ffbb3007000 	C:\WINDOWS\SYSTEM32\ntdll.dll
0x00007ffbb1d20000 - 0x00007ffbb1de4000 	C:\WINDOWS\System32\KERNEL32.DLL
0x00007ffbb0240000 - 0x00007ffbb05ed000 	C:\WINDOWS\System32\KERNELBASE.dll
0x00007ffbb08b0000 - 0x00007ffbb09c1000 	C:\WINDOWS\System32\ucrtbase.dll
0x00007ffba4120000 - 0x00007ffba413a000 	C:\Users\sande\OneDrive\Desktop\jdk-18.0.1.1\bin\VCRUNTIME140.dll
0x00007ffb81290000 - 0x00007ffb812a8000 	C:\Users\sande\OneDrive\Desktop\jdk-18.0.1.1\bin\jli.dll
0x00007ffbb0ce0000 - 0x00007ffbb0d92000 	C:\WINDOWS\System32\ADVAPI32.dll
0x00007ffbb18a0000 - 0x00007ffbb1947000 	C:\WINDOWS\System32\msvcrt.dll
0x00007ffbb1fd0000 - 0x00007ffbb2079000 	C:\WINDOWS\System32\sechost.dll
0x00007ffbb07e0000 - 0x00007ffbb0808000 	C:\WINDOWS\System32\bcrypt.dll
0x00007ffbb1ea0000 - 0x00007ffbb1fb4000 	C:\WINDOWS\System32\RPCRT4.dll
0x00007ffbb19a0000 - 0x00007ffbb1b4e000 	C:\WINDOWS\System32\USER32.dll
0x00007ffbb0810000 - 0x00007ffbb0836000 	C:\WINDOWS\System32\win32u.dll
0x00007ffbb1950000 - 0x00007ffbb1979000 	C:\WINDOWS\System32\GDI32.dll
0x00007ffbb0120000 - 0x00007ffbb0239000 	C:\WINDOWS\System32\gdi32full.dll
0x00007ffbb0a90000 - 0x00007ffbb0b2a000 	C:\WINDOWS\System32\msvcp_win.dll
0x00007ffb94330000 - 0x00007ffb945c3000 	C:\WINDOWS\WinSxS\amd64_microsoft.windows.common-controls_6595b64144ccf1df_6.0.22621.3672_none_2713b9d173822955\COMCTL32.dll
0x00007ffbadc70000 - 0x00007ffbadc7a000 	C:\WINDOWS\SYSTEM32\VERSION.dll
0x00007ffbb1ce0000 - 0x00007ffbb1d11000 	C:\WINDOWS\System32\IMM32.DLL
0x00007ffbabea0000 - 0x00007ffbabeac000 	C:\Users\sande\OneDrive\Desktop\jdk-18.0.1.1\bin\vcruntime140_1.dll
0x00007ffb6bc10000 - 0x00007ffb6bc9d000 	C:\Users\sande\OneDrive\Desktop\jdk-18.0.1.1\bin\msvcp140.dll
0x00007ffb100e0000 - 0x00007ffb10cf0000 	C:\Users\sande\OneDrive\Desktop\jdk-18.0.1.1\bin\server\jvm.dll
0x00007ffbb1bd0000 - 0x00007ffbb1bd8000 	C:\WINDOWS\System32\PSAPI.DLL
0x00007ffb88b70000 - 0x00007ffb88b79000 	C:\WINDOWS\SYSTEM32\WSOCK32.dll
0x00007ffbabd90000 - 0x00007ffbabdc4000 	C:\WINDOWS\SYSTEM32\WINMM.dll
0x00007ffbb1df0000 - 0x00007ffbb1e61000 	C:\WINDOWS\System32\WS2_32.dll
0x00007ffbaf110000 - 0x00007ffbaf128000 	C:\WINDOWS\SYSTEM32\kernel.appcore.dll
0x00007ffbabe20000 - 0x00007ffbabe2a000 	C:\Users\sande\OneDrive\Desktop\jdk-18.0.1.1\bin\jimage.dll
0x00007ffba8930000 - 0x00007ffba8b62000 	C:\WINDOWS\SYSTEM32\DBGHELP.DLL
0x00007ffbb2080000 - 0x00007ffbb2408000 	C:\WINDOWS\System32\combase.dll
0x00007ffbb2410000 - 0x00007ffbb24e7000 	C:\WINDOWS\System32\OLEAUT32.dll
0x00007ffb94830000 - 0x00007ffb94862000 	C:\WINDOWS\SYSTEM32\dbgcore.DLL
0x00007ffbb05f0000 - 0x00007ffbb066b000 	C:\WINDOWS\System32\bcryptPrimitives.dll
0x00007ffb80d00000 - 0x00007ffb80d25000 	C:\Users\sande\OneDrive\Desktop\jdk-18.0.1.1\bin\java.dll
0x00007ffb59390000 - 0x00007ffb59466000 	C:\Users\sande\OneDrive\Desktop\jdk-18.0.1.1\bin\jsvml.dll
0x00007ffbb0f60000 - 0x00007ffbb17bf000 	C:\WINDOWS\System32\SHELL32.dll
0x00007ffbae020000 - 0x00007ffbae91c000 	C:\WINDOWS\SYSTEM32\windows.storage.dll
0x00007ffbadee0000 - 0x00007ffbae01f000 	C:\WINDOWS\SYSTEM32\wintypes.dll
0x00007ffbb1be0000 - 0x00007ffbb1cd4000 	C:\WINDOWS\System32\SHCORE.dll
0x00007ffbb2610000 - 0x00007ffbb266e000 	C:\WINDOWS\System32\shlwapi.dll
0x00007ffbb0050000 - 0x00007ffbb0071000 	C:\WINDOWS\SYSTEM32\profapi.dll
0x00007ffb80ce0000 - 0x00007ffb80cf3000 	C:\Users\sande\OneDrive\Desktop\jdk-18.0.1.1\bin\net.dll
0x00007ffbabc50000 - 0x00007ffbabd86000 	C:\WINDOWS\SYSTEM32\WINHTTP.dll
0x00007ffbaf580000 - 0x00007ffbaf5e9000 	C:\WINDOWS\system32\mswsock.dll
0x00007ffb79410000 - 0x00007ffb79426000 	C:\Users\sande\OneDrive\Desktop\jdk-18.0.1.1\bin\nio.dll
0x00007ffb793f0000 - 0x00007ffb79408000 	C:\Users\sande\OneDrive\Desktop\jdk-18.0.1.1\bin\zip.dll
0x0000000069ac0000 - 0x0000000069ae4000 	C:\Program Files\apache-maven-3.8.5\lib\jansi-native\Windows\x86_64\jansi.dll
0x00007ffb81230000 - 0x00007ffb81240000 	C:\Users\sande\OneDrive\Desktop\jdk-18.0.1.1\bin\verify.dll
0x00007ffbaf130000 - 0x00007ffbaf164000 	C:\WINDOWS\SYSTEM32\ntmarta.dll

dbghelp: loaded successfully - version: 4.0.5 - missing functions: none
symbol engine: initialized successfully - sym options: 0x614 - pdb path: .;C:\Users\sande\OneDrive\Desktop\jdk-18.0.1.1\bin;C:\WINDOWS\SYSTEM32;C:\WINDOWS\WinSxS\amd64_microsoft.windows.common-controls_6595b64144ccf1df_6.0.22621.3672_none_2713b9d173822955;C:\Users\sande\OneDrive\Desktop\jdk-18.0.1.1\bin\server;C:\Program Files\apache-maven-3.8.5\lib\jansi-native\Windows\x86_64

VM Arguments:
jvm_args: -Dclassworlds.conf=C:\Program Files\apache-maven-3.8.5\bin\m2.conf -Dmaven.home=C:\Program Files\apache-maven-3.8.5 -Dlibrary.jansi.path=C:\Program Files\apache-maven-3.8.5\lib\jansi-native -Dmaven.multiModuleProjectDirectory=C:\Users\sande\Downloads\demo 
java_command: org.codehaus.plexus.classworlds.launcher.Launcher clean package
java_class_path (initial): C:\Program Files\apache-maven-3.8.5\boot\plexus-classworlds-2.6.0.jar
Launcher Type: SUN_STANDARD

[Global flags]
     intx CICompilerCount                          = 3                                         {product} {ergonomic}
     uint ConcGCThreads                            = 1                                         {product} {ergonomic}
     uint G1ConcRefinementThreads                  = 4                                         {product} {ergonomic}
   size_t G1HeapRegionSize                         = 1048576                                   {product} {ergonomic}
    uintx GCDrainStackTargetSize                   = 64                                        {product} {ergonomic}
   size_t InitialHeapSize                          = 58720256                                  {product} {ergonomic}
   size_t MarkStackSize                            = 4194304                                   {product} {ergonomic}
   size_t MaxHeapSize                              = 918552576                                 {product} {ergonomic}
   size_t MaxNewSize                               = 550502400                                 {product} {ergonomic}
   size_t MinHeapDeltaBytes                        = 1048576                                   {product} {ergonomic}
   size_t MinHeapSize                              = 8388608                                   {product} {ergonomic}
    uintx NonNMethodCodeHeapSize                   = 5832780                                {pd product} {ergonomic}
    uintx NonProfiledCodeHeapSize                  = 122912730                              {pd product} {ergonomic}
    uintx ProfiledCodeHeapSize                     = 122912730                              {pd product} {ergonomic}
    uintx ReservedCodeCacheSize                    = 251658240                              {pd product} {ergonomic}
     bool SegmentedCodeCache                       = true                                      {product} {ergonomic}
   size_t SoftMaxHeapSize                          = 918552576                              {manageable} {ergonomic}
     bool UseCompressedClassPointers               = true                           {product lp64_product} {ergonomic}
     bool UseCompressedOops                        = true                           {product lp64_product} {ergonomic}
     bool UseG1GC                                  = true                                      {product} {ergonomic}
     bool UseLargePagesIndividualAllocation        = false                                  {pd product} {ergonomic}

Logging:
Log output configuration:
 #0: stdout all=warning uptime,level,tags foldmultilines=false
 #1: stderr all=off uptime,level,tags foldmultilines=false

Environment Variables:
JAVA_HOME=C:\Users\sande\OneDrive\Desktop\jdk-18.0.1.1
PATH=C:\Python312\Scripts\;C:\Python312\;C:\Python311\Scripts\;C:\Python311\;C:\ProgramData\Oracle\Java\javapath;C:\Users\sande\OneDrive\Desktop\19c\WINDOWS.X64_193000_db_home\bin;C:\app\sande\product\21c\dbhomeXE\bin;C:\Program Files (x86)\Common Files\Oracle\Java\javapath;C:\Python310\Scripts\;C:\Python310\;C:\Users\sande\OneDrive\Desktop\Apache;C:\WINDOWS;C:\WINDOWS\System32\Wbem;C:\WINDOWS\System32\WindowsPowerShell\v1.0\;C:\WINDOWS\System32\OpenSSH\;C:\Program Files\apache-maven-3.8.5\bin;C:\Users\sande\AppData\Local\Programs\Microsoft VS Code\bin;C:\ProgramData\chocolatey\bin;C:\Users\sande\OneDrive\Desktop\jdk-18.0.1.1;C:\Users\sande\Downloads\spring-tool-suite-4-4.17.1.RELEASE-e4.26.0-win32.win32.x86_64.self-extracting\META-INF\maven\org.springframework.ide\self-extracting-jar-creator;C:\Users\sande\OneDrive\Desktop\jdk-9.0.4_windows-x64_bin;C:\Users\sande\OneDrive\Desktop\jdk-8u202-windows-i586;%JAVA_HOME%\bin;C:\Python\Python36-32\Scripts;C:\Python27;"C:\Python27;C:\Python27\Scripts\";C:\WINDOWS\system32;C:\Users\sande\AppData\Roaming\nvm;C:\Program Files\nodejs;C:\Program Files\nodejs\node_modules\npm\bin;C:\Program Files\nodejs\;C:\Program Files\HP\HP One Agent;C:\Program Files\Git\cmd;C:\Program Files\Heroku\bin;C:\Users\sande\AppData\Local\Android\Sdk\platform-tools;C:\Users\sande\AppData\Local\Android\Sdk\tools;C:\Users\sande\AppData\Microsoft\WindowsApps;C:\Users\sande\AppData\Local\Programs\Microsoft VS Code\bin;C:\Users\sande\OneDrive\Desktop\jdk-8u202-windows-i586;C:\Users\sande\OneDrive\Desktop\apache-maven-3.8.5;C:\Users\sande\OneDrive\Desktop\jdk-18.0.1.1;C:\Users\sande\OneDrive\Desktop\jdk-9.0.4_windows-x64_bin;C:\Users\sande\OneDrive\Desktop\jdk-18.0.1.1\bin;C:\Python310\Scripts\;C:\Python310\;C:\Python\Python36-32\Scripts;C:\Users\sande\AppData\Local\npm-cache_npx;C:\Users\sande\AppData\Local\Microsoft\WindowsApps;C:\Users\sande\AppData\Roaming\nvm;C:\Program Files\nodejs;C:\Users\sande\AppData\Roaming\npm;
USERNAME=sande
OS=Windows_NT
PROCESSOR_IDENTIFIER=AMD64 Family 23 Model 24 Stepping 1, AuthenticAMD



---------------  S Y S T E M  ---------------

OS:
 Windows 11 , 64 bit Build 22621 (10.0.22621.3672)
OS uptime: 0 days 11:43 hours
Hyper-V role detected

CPU: total 4 (initial active 4) (4 cores per cpu, 2 threads per core) family 23 model 24 stepping 1 microcode 0x0, cx8, cmov, fxsr, ht, mmx, 3dnowpref, sse, sse2, sse3, ssse3, sse4a, sse4.1, sse4.2, popcnt, lzcnt, tsc, tscinvbit, avx, avx2, aes, clmul, bmi1, bmi2, adx, sha, fma, vzeroupper, clflush, clflushopt, hv

Memory: 4k page, system-wide physical 3499M (212M free)
TotalPageFile size 14251M (AvailPageFile size 39M)
current process WorkingSet (physical memory assigned to process): 196M, peak: 202M
current process commit charge ("private bytes"): 221M, peak: 319M

vm_info: Java HotSpot(TM) 64-Bit Server VM (18.0.1.1+2-6) for windows-amd64 JRE (18.0.1.1+2-6), built on Apr 25 2022 21:53:15 by "mach5one" with MS VC++ 16.8 / 16.9 (VS2019)

END.
